#
# There is insufficient memory for the Java Runtime Environment to continue.
# Native memory allocation (malloc) failed to allocate 131088 bytes for Chunk::new
# Possible reasons:
#   The system is out of physical RAM or swap space
#   In 32 bit mode, the process size limit was hit
# Possible solutions:
#   Reduce memory load on the system
#   Increase physical memory or swap space
#   Check if swap backing store is full
#   Use 64 bit Java on a 64 bit OS
#   Decrease Java heap size (-Xmx/-Xms)
#   Decrease number of Java threads
#   Decrease Java thread stack sizes (-Xss)
#   Set larger code cache with -XX:ReservedCodeCacheSize=
# This output file may be truncated or incomplete.
#
#  Out of Memory Error (allocation.cpp:390), pid=11708, tid=10740
#
# JRE version: Java(TM) SE Runtime Environment (8.0_31-b13) (build 1.8.0_31-b13)
# Java VM: Java HotSpot(TM) 64-Bit Server VM (25.31-b07 mixed mode windows-amd64 compressed oops)
# Failed to write core dump. Minidumps are not enabled by default on client versions of Windows
#

---------------  T H R E A D  ---------------

Current thread (0x0000000017b6a000):  JavaThread "C2 CompilerThread2" daemon [_thread_in_native, id=10740, stack(0x00000000182e0000,0x00000000183e0000)]

Stack: [0x00000000182e0000,0x00000000183e0000]
Native frames: (J=compiled Java code, j=interpreted, Vv=VM code, C=native code)
V  [jvm.dll+0x3169ba]
V  [jvm.dll+0x2674c3]
V  [jvm.dll+0x268103]
V  [jvm.dll+0x25f8f5]
V  [jvm.dll+0xbf025]
V  [jvm.dll+0xbf4cc]
V  [jvm.dll+0xbf774]
V  [jvm.dll+0x4cfb00]
V  [jvm.dll+0x4a83ee]
V  [jvm.dll+0x4a97f3]
V  [jvm.dll+0x4a9ac1]
V  [jvm.dll+0x4aa1a0]
V  [jvm.dll+0x4aa39f]
V  [jvm.dll+0x4aa3b3]
V  [jvm.dll+0x4aa3b3]
V  [jvm.dll+0x4aa3b3]
V  [jvm.dll+0x4aa3b3]
V  [jvm.dll+0x4aa3b3]
V  [jvm.dll+0x4aa3b3]
V  [jvm.dll+0x4aa3b3]
V  [jvm.dll+0x4aa3b3]
V  [jvm.dll+0x4aa3b3]
V  [jvm.dll+0x4aa3b3]
V  [jvm.dll+0x4aa3b3]
V  [jvm.dll+0x4aa3b3]
V  [jvm.dll+0x4aa3b3]
V  [jvm.dll+0x4aa3b3]
V  [jvm.dll+0x4aa3b3]
V  [jvm.dll+0x4aa3b3]
V  [jvm.dll+0x4aa3b3]
V  [jvm.dll+0x4aa3b3]
V  [jvm.dll+0x4aa366]
V  [jvm.dll+0x49f771]
V  [jvm.dll+0x452f28]
V  [jvm.dll+0x454124]
V  [jvm.dll+0x437c62]
V  [jvm.dll+0x988e2]
V  [jvm.dll+0x990d3]
V  [jvm.dll+0x22c194]
V  [jvm.dll+0x28576a]
C  [msvcr100.dll+0x21d9f]
C  [msvcr100.dll+0x21e3b]
C  [KERNEL32.DLL+0x8364]
C  [ntdll.dll+0x65e91]


Current CompileTask:
C2:  18661 10744   !   4       java.nio.file.FileTreeWalker::next (144 bytes)


---------------  P R O C E S S  ---------------

Java Threads: ( => current thread )
  0x000000001d5fc000 JavaThread "Forward streams with process: command 'C:\Program Files\Java\jdk1.8.0_31\bin\java.exe' Thread 3" [_thread_in_native, id=12456, stack(0x0000000028320000,0x0000000028420000)]
  0x000000001d5fb800 JavaThread "Forward streams with process: command 'C:\Program Files\Java\jdk1.8.0_31\bin\java.exe' Thread 2" [_thread_in_native, id=2988, stack(0x0000000028220000,0x0000000028320000)]
  0x000000001d5f7000 JavaThread "Forward streams with process: command 'C:\Program Files\Java\jdk1.8.0_31\bin\java.exe'" [_thread_blocked, id=7384, stack(0x0000000028120000,0x0000000028220000)]
  0x000000001c599000 JavaThread "Run command 'C:\Program Files\Java\jdk1.8.0_31\bin\java.exe'" [_thread_in_native, id=2752, stack(0x0000000027120000,0x0000000027220000)]
  0x000000001c59f800 JavaThread "pool-9-thread-2" [_thread_blocked, id=6192, stack(0x0000000026f20000,0x0000000027020000)]
  0x000000001c59b800 JavaThread "pool-9-thread-3" [_thread_blocked, id=9148, stack(0x0000000026e20000,0x0000000026f20000)]
  0x000000001c59e800 JavaThread "pool-9-thread-4" [_thread_in_native, id=13244, stack(0x0000000026d20000,0x0000000026e20000)]
  0x000000001c59d000 JavaThread "pool-9-thread-1" [_thread_in_vm, id=11976, stack(0x0000000026c20000,0x0000000026d20000)]
  0x000000001c59e000 JavaThread "pool-3-thread-8" [_thread_in_native, id=14160, stack(0x0000000022c40000,0x0000000022d40000)]
  0x000000001c59a800 JavaThread "pool-3-thread-7" [_thread_blocked, id=5688, stack(0x0000000022b40000,0x0000000022c40000)]
  0x000000001c59a000 JavaThread "pool-3-thread-6" [_thread_in_Java, id=5392, stack(0x0000000022a40000,0x0000000022b40000)]
  0x000000001d7ae000 JavaThread "pool-3-thread-5" [_thread_blocked, id=9636, stack(0x0000000022940000,0x0000000022a40000)]
  0x000000001d7ad800 JavaThread "pool-3-thread-4" [_thread_blocked, id=12452, stack(0x0000000022840000,0x0000000022940000)]
  0x000000001d7ac800 JavaThread "pool-3-thread-3" [_thread_in_native, id=4764, stack(0x0000000022740000,0x0000000022840000)]
  0x000000001d7a9000 JavaThread "pool-3-thread-2" [_thread_blocked, id=13968, stack(0x0000000021390000,0x0000000021490000)]
  0x000000001d7ac000 JavaThread "pool-3-thread-1" [_thread_blocked, id=4692, stack(0x000000001fe30000,0x000000001ff30000)]
  0x000000001d7a8000 JavaThread "pool-2-thread-1" [_thread_blocked, id=6972, stack(0x000000001e6c0000,0x000000001e7c0000)]
  0x000000001d7a9800 JavaThread "File lock request listener" [_thread_in_native, id=13196, stack(0x000000001d100000,0x000000001d200000)]
  0x000000001985a800 JavaThread "Stdin handler" [_thread_blocked, id=4780, stack(0x000000001a960000,0x000000001aa60000)]
  0x000000001984d800 JavaThread "Asynchronous log dispatcher for org.gradle.launcher.daemon.server.DefaultDaemonConnection@3dd54c71" [_thread_blocked, id=13732, stack(0x000000001a860000,0x000000001a960000)]
  0x0000000019909000 JavaThread "Daemon worker" [_thread_in_vm, id=14268, stack(0x000000001a760000,0x000000001a860000)]
  0x000000001985e000 JavaThread "Cancel handler" [_thread_blocked, id=8364, stack(0x000000001a660000,0x000000001a760000)]
  0x000000001990d800 JavaThread "Handler for socket connection from /127.0.0.1:9248 to /127.0.0.1:9249" [_thread_in_native, id=14212, stack(0x000000001a560000,0x000000001a660000)]
  0x0000000019900800 JavaThread "Daemon" [_thread_blocked, id=3408, stack(0x000000001a460000,0x000000001a560000)]
  0x000000001974f000 JavaThread "Incoming local TCP Connector on port 9248" [_thread_in_native, id=6124, stack(0x000000001a030000,0x000000001a130000)]
  0x000000001955f000 JavaThread "pool-1-thread-1" [_thread_blocked, id=200, stack(0x0000000018f20000,0x0000000019020000)]
  0x0000000017c07000 JavaThread "Service Thread" daemon [_thread_blocked, id=8620, stack(0x00000000184e0000,0x00000000185e0000)]
  0x0000000017b76000 JavaThread "C1 CompilerThread3" daemon [_thread_in_vm, id=10952, stack(0x00000000183e0000,0x00000000184e0000)]
=>0x0000000017b6a000 JavaThread "C2 CompilerThread2" daemon [_thread_in_native, id=10740, stack(0x00000000182e0000,0x00000000183e0000)]
  0x0000000017b68000 JavaThread "C2 CompilerThread1" daemon [_thread_in_native, id=8988, stack(0x00000000181e0000,0x00000000182e0000)]
  0x0000000017b66000 JavaThread "C2 CompilerThread0" daemon [_thread_blocked, id=2584, stack(0x00000000180e0000,0x00000000181e0000)]
  0x0000000017b64800 JavaThread "Attach Listener" daemon [_thread_blocked, id=13004, stack(0x0000000017fe0000,0x00000000180e0000)]
  0x0000000017b19000 JavaThread "Signal Dispatcher" daemon [_thread_blocked, id=11644, stack(0x0000000017ee0000,0x0000000017fe0000)]
  0x0000000002fda000 JavaThread "Finalizer" daemon [_thread_blocked, id=9096, stack(0x00000000179e0000,0x0000000017ae0000)]
  0x0000000015afc000 JavaThread "Reference Handler" daemon [_thread_blocked, id=9716, stack(0x00000000178e0000,0x00000000179e0000)]
  0x0000000002dde000 JavaThread "main" [_thread_blocked, id=11016, stack(0x0000000002de0000,0x0000000002ee0000)]

Other Threads:
  0x0000000015af8000 VMThread [stack: 0x00000000177e0000,0x00000000178e0000] [id=12084]
  0x0000000017c08000 WatcherThread [stack: 0x00000000185e0000,0x00000000186e0000] [id=9144]

VM state:synchronizing (normal execution)

VM Mutex/Monitor currently owned by a thread:  ([mutex/lock_event])
[0x0000000002ddd370] Threads_lock - owner thread: 0x0000000015af8000

Heap:
 PSYoungGen      total 185856K, used 130909K [0x00000000eab00000, 0x00000000f9280000, 0x0000000100000000)
  eden space 155648K, 80% used [0x00000000eab00000,0x00000000f24b7558,0x00000000f4300000)
  from space 30208K, 20% used [0x00000000f6000000,0x00000000f6620000,0x00000000f7d80000)
  to   space 29696K, 0% used [0x00000000f4300000,0x00000000f4300000,0x00000000f6000000)
 ParOldGen       total 166400K, used 44487K [0x00000000c0000000, 0x00000000ca280000, 0x00000000eab00000)
  object space 166400K, 26% used [0x00000000c0000000,0x00000000c2b71c18,0x00000000ca280000)
 Metaspace       used 60836K, capacity 62542K, committed 62848K, reserved 1103872K
  class space    used 8152K, capacity 8493K, committed 8576K, reserved 1048576K

Card table byte_map: [0x00000000123a0000,0x00000000125b0000] byte_map_base: 0x0000000011da0000

Marking Bits: (ParMarkBitMap*) 0x000000006a96d4f0
 Begin Bits: [0x0000000012f10000, 0x0000000013f10000)
 End Bits:   [0x0000000013f10000, 0x0000000014f10000)

Polling page: 0x0000000002d30000

CodeCache: size=245760Kb used=31045Kb max_used=31064Kb free=214714Kb
 bounds [0x0000000002fe0000, 0x0000000004e60000, 0x0000000011fe0000]
 total_blobs=10132 nmethods=9394 adapters=650
 compilation: enabled

Compilation events (10 events):
Event: 18.563 Thread 0x0000000017b76000 10783       3       java.lang.ProcessEnvironment::access$300 (4 bytes)
Event: 18.563 Thread 0x0000000017b76000 nmethod 10783 0x0000000004e43c10 code [0x0000000004e43d60, 0x0000000004e43e90]
Event: 18.565 Thread 0x0000000017b76000 10784       3       java.util.concurrent.locks.LockSupport::park (23 bytes)
Event: 18.566 Thread 0x0000000017b76000 nmethod 10784 0x0000000004e4d7d0 code [0x0000000004e4d940, 0x0000000004e4dc88]
Event: 18.575 Thread 0x0000000017b76000 10785       1       java.lang.Thread::isDaemon (5 bytes)
Event: 18.588 Thread 0x0000000017b76000 nmethod 10785 0x0000000004e4d510 code [0x0000000004e4d660, 0x0000000004e4d770]
Event: 18.589 Thread 0x0000000017b76000 10787       3       java.util.concurrent.SynchronousQueue$TransferStack::shouldSpin (30 bytes)
Event: 18.590 Thread 0x0000000017b76000 nmethod 10787 0x0000000003143310 code [0x0000000003143480, 0x0000000003143770]
Event: 18.591 Thread 0x0000000017b76000 10786       1       java.lang.Thread::getPriority (5 bytes)
Event: 18.591 Thread 0x0000000017b76000 nmethod 10786 0x00000000031f5690 code [0x00000000031f57e0, 0x00000000031f58f0]

GC Heap History (10 events):
Event: 13.957 GC heap before
{Heap before GC invocations=17 (full 2):
 PSYoungGen      total 129536K, used 129522K [0x00000000eab00000, 0x00000000f4380000, 0x0000000100000000)
  eden space 112640K, 100% used [0x00000000eab00000,0x00000000f1900000,0x00000000f1900000)
  from space 16896K, 99% used [0x00000000f2d00000,0x00000000f3d7ca40,0x00000000f3d80000)
  to   space 20480K, 0% used [0x00000000f1900000,0x00000000f1900000,0x00000000f2d00000)
 ParOldGen       total 104960K, used 25151K [0x00000000c0000000, 0x00000000c6680000, 0x00000000eab00000)
  object space 104960K, 23% used [0x00000000c0000000,0x00000000c188fe40,0x00000000c6680000)
 Metaspace       used 56261K, capacity 57740K, committed 57984K, reserved 1099776K
  class space    used 7635K, capacity 7938K, committed 8064K, reserved 1048576K
Event: 14.001 GC heap after
Heap after GC invocations=17 (full 2):
 PSYoungGen      total 133120K, used 20459K [0x00000000eab00000, 0x00000000f6680000, 0x0000000100000000)
  eden space 112640K, 0% used [0x00000000eab00000,0x00000000eab00000,0x00000000f1900000)
  from space 20480K, 99% used [0x00000000f1900000,0x00000000f2cfae58,0x00000000f2d00000)
  to   space 26112K, 0% used [0x00000000f4d00000,0x00000000f4d00000,0x00000000f6680000)
 ParOldGen       total 104960K, used 32240K [0x00000000c0000000, 0x00000000c6680000, 0x00000000eab00000)
  object space 104960K, 30% used [0x00000000c0000000,0x00000000c1f7c1c8,0x00000000c6680000)
 Metaspace       used 56261K, capacity 57740K, committed 57984K, reserved 1099776K
  class space    used 7635K, capacity 7938K, committed 8064K, reserved 1048576K
}
Event: 14.784 GC heap before
{Heap before GC invocations=18 (full 2):
 PSYoungGen      total 133120K, used 49092K [0x00000000eab00000, 0x00000000f6680000, 0x0000000100000000)
  eden space 112640K, 25% used [0x00000000eab00000,0x00000000ec6f6328,0x00000000f1900000)
  from space 20480K, 99% used [0x00000000f1900000,0x00000000f2cfae58,0x00000000f2d00000)
  to   space 26112K, 0% used [0x00000000f4d00000,0x00000000f4d00000,0x00000000f6680000)
 ParOldGen       total 104960K, used 32240K [0x00000000c0000000, 0x00000000c6680000, 0x00000000eab00000)
  object space 104960K, 30% used [0x00000000c0000000,0x00000000c1f7c1c8,0x00000000c6680000)
 Metaspace       used 57505K, capacity 58988K, committed 59096K, reserved 1099776K
  class space    used 7730K, capacity 8034K, committed 8064K, reserved 1048576K
Event: 14.803 GC heap after
Heap after GC invocations=18 (full 2):
 PSYoungGen      total 160768K, used 26084K [0x00000000eab00000, 0x00000000f7280000, 0x0000000100000000)
  eden space 134656K, 0% used [0x00000000eab00000,0x00000000eab00000,0x00000000f2e80000)
  from space 26112K, 99% used [0x00000000f4d00000,0x00000000f6679258,0x00000000f6680000)
  to   space 31232K, 0% used [0x00000000f2e80000,0x00000000f2e80000,0x00000000f4d00000)
 ParOldGen       total 104960K, used 35029K [0x00000000c0000000, 0x00000000c6680000, 0x00000000eab00000)
  object space 104960K, 33% used [0x00000000c0000000,0x00000000c2235510,0x00000000c6680000)
 Metaspace       used 57505K, capacity 58988K, committed 59096K, reserved 1099776K
  class space    used 7730K, capacity 8034K, committed 8064K, reserved 1048576K
}
Event: 14.803 GC heap before
{Heap before GC invocations=19 (full 3):
 PSYoungGen      total 160768K, used 26084K [0x00000000eab00000, 0x00000000f7280000, 0x0000000100000000)
  eden space 134656K, 0% used [0x00000000eab00000,0x00000000eab00000,0x00000000f2e80000)
  from space 26112K, 99% used [0x00000000f4d00000,0x00000000f6679258,0x00000000f6680000)
  to   space 31232K, 0% used [0x00000000f2e80000,0x00000000f2e80000,0x00000000f4d00000)
 ParOldGen       total 104960K, used 35029K [0x00000000c0000000, 0x00000000c6680000, 0x00000000eab00000)
  object space 104960K, 33% used [0x00000000c0000000,0x00000000c2235510,0x00000000c6680000)
 Metaspace       used 57505K, capacity 58988K, committed 59096K, reserved 1099776K
  class space    used 7730K, capacity 8034K, committed 8064K, reserved 1048576K
Event: 15.043 GC heap after
Heap after GC invocations=19 (full 3):
 PSYoungGen      total 160768K, used 0K [0x00000000eab00000, 0x00000000f7280000, 0x0000000100000000)
  eden space 134656K, 0% used [0x00000000eab00000,0x00000000eab00000,0x00000000f2e80000)
  from space 26112K, 0% used [0x00000000f4d00000,0x00000000f4d00000,0x00000000f6680000)
  to   space 31232K, 0% used [0x00000000f2e80000,0x00000000f2e80000,0x00000000f4d00000)
 ParOldGen       total 166400K, used 44471K [0x00000000c0000000, 0x00000000ca280000, 0x00000000eab00000)
  object space 166400K, 26% used [0x00000000c0000000,0x00000000c2b6dc18,0x00000000ca280000)
 Metaspace       used 57464K, capacity 58900K, committed 59096K, reserved 1099776K
  class space    used 7713K, capacity 8008K, committed 8064K, reserved 1048576K
}
Event: 16.178 GC heap before
{Heap before GC invocations=20 (full 3):
 PSYoungGen      total 160768K, used 134442K [0x00000000eab00000, 0x00000000f7280000, 0x0000000100000000)
  eden space 134656K, 99% used [0x00000000eab00000,0x00000000f2e4aaa8,0x00000000f2e80000)
  from space 26112K, 0% used [0x00000000f4d00000,0x00000000f4d00000,0x00000000f6680000)
  to   space 31232K, 0% used [0x00000000f2e80000,0x00000000f2e80000,0x00000000f4d00000)
 ParOldGen       total 166400K, used 44471K [0x00000000c0000000, 0x00000000ca280000, 0x00000000eab00000)
  object space 166400K, 26% used [0x00000000c0000000,0x00000000c2b6dc18,0x00000000ca280000)
 Metaspace       used 58840K, capacity 60472K, committed 60800K, reserved 1101824K
  class space    used 7873K, capacity 8224K, committed 8320K, reserved 1048576K
Event: 16.184 GC heap after
Heap after GC invocations=20 (full 3):
 PSYoungGen      total 165888K, used 7350K [0x00000000eab00000, 0x00000000f7d80000, 0x0000000100000000)
  eden space 134656K, 0% used [0x00000000eab00000,0x00000000eab00000,0x00000000f2e80000)
  from space 31232K, 23% used [0x00000000f2e80000,0x00000000f35ad928,0x00000000f4d00000)
  to   space 30208K, 0% used [0x00000000f6000000,0x00000000f6000000,0x00000000f7d80000)
 ParOldGen       total 166400K, used 44479K [0x00000000c0000000, 0x00000000ca280000, 0x00000000eab00000)
  object space 166400K, 26% used [0x00000000c0000000,0x00000000c2b6fc18,0x00000000ca280000)
 Metaspace       used 58840K, capacity 60472K, committed 60800K, reserved 1101824K
  class space    used 7873K, capacity 8224K, committed 8320K, reserved 1048576K
}
Event: 16.196 GC heap before
{Heap before GC invocations=21 (full 3):
 PSYoungGen      total 165888K, used 141289K [0x00000000eab00000, 0x00000000f7d80000, 0x0000000100000000)
  eden space 134656K, 99% used [0x00000000eab00000,0x00000000f2dccbd0,0x00000000f2e80000)
  from space 31232K, 23% used [0x00000000f2e80000,0x00000000f35ad928,0x00000000f4d00000)
  to   space 30208K, 0% used [0x00000000f6000000,0x00000000f6000000,0x00000000f7d80000)
 ParOldGen       total 166400K, used 44479K [0x00000000c0000000, 0x00000000ca280000, 0x00000000eab00000)
  object space 166400K, 26% used [0x00000000c0000000,0x00000000c2b6fc18,0x00000000ca280000)
 Metaspace       used 58844K, capacity 60472K, committed 60800K, reserved 1101824K
  class space    used 7873K, capacity 8224K, committed 8320K, reserved 1048576K
Event: 16.201 GC heap after
Heap after GC invocations=21 (full 3):
 PSYoungGen      total 185856K, used 6272K [0x00000000eab00000, 0x00000000f9280000, 0x0000000100000000)
  eden space 155648K, 0% used [0x00000000eab00000,0x00000000eab00000,0x00000000f4300000)
  from space 30208K, 20% used [0x00000000f6000000,0x00000000f6620000,0x00000000f7d80000)
  to   space 29696K, 0% used [0x00000000f4300000,0x00000000f4300000,0x00000000f6000000)
 ParOldGen       total 166400K, used 44487K [0x00000000c0000000, 0x00000000ca280000, 0x00000000eab00000)
  object space 166400K, 26% used [0x00000000c0000000,0x00000000c2b71c18,0x00000000ca280000)
 Metaspace       used 58844K, capacity 60472K, committed 60800K, reserved 1101824K
  class space    used 7873K, capacity 8224K, committed 8320K, reserved 1048576K
}

Deoptimization events (10 events):
Event: 16.935 Thread 0x0000000019909000 Uncommon trap: reason=bimorphic action=maybe_recompile pc=0x0000000004baf374 method=com.google.common.base.Objects.equal(Ljava/lang/Object;Ljava/lang/Object;)Z @ 11
Event: 17.204 Thread 0x0000000019909000 Uncommon trap: reason=unloaded action=reinterpret pc=0x0000000004ca95fc method=org.objectweb.asm.ClassReader.readConst(I[C)Ljava/lang/Object; @ 140
Event: 17.235 Thread 0x0000000019909000 Uncommon trap: reason=speculate_class_check action=maybe_recompile pc=0x0000000004cc7be8 method=org.objectweb.asm.commons.LocalVariablesSorter.remap(ILorg/objectweb/asm/Type;)I @ 96
Event: 17.246 Thread 0x0000000019909000 Uncommon trap: reason=speculate_class_check action=maybe_recompile pc=0x0000000004cc7be8 method=org.objectweb.asm.commons.LocalVariablesSorter.remap(ILorg/objectweb/asm/Type;)I @ 96
Event: 17.259 Thread 0x0000000019909000 Uncommon trap: reason=speculate_class_check action=maybe_recompile pc=0x0000000004cc7be8 method=org.objectweb.asm.commons.LocalVariablesSorter.remap(ILorg/objectweb/asm/Type;)I @ 96
Event: 17.263 Thread 0x0000000019909000 Uncommon trap: reason=speculate_class_check action=maybe_recompile pc=0x0000000004cc7be8 method=org.objectweb.asm.commons.LocalVariablesSorter.remap(ILorg/objectweb/asm/Type;)I @ 96
Event: 18.535 Thread 0x0000000019909000 Uncommon trap: reason=bimorphic action=maybe_recompile pc=0x00000000040acef0 method=java.util.AbstractList$Itr.next()Ljava/lang/Object; @ 14
Event: 18.535 Thread 0x0000000019909000 Uncommon trap: reason=bimorphic action=maybe_recompile pc=0x00000000040acef0 method=java.util.AbstractList$Itr.next()Ljava/lang/Object; @ 14
Event: 18.535 Thread 0x0000000019909000 Uncommon trap: reason=bimorphic action=maybe_recompile pc=0x00000000040acef0 method=java.util.AbstractList$Itr.next()Ljava/lang/Object; @ 14
Event: 18.535 Thread 0x0000000019909000 Uncommon trap: reason=bimorphic action=maybe_recompile pc=0x00000000040acef0 method=java.util.AbstractList$Itr.next()Ljava/lang/Object; @ 14

Internal exceptions (10 events):
Event: 18.553 Thread 0x000000001c59d000 Exception <a 'java/security/PrivilegedActionException'> (0x00000000f188c030) thrown at [C:\workspace\8-2-build-windows-amd64-cygwin\jdk8u31\2394\hotspot\src\share\vm\prims\jvm.cpp, line 1312]
Event: 18.554 Thread 0x000000001c59e800 Exception <a 'java/security/PrivilegedActionException'> (0x00000000f1927c40) thrown at [C:\workspace\8-2-build-windows-amd64-cygwin\jdk8u31\2394\hotspot\src\share\vm\prims\jvm.cpp, line 1312]
Event: 18.555 Thread 0x000000001c59f800 Exception <a 'java/security/PrivilegedActionException'> (0x00000000f1a5f018) thrown at [C:\workspace\8-2-build-windows-amd64-cygwin\jdk8u31\2394\hotspot\src\share\vm\prims\jvm.cpp, line 1312]
Event: 18.556 Thread 0x000000001c59b800 Exception <a 'java/security/PrivilegedActionException'> (0x00000000f19c3ad8) thrown at [C:\workspace\8-2-build-windows-amd64-cygwin\jdk8u31\2394\hotspot\src\share\vm\prims\jvm.cpp, line 1312]
Event: 18.556 Thread 0x000000001c59e800 Exception <a 'java/security/PrivilegedActionException'> (0x00000000f1930230) thrown at [C:\workspace\8-2-build-windows-amd64-cygwin\jdk8u31\2394\hotspot\src\share\vm\prims\jvm.cpp, line 1312]
Event: 18.556 Thread 0x000000001c59e800 Exception <a 'java/security/PrivilegedActionException'> (0x00000000f1934980) thrown at [C:\workspace\8-2-build-windows-amd64-cygwin\jdk8u31\2394\hotspot\src\share\vm\prims\jvm.cpp, line 1312]
Event: 18.557 Thread 0x000000001c59e800 Exception <a 'java/security/PrivilegedActionException'> (0x00000000f1935130) thrown at [C:\workspace\8-2-build-windows-amd64-cygwin\jdk8u31\2394\hotspot\src\share\vm\prims\jvm.cpp, line 1312]
Event: 18.557 Thread 0x000000001c59e800 Exception <a 'java/security/PrivilegedActionException'> (0x00000000f1937b70) thrown at [C:\workspace\8-2-build-windows-amd64-cygwin\jdk8u31\2394\hotspot\src\share\vm\prims\jvm.cpp, line 1312]
Event: 18.557 Thread 0x000000001c59e800 Exception <a 'java/security/PrivilegedActionException'> (0x00000000f1938320) thrown at [C:\workspace\8-2-build-windows-amd64-cygwin\jdk8u31\2394\hotspot\src\share\vm\prims\jvm.cpp, line 1312]
Event: 18.560 Thread 0x000000001c59b800 Exception <a 'java/security/PrivilegedActionException'> (0x00000000f19f98d0) thrown at [C:\workspace\8-2-build-windows-amd64-cygwin\jdk8u31\2394\hotspot\src\share\vm\prims\jvm.cpp, line 1312]

Events (10 events):
Event: 18.588 Executing VM operation: RevokeBias
Event: 18.588 Executing VM operation: RevokeBias done
Event: 18.589 Thread 0x0000000017b76000 flushing nmethod 0x0000000003143310
Event: 18.589 Thread 0x0000000017b76000 flushing nmethod 0x00000000031f4f90
Event: 18.590 Thread 0x0000000017b76000 flushing nmethod 0x00000000032bdc50
Event: 18.590 Thread 0x0000000017b76000 flushing nmethod 0x00000000032bf0d0
Event: 18.590 Thread 0x0000000017b76000 flushing nmethod 0x00000000032c1990
Event: 18.590 Thread 0x0000000017b76000 flushing nmethod 0x00000000032c2a90
Event: 18.591 Thread 0x0000000017b76000 flushing nmethod 0x000000000337b7d0
Event: 18.592 Thread 0x0000000017b76000 flushing nmethod 0x0000000003495a50


Dynamic libraries:
0x00007ff607b90000 - 0x00007ff607bc4000 	C:\Program Files\Java\jdk1.8.0_31\bin\java.exe
0x00007ffed75b0000 - 0x00007ffed7781000 	C:\WINDOWS\SYSTEM32\ntdll.dll
0x00007ffed5930000 - 0x00007ffed59db000 	C:\WINDOWS\System32\KERNEL32.DLL
0x00007ffed3f70000 - 0x00007ffed418d000 	C:\WINDOWS\System32\KERNELBASE.dll
0x00007ffed5f80000 - 0x00007ffed6022000 	C:\WINDOWS\System32\ADVAPI32.dll
0x00007ffed5400000 - 0x00007ffed549e000 	C:\WINDOWS\System32\msvcrt.dll
0x00007ffed7550000 - 0x00007ffed75a9000 	C:\WINDOWS\System32\sechost.dll
0x00007ffed5170000 - 0x00007ffed5291000 	C:\WINDOWS\System32\RPCRT4.dll
0x00007ffed4f90000 - 0x00007ffed50f5000 	C:\WINDOWS\System32\USER32.dll
0x00007ffed3c00000 - 0x00007ffed3c1e000 	C:\WINDOWS\System32\win32u.dll
0x00007ffed5e10000 - 0x00007ffed5e44000 	C:\WINDOWS\System32\GDI32.dll
0x00007ffed3cc0000 - 0x00007ffed3e42000 	C:\WINDOWS\System32\gdi32full.dll
0x00007ffec8590000 - 0x00007ffec8809000 	C:\WINDOWS\WinSxS\amd64_microsoft.windows.common-controls_6595b64144ccf1df_6.0.14393.0_none_2d0f50fcbdb171b8\COMCTL32.dll
0x00007ffed4c80000 - 0x00007ffed4f47000 	C:\WINDOWS\System32\combase.dll
0x00007ffed3b00000 - 0x00007ffed3bf5000 	C:\WINDOWS\System32\ucrtbase.dll
0x00007ffed3e50000 - 0x00007ffed3eba000 	C:\WINDOWS\System32\bcryptPrimitives.dll
0x00007ffed4f50000 - 0x00007ffed4f7e000 	C:\WINDOWS\System32\IMM32.DLL
0x000000006a9f0000 - 0x000000006aac2000 	C:\Program Files\Java\jdk1.8.0_31\jre\bin\msvcr100.dll
0x000000006a190000 - 0x000000006a9ea000 	C:\Program Files\Java\jdk1.8.0_31\jre\bin\server\jvm.dll
0x00007ffed4f80000 - 0x00007ffed4f88000 	C:\WINDOWS\System32\PSAPI.DLL
0x00007ffec6690000 - 0x00007ffec6699000 	C:\WINDOWS\SYSTEM32\WSOCK32.dll
0x00007ffed1ab0000 - 0x00007ffed1ad3000 	C:\WINDOWS\SYSTEM32\WINMM.dll
0x00007ffed5e50000 - 0x00007ffed5eba000 	C:\WINDOWS\System32\WS2_32.dll
0x00007ffed1820000 - 0x00007ffed184b000 	C:\WINDOWS\SYSTEM32\WINMMBASE.dll
0x00007ffed4190000 - 0x00007ffed41d2000 	C:\WINDOWS\System32\cfgmgr32.dll
0x000000006a180000 - 0x000000006a18f000 	C:\Program Files\Java\jdk1.8.0_31\jre\bin\verify.dll
0x000000006a150000 - 0x000000006a178000 	C:\Program Files\Java\jdk1.8.0_31\jre\bin\java.dll
0x000000006a130000 - 0x000000006a146000 	C:\Program Files\Java\jdk1.8.0_31\jre\bin\zip.dll
0x00007ffed6030000 - 0x00007ffed7538000 	C:\WINDOWS\System32\SHELL32.dll
0x00007ffed41e0000 - 0x00007ffed48ba000 	C:\WINDOWS\System32\windows.storage.dll
0x00007ffed3a40000 - 0x00007ffed3a8c000 	C:\WINDOWS\System32\powrprof.dll
0x00007ffed53a0000 - 0x00007ffed53f2000 	C:\WINDOWS\System32\shlwapi.dll
0x00007ffed3a30000 - 0x00007ffed3a3f000 	C:\WINDOWS\System32\kernel.appcore.dll
0x00007ffed3ec0000 - 0x00007ffed3f69000 	C:\WINDOWS\System32\shcore.dll
0x00007ffed3a10000 - 0x00007ffed3a24000 	C:\WINDOWS\System32\profapi.dll
0x000000006a110000 - 0x000000006a12a000 	C:\Program Files\Java\jdk1.8.0_31\jre\bin\net.dll
0x00007ffed31e0000 - 0x00007ffed323c000 	C:\WINDOWS\system32\mswsock.dll
0x000000006a0f0000 - 0x000000006a101000 	C:\Program Files\Java\jdk1.8.0_31\jre\bin\nio.dll
0x00007ffe8ee80000 - 0x00007ffe8ee92000 	C:\Users\WS\.gradle\native\19\windows-amd64\native-platform.dll
0x00007ffed3480000 - 0x00007ffed3497000 	C:\WINDOWS\SYSTEM32\CRYPTSP.dll
0x00007ffed3360000 - 0x00007ffed3393000 	C:\WINDOWS\system32\rsaenh.dll
0x00007ffed3950000 - 0x00007ffed397b000 	C:\WINDOWS\SYSTEM32\bcrypt.dll
0x00007ffed3070000 - 0x00007ffed308f000 	C:\WINDOWS\SYSTEM32\USERENV.dll
0x00007ffed34a0000 - 0x00007ffed34ab000 	C:\WINDOWS\SYSTEM32\CRYPTBASE.dll
0x00007ffed2f70000 - 0x00007ffed2fa8000 	C:\WINDOWS\SYSTEM32\IPHLPAPI.DLL
0x00007ffed5920000 - 0x00007ffed5928000 	C:\WINDOWS\System32\NSI.dll
0x00007ffecfe90000 - 0x00007ffecfea6000 	C:\WINDOWS\SYSTEM32\dhcpcsvc6.DLL
0x00007ffecfe70000 - 0x00007ffecfe8a000 	C:\WINDOWS\SYSTEM32\dhcpcsvc.DLL
0x000000006a0e0000 - 0x000000006a0ed000 	C:\Program Files\Java\jdk1.8.0_31\jre\bin\management.dll
0x00007ffec82b0000 - 0x00007ffec8442000 	C:\WINDOWS\SYSTEM32\dbghelp.dll

VM Arguments:
jvm_args: -XX:MaxPermSize=256m -XX:+HeapDumpOnOutOfMemoryError -Xmx1024m -Dfile.encoding=GBK -Duser.country=US -Duser.language=en -Duser.variant 
java_command: org.gradle.launcher.daemon.bootstrap.GradleDaemon 2.14.1
java_class_path (initial): C:\Program Files\Android\Android Studio\gradle\gradle-2.14.1\lib\gradle-launcher-2.14.1.jar
Launcher Type: SUN_STANDARD

Environment Variables:
PATH=C:\Program Files (x86)\Razer Chroma SDK\bin;C:\Program Files\Razer Chroma SDK\bin;C:\Program Files (x86)\Intel\iCLS Client\;C:\Program Files\Intel\iCLS Client\;C:\ProgramData\Oracle\Java\javapath;C:\Windows\system32;C:\Windows;C:\Windows\System32\Wbem;C:\Windows\System32\WindowsPowerShell\v1.0\;C:\Program Files (x86)\NVIDIA Corporation\PhysX\Common;C:\Users\WS\.dnx\bin;C:\Program Files\Microsoft DNX\Dnvm\;C:\Program Files\Microsoft SQL Server\120\Tools\Binn\;C:\Program Files (x86)\Skype\Phone\;C:\Program Files (x86)\QuickTime\QTSystem\;C:\WINDOWS\system32;C:\WINDOWS;C:\WINDOWS\System32\Wbem;C:\WINDOWS\System32\WindowsPowerShell\v1.0\;C:\Program Files (x86)\Intel\Intel(R) Management Engine Components\DAL;C:\Program Files\Intel\Intel(R) Management Engine Components\DAL;C:\Program Files (x86)\Intel\Intel(R) Management Engine Components\IPT;C:\Program Files\Intel\Intel(R) Management Engine Components\IPT;C:\Program Files\Git\cmd;C:\Program Files\Java\jdk1.8.0_77\bin;C:\Users\WS\AppData\Local\Microsoft\WindowsApps;C:\Program Files\Java\jdk1.8.0_77\bin;%USERPROFILE%\AppData\Local\Microsoft\WindowsApps;
USERNAME=WS
OS=Windows_NT
PROCESSOR_IDENTIFIER=Intel64 Family 6 Model 60 Stepping 3, GenuineIntel



---------------  S Y S T E M  ---------------

OS: Windows 8.1 , 64 bit Build 9600 

CPU:total 8 (4 cores per cpu, 2 threads per core) family 6 model 60 stepping 3, cmov, cx8, fxsr, mmx, sse, sse2, sse3, ssse3, sse4.1, sse4.2, popcnt, avx, avx2, aes, clmul, erms, lzcnt, ht, tsc, tscinvbit, bmi1, bmi2

Memory: 4k page, physical 8305768k(1539384k free), swap 10656240k(418256k free)

vm_info: Java HotSpot(TM) 64-Bit Server VM (25.31-b07) for windows-amd64 JRE (1.8.0_31-b13), built on Dec 17 2014 21:00:28 by "java_re" with MS VC++ 10.0 (VS2010)

time: Mon Nov 21 22:34:17 2016
elapsed time: 18 seconds (0d 0h 0m 18s)

