#
# There is insufficient memory for the Java Runtime Environment to continue.
# Native memory allocation (malloc) failed to allocate 1774416 bytes for Chunk::new
# Possible reasons:
#   The system is out of physical RAM or swap space
#   In 32 bit mode, the process size limit was hit
# Possible solutions:
#   Reduce memory load on the system
#   Increase physical memory or swap space
#   Check if swap backing store is full
#   Use 64 bit Java on a 64 bit OS
#   Decrease Java heap size (-Xmx/-Xms)
#   Decrease number of Java threads
#   Decrease Java thread stack sizes (-Xss)
#   Set larger code cache with -XX:ReservedCodeCacheSize=
# This output file may be truncated or incomplete.
#
#  Out of Memory Error (allocation.cpp:390), pid=9028, tid=12236
#
# JRE version: Java(TM) SE Runtime Environment (8.0_31-b13) (build 1.8.0_31-b13)
# Java VM: Java HotSpot(TM) 64-Bit Server VM (25.31-b07 mixed mode windows-amd64 compressed oops)
# Failed to write core dump. Minidumps are not enabled by default on client versions of Windows
#

---------------  T H R E A D  ---------------

Current thread (0x00000000160a5000):  JavaThread "C2 CompilerThread2" daemon [_thread_in_native, id=12236, stack(0x0000000016810000,0x0000000016910000)]

Stack: [0x0000000016810000,0x0000000016910000]
Native frames: (J=compiled Java code, j=interpreted, Vv=VM code, C=native code)
V  [jvm.dll+0x3169ba]
V  [jvm.dll+0x2674c3]
V  [jvm.dll+0x268103]
V  [jvm.dll+0x25f8f5]
V  [jvm.dll+0xbf025]
V  [jvm.dll+0xbf4cc]
V  [jvm.dll+0x45df82]
V  [jvm.dll+0x49f21f]
V  [jvm.dll+0x452f28]
V  [jvm.dll+0x454124]
V  [jvm.dll+0x437c62]
V  [jvm.dll+0x988e2]
V  [jvm.dll+0x990d3]
V  [jvm.dll+0x22c194]
V  [jvm.dll+0x28576a]
C  [msvcr100.dll+0x21d9f]
C  [msvcr100.dll+0x21e3b]
C  [KERNEL32.DLL+0x8364]
C  [ntdll.dll+0x65e91]


Current CompileTask:
C2:  18645 10581   !   4       java.nio.file.FileTreeWalker::next (144 bytes)


---------------  P R O C E S S  ---------------

Java Threads: ( => current thread )
  0x000000001c7f1800 JavaThread "Run command 'C:\Program Files\Java\jdk1.8.0_31\bin\java.exe'" [_thread_in_vm, id=4972, stack(0x0000000026780000,0x0000000026880000)]
  0x000000001c7ec000 JavaThread "Forward streams with process: command 'C:\Program Files\Java\jdk1.8.0_31\bin\java.exe' Thread 3" [_thread_in_native, id=13636, stack(0x0000000026280000,0x0000000026380000)]
  0x000000001c7ef000 JavaThread "Forward streams with process: command 'C:\Program Files\Java\jdk1.8.0_31\bin\java.exe' Thread 2" [_thread_in_native, id=5596, stack(0x0000000026180000,0x0000000026280000)]
  0x000000001c7f0000 JavaThread "Forward streams with process: command 'C:\Program Files\Java\jdk1.8.0_31\bin\java.exe'" [_thread_blocked, id=7108, stack(0x0000000026080000,0x0000000026180000)]
  0x000000001c7f0800 JavaThread "Forward streams with process: command 'C:\Program Files\Java\jdk1.8.0_31\bin\java.exe' Thread 3" [_thread_in_native, id=13928, stack(0x0000000025e80000,0x0000000025f80000)]
  0x000000001c7f3000 JavaThread "Forward streams with process: command 'C:\Program Files\Java\jdk1.8.0_31\bin\java.exe' Thread 2" [_thread_in_native, id=5508, stack(0x0000000025d80000,0x0000000025e80000)]
  0x000000001c7f2000 JavaThread "Forward streams with process: command 'C:\Program Files\Java\jdk1.8.0_31\bin\java.exe'" [_thread_blocked, id=12792, stack(0x0000000025c80000,0x0000000025d80000)]
  0x00000000160b3800 JavaThread "Forward streams with process: command 'C:\Program Files\Java\jdk1.8.0_31\bin\java.exe' Thread 3" [_thread_in_native, id=7724, stack(0x0000000025a80000,0x0000000025b80000)]
  0x000000001ab15800 JavaThread "Forward streams with process: command 'C:\Program Files\Java\jdk1.8.0_31\bin\java.exe' Thread 2" [_thread_in_native, id=7124, stack(0x0000000025980000,0x0000000025a80000)]
  0x000000001ab17800 JavaThread "Forward streams with process: command 'C:\Program Files\Java\jdk1.8.0_31\bin\java.exe'" [_thread_blocked, id=12264, stack(0x0000000025880000,0x0000000025980000)]
  0x000000001ab16000 JavaThread "Run command 'C:\Program Files\Java\jdk1.8.0_31\bin\java.exe'" [_thread_in_native, id=4092, stack(0x0000000025680000,0x0000000025780000)]
  0x000000001ab10800 JavaThread "Run command 'C:\Program Files\Java\jdk1.8.0_31\bin\java.exe'" [_thread_in_native, id=11480, stack(0x0000000025580000,0x0000000025680000)]
  0x000000001ab13000 JavaThread "Run command 'C:\Program Files\Java\jdk1.8.0_31\bin\java.exe'" [_thread_in_native, id=2764, stack(0x0000000025380000,0x0000000025480000)]
  0x000000001ab11800 JavaThread "pool-9-thread-1" [_thread_blocked, id=1536, stack(0x0000000025280000,0x0000000025380000)]
  0x000000001ab09000 JavaThread "pool-9-thread-2" [_thread_blocked, id=2692, stack(0x0000000025180000,0x0000000025280000)]
  0x000000001ab10000 JavaThread "pool-9-thread-4" [_thread_blocked, id=5220, stack(0x0000000025080000,0x0000000025180000)]
  0x000000001ab0e800 JavaThread "pool-9-thread-3" [_thread_blocked, id=8968, stack(0x0000000024f80000,0x0000000025080000)]
  0x000000001ab12800 JavaThread "pool-3-thread-8" [_thread_blocked, id=388, stack(0x0000000021510000,0x0000000021610000)]
  0x000000001ab14000 JavaThread "pool-3-thread-7" [_thread_blocked, id=6904, stack(0x0000000021310000,0x0000000021410000)]
  0x000000001ab0a000 JavaThread "pool-3-thread-6" [_thread_blocked, id=13492, stack(0x0000000021210000,0x0000000021310000)]
  0x000000001ab08800 JavaThread "pool-3-thread-5" [_thread_blocked, id=8252, stack(0x0000000020e10000,0x0000000020f10000)]
  0x000000001ab0b800 JavaThread "pool-3-thread-4" [_thread_blocked, id=7428, stack(0x0000000020b10000,0x0000000020c10000)]
  0x000000001ab0d000 JavaThread "pool-3-thread-3" [_thread_blocked, id=920, stack(0x0000000020a10000,0x0000000020b10000)]
  0x000000001ab0f000 JavaThread "pool-3-thread-2" [_thread_blocked, id=12048, stack(0x000000001eba0000,0x000000001eca0000)]
  0x000000001ab0a800 JavaThread "pool-3-thread-1" [_thread_blocked, id=2804, stack(0x000000001e460000,0x000000001e560000)]
  0x00000000160b5000 JavaThread "pool-2-thread-1" [_thread_blocked, id=2724, stack(0x000000001cf10000,0x000000001d010000)]
  0x00000000160b6000 JavaThread "File lock request listener" [_thread_in_native, id=8988, stack(0x000000001ca00000,0x000000001cb00000)]
  0x0000000017b99000 JavaThread "Stdin handler" [_thread_blocked, id=5280, stack(0x0000000018e90000,0x0000000018f90000)]
  0x0000000017b98800 JavaThread "Asynchronous log dispatcher for org.gradle.launcher.daemon.server.DefaultDaemonConnection@42c0c149" [_thread_blocked, id=4208, stack(0x0000000018d90000,0x0000000018e90000)]
  0x0000000017b69800 JavaThread "Daemon worker" [_thread_blocked, id=11152, stack(0x0000000018c90000,0x0000000018d90000)]
  0x0000000017ad6800 JavaThread "Cancel handler" [_thread_blocked, id=1676, stack(0x0000000018b90000,0x0000000018c90000)]
  0x00000000179f2800 JavaThread "Handler for socket connection from /127.0.0.1:10408 to /127.0.0.1:10409" [_thread_in_native, id=12260, stack(0x0000000018a90000,0x0000000018b90000)]
  0x00000000179e8000 JavaThread "Daemon" [_thread_blocked, id=5736, stack(0x0000000018990000,0x0000000018a90000)]
  0x000000001796d800 JavaThread "Incoming local TCP Connector on port 10408" [_thread_in_native, id=10812, stack(0x0000000018560000,0x0000000018660000)]
  0x000000001795c000 JavaThread "pool-1-thread-1" [_thread_blocked, id=10732, stack(0x0000000018460000,0x0000000018560000)]
  0x000000001614a800 JavaThread "Service Thread" daemon [_thread_blocked, id=10916, stack(0x0000000016a10000,0x0000000016b10000)]
  0x00000000160b9000 JavaThread "C1 CompilerThread3" daemon [_thread_in_native, id=2292, stack(0x0000000016910000,0x0000000016a10000)]
=>0x00000000160a5000 JavaThread "C2 CompilerThread2" daemon [_thread_in_native, id=12236, stack(0x0000000016810000,0x0000000016910000)]
  0x0000000016099800 JavaThread "C2 CompilerThread1" daemon [_thread_in_native, id=348, stack(0x0000000016710000,0x0000000016810000)]
  0x0000000016097800 JavaThread "C2 CompilerThread0" daemon [_thread_blocked, id=10712, stack(0x0000000016610000,0x0000000016710000)]
  0x0000000016096000 JavaThread "Attach Listener" daemon [_thread_blocked, id=10224, stack(0x0000000016510000,0x0000000016610000)]
  0x0000000016095800 JavaThread "Signal Dispatcher" daemon [_thread_blocked, id=4436, stack(0x0000000016410000,0x0000000016510000)]
  0x000000000284a800 JavaThread "Finalizer" daemon [_thread_blocked, id=11612, stack(0x0000000015ee0000,0x0000000015fe0000)]
  0x0000000002844000 JavaThread "Reference Handler" daemon [_thread_blocked, id=2664, stack(0x0000000015de0000,0x0000000015ee0000)]
  0x00000000022fe000 JavaThread "main" [_thread_blocked, id=6172, stack(0x0000000002650000,0x0000000002750000)]

Other Threads:
  0x0000000014008800 VMThread [stack: 0x0000000015ce0000,0x0000000015de0000] [id=10996]
  0x000000001614b800 WatcherThread [stack: 0x0000000016b10000,0x0000000016c10000] [id=8648]

VM state:not at safepoint (normal execution)

VM Mutex/Monitor currently owned by a thread:  ([mutex/lock_event])
[0x00000000022fcad0] CodeCache_lock - owner thread: 0x00000000160b9000
[0x0000000002750a50] Compile_lock - owner thread: 0x0000000000000000

Heap:
 PSYoungGen      total 149504K, used 27450K [0x00000000f5580000, 0x00000000fff00000, 0x0000000100000000)
  eden space 125952K, 13% used [0x00000000f5580000,0x00000000f65e4b78,0x00000000fd080000)
  from space 23552K, 45% used [0x00000000fd080000,0x00000000fdae9cd0,0x00000000fe780000)
  to   space 22528K, 0% used [0x00000000fe900000,0x00000000fe900000,0x00000000fff00000)
 ParOldGen       total 177664K, used 45988K [0x00000000e0000000, 0x00000000ead80000, 0x00000000f5580000)
  object space 177664K, 25% used [0x00000000e0000000,0x00000000e2ce9350,0x00000000ead80000)
 Metaspace       used 60857K, capacity 62562K, committed 62848K, reserved 1103872K
  class space    used 8153K, capacity 8495K, committed 8576K, reserved 1048576K

Card table byte_map: [0x0000000011c10000,0x0000000011d20000] byte_map_base: 0x0000000011510000

Marking Bits: (ParMarkBitMap*) 0x000000006ba1d4f0
 Begin Bits: [0x0000000012520000, 0x0000000012d20000)
 End Bits:   [0x0000000012d20000, 0x0000000013520000)

Polling page: 0x0000000002200000

CodeCache: size=245760Kb used=30992Kb max_used=31246Kb free=214767Kb
 bounds [0x0000000002850000, 0x0000000004700000, 0x0000000011850000]
 total_blobs=9970 nmethods=9230 adapters=650
 compilation: enabled

Compilation events (10 events):
Event: 18.588 Thread 0x00000000160b9000 nmethod 10614 0x0000000002b9b490 code [0x0000000002b9b640, 0x0000000002b9bc08]
Event: 18.589 Thread 0x00000000160b9000 10615       3       java.lang.ProcessEnvironment::access$300 (4 bytes)
Event: 18.590 Thread 0x00000000160b9000 nmethod 10615 0x0000000003c02bd0 code [0x0000000003c02d20, 0x0000000003c02e50]
Event: 18.597 Thread 0x00000000160b9000 10616       1       java.lang.Thread::isDaemon (5 bytes)
Event: 18.598 Thread 0x00000000160b9000 nmethod 10616 0x00000000029ff390 code [0x00000000029ff4e0, 0x00000000029ff5f0]
Event: 18.599 Thread 0x00000000160b9000 10617       1       java.lang.Thread::getPriority (5 bytes)
Event: 18.599 Thread 0x00000000160b9000 nmethod 10617 0x0000000002cbde50 code [0x0000000002cbdfa0, 0x0000000002cbe0b0]
Event: 18.627 Thread 0x0000000016099800 10618       4       java.lang.StringBuilder::append (10 bytes)
Event: 18.627 Thread 0x00000000160b9000 10619       3       com.google.common.collect.ImmutableList::builder (8 bytes)
Event: 18.628 Thread 0x00000000160b9000 nmethod 10619 0x0000000002d36bd0 code [0x0000000002d36d60, 0x0000000002d371c8]

GC Heap History (10 events):
Event: 14.341 GC heap before
{Heap before GC invocations=14 (full 2):
 PSYoungGen      total 159232K, used 125474K [0x00000000f5580000, 0x0000000100000000, 0x0000000100000000)
  eden space 143872K, 76% used [0x00000000f5580000,0x00000000fc110560,0x00000000fe200000)
  from space 15360K, 99% used [0x00000000fe200000,0x00000000ff0f85b8,0x00000000ff100000)
  to   space 15360K, 0% used [0x00000000ff100000,0x00000000ff100000,0x0000000100000000)
 ParOldGen       total 106496K, used 21099K [0x00000000e0000000, 0x00000000e6800000, 0x00000000f5580000)
  object space 106496K, 19% used [0x00000000e0000000,0x00000000e149af78,0x00000000e6800000)
 Metaspace       used 57583K, capacity 59028K, committed 59096K, reserved 1099776K
  class space    used 7724K, capacity 8024K, committed 8064K, reserved 1048576K
Event: 14.375 GC heap after
Heap after GC invocations=14 (full 2):
 PSYoungGen      total 140800K, used 15328K [0x00000000f5580000, 0x0000000100000000, 0x0000000100000000)
  eden space 125440K, 0% used [0x00000000f5580000,0x00000000f5580000,0x00000000fd000000)
  from space 15360K, 99% used [0x00000000ff100000,0x00000000ffff8010,0x0000000100000000)
  to   space 24576K, 0% used [0x00000000fd000000,0x00000000fd000000,0x00000000fe800000)
 ParOldGen       total 106496K, used 36897K [0x00000000e0000000, 0x00000000e6800000, 0x00000000f5580000)
  object space 106496K, 34% used [0x00000000e0000000,0x00000000e2408578,0x00000000e6800000)
 Metaspace       used 57583K, capacity 59028K, committed 59096K, reserved 1099776K
  class space    used 7724K, capacity 8024K, committed 8064K, reserved 1048576K
}
Event: 14.375 GC heap before
{Heap before GC invocations=15 (full 3):
 PSYoungGen      total 140800K, used 15328K [0x00000000f5580000, 0x0000000100000000, 0x0000000100000000)
  eden space 125440K, 0% used [0x00000000f5580000,0x00000000f5580000,0x00000000fd000000)
  from space 15360K, 99% used [0x00000000ff100000,0x00000000ffff8010,0x0000000100000000)
  to   space 24576K, 0% used [0x00000000fd000000,0x00000000fd000000,0x00000000fe800000)
 ParOldGen       total 106496K, used 36897K [0x00000000e0000000, 0x00000000e6800000, 0x00000000f5580000)
  object space 106496K, 34% used [0x00000000e0000000,0x00000000e2408578,0x00000000e6800000)
 Metaspace       used 57583K, capacity 59028K, committed 59096K, reserved 1099776K
  class space    used 7724K, capacity 8024K, committed 8064K, reserved 1048576K
Event: 14.680 GC heap after
Heap after GC invocations=15 (full 3):
 PSYoungGen      total 140800K, used 0K [0x00000000f5580000, 0x0000000100000000, 0x0000000100000000)
  eden space 125440K, 0% used [0x00000000f5580000,0x00000000f5580000,0x00000000fd000000)
  from space 15360K, 0% used [0x00000000ff100000,0x00000000ff100000,0x0000000100000000)
  to   space 24576K, 0% used [0x00000000fd000000,0x00000000fd000000,0x00000000fe800000)
 ParOldGen       total 177664K, used 45964K [0x00000000e0000000, 0x00000000ead80000, 0x00000000f5580000)
  object space 177664K, 25% used [0x00000000e0000000,0x00000000e2ce3350,0x00000000ead80000)
 Metaspace       used 57558K, capacity 58972K, committed 59096K, reserved 1099776K
  class space    used 7713K, capacity 8008K, committed 8064K, reserved 1048576K
}
Event: 16.009 GC heap before
{Heap before GC invocations=16 (full 3):
 PSYoungGen      total 140800K, used 124797K [0x00000000f5580000, 0x0000000100000000, 0x0000000100000000)
  eden space 125440K, 99% used [0x00000000f5580000,0x00000000fcf5f518,0x00000000fd000000)
  from space 15360K, 0% used [0x00000000ff100000,0x00000000ff100000,0x0000000100000000)
  to   space 24576K, 0% used [0x00000000fd000000,0x00000000fd000000,0x00000000fe800000)
 ParOldGen       total 177664K, used 45964K [0x00000000e0000000, 0x00000000ead80000, 0x00000000f5580000)
  object space 177664K, 25% used [0x00000000e0000000,0x00000000e2ce3350,0x00000000ead80000)
 Metaspace       used 58865K, capacity 60480K, committed 60800K, reserved 1101824K
  class space    used 7873K, capacity 8224K, committed 8320K, reserved 1048576K
Event: 16.014 GC heap after
Heap after GC invocations=16 (full 3):
 PSYoungGen      total 150016K, used 7222K [0x00000000f5580000, 0x0000000100000000, 0x0000000100000000)
  eden space 125440K, 0% used [0x00000000f5580000,0x00000000f5580000,0x00000000fd000000)
  from space 24576K, 29% used [0x00000000fd000000,0x00000000fd70d928,0x00000000fe800000)
  to   space 24064K, 0% used [0x00000000fe880000,0x00000000fe880000,0x0000000100000000)
 ParOldGen       total 177664K, used 45972K [0x00000000e0000000, 0x00000000ead80000, 0x00000000f5580000)
  object space 177664K, 25% used [0x00000000e0000000,0x00000000e2ce5350,0x00000000ead80000)
 Metaspace       used 58865K, capacity 60480K, committed 60800K, reserved 1101824K
  class space    used 7873K, capacity 8224K, committed 8320K, reserved 1048576K
}
Event: 16.025 GC heap before
{Heap before GC invocations=17 (full 3):
 PSYoungGen      total 150016K, used 132080K [0x00000000f5580000, 0x0000000100000000, 0x0000000100000000)
  eden space 125440K, 99% used [0x00000000f5580000,0x00000000fcf6eac0,0x00000000fd000000)
  from space 24576K, 29% used [0x00000000fd000000,0x00000000fd70d928,0x00000000fe800000)
  to   space 24064K, 0% used [0x00000000fe880000,0x00000000fe880000,0x0000000100000000)
 ParOldGen       total 177664K, used 45972K [0x00000000e0000000, 0x00000000ead80000, 0x00000000f5580000)
  object space 177664K, 25% used [0x00000000e0000000,0x00000000e2ce5350,0x00000000ead80000)
 Metaspace       used 58867K, capacity 60480K, committed 60800K, reserved 1101824K
  class space    used 7873K, capacity 8224K, committed 8320K, reserved 1048576K
Event: 16.029 GC heap after
Heap after GC invocations=17 (full 3):
 PSYoungGen      total 148480K, used 6377K [0x00000000f5580000, 0x00000000ffe80000, 0x0000000100000000)
  eden space 125952K, 0% used [0x00000000f5580000,0x00000000f5580000,0x00000000fd080000)
  from space 22528K, 28% used [0x00000000fe880000,0x00000000feeba418,0x00000000ffe80000)
  to   space 23552K, 0% used [0x00000000fd080000,0x00000000fd080000,0x00000000fe780000)
 ParOldGen       total 177664K, used 45980K [0x00000000e0000000, 0x00000000ead80000, 0x00000000f5580000)
  object space 177664K, 25% used [0x00000000e0000000,0x00000000e2ce7350,0x00000000ead80000)
 Metaspace       used 58867K, capacity 60480K, committed 60800K, reserved 1101824K
  class space    used 7873K, capacity 8224K, committed 8320K, reserved 1048576K
}
Event: 18.535 GC heap before
{Heap before GC invocations=18 (full 3):
 PSYoungGen      total 148480K, used 132329K [0x00000000f5580000, 0x00000000ffe80000, 0x0000000100000000)
  eden space 125952K, 100% used [0x00000000f5580000,0x00000000fd080000,0x00000000fd080000)
  from space 22528K, 28% used [0x00000000fe880000,0x00000000feeba418,0x00000000ffe80000)
  to   space 23552K, 0% used [0x00000000fd080000,0x00000000fd080000,0x00000000fe780000)
 ParOldGen       total 177664K, used 45980K [0x00000000e0000000, 0x00000000ead80000, 0x00000000f5580000)
  object space 177664K, 25% used [0x00000000e0000000,0x00000000e2ce7350,0x00000000ead80000)
 Metaspace       used 60700K, capacity 62418K, committed 62592K, reserved 1103872K
  class space    used 8125K, capacity 8477K, committed 8576K, reserved 1048576K
Event: 18.544 GC heap after
Heap after GC invocations=18 (full 3):
 PSYoungGen      total 149504K, used 10663K [0x00000000f5580000, 0x00000000fff00000, 0x0000000100000000)
  eden space 125952K, 0% used [0x00000000f5580000,0x00000000f5580000,0x00000000fd080000)
  from space 23552K, 45% used [0x00000000fd080000,0x00000000fdae9cd0,0x00000000fe780000)
  to   space 22528K, 0% used [0x00000000fe900000,0x00000000fe900000,0x00000000fff00000)
 ParOldGen       total 177664K, used 45988K [0x00000000e0000000, 0x00000000ead80000, 0x00000000f5580000)
  object space 177664K, 25% used [0x00000000e0000000,0x00000000e2ce9350,0x00000000ead80000)
 Metaspace       used 60700K, capacity 62418K, committed 62592K, reserved 1103872K
  class space    used 8125K, capacity 8477K, committed 8576K, reserved 1048576K
}

Deoptimization events (10 events):
Event: 17.160 Thread 0x0000000017b69800 Uncommon trap: reason=speculate_class_check action=maybe_recompile pc=0x00000000045b5ae8 method=org.objectweb.asm.commons.LocalVariablesSorter.remap(ILorg/objectweb/asm/Type;)I @ 96
Event: 18.532 Thread 0x0000000017b69800 Uncommon trap: reason=bimorphic action=maybe_recompile pc=0x0000000003648c30 method=java.util.AbstractList$Itr.next()Ljava/lang/Object; @ 14
Event: 18.532 Thread 0x0000000017b69800 Uncommon trap: reason=bimorphic action=maybe_recompile pc=0x0000000003648c30 method=java.util.AbstractList$Itr.next()Ljava/lang/Object; @ 14
Event: 18.532 Thread 0x0000000017b69800 Uncommon trap: reason=bimorphic action=maybe_recompile pc=0x0000000003648c30 method=java.util.AbstractList$Itr.next()Ljava/lang/Object; @ 14
Event: 18.532 Thread 0x0000000017b69800 Uncommon trap: reason=bimorphic action=maybe_recompile pc=0x0000000003648c30 method=java.util.AbstractList$Itr.next()Ljava/lang/Object; @ 14
Event: 18.547 Thread 0x000000001ab0b800 Uncommon trap: reason=class_check action=maybe_recompile pc=0x00000000033b3540 method=java.util.concurrent.ConcurrentHashMap.putVal(Ljava/lang/Object;Ljava/lang/Object;Z)Ljava/lang/Object; @ 192
Event: 18.626 Thread 0x000000001ab09000 Uncommon trap: reason=class_check action=maybe_recompile pc=0x00000000029fe4e4 method=java.lang.AbstractStringBuilder.append(Ljava/lang/CharSequence;)Ljava/lang/AbstractStringBuilder; @ 26
Event: 18.626 Thread 0x000000001ab09000 Uncommon trap: reason=class_check action=maybe_recompile pc=0x0000000003617d1c method=java.lang.AbstractStringBuilder.append(Ljava/lang/CharSequence;II)Ljava/lang/AbstractStringBuilder; @ 18
Event: 18.627 Thread 0x000000001ab09000 Uncommon trap: reason=class_check action=maybe_recompile pc=0x00000000029fe4e4 method=java.lang.AbstractStringBuilder.append(Ljava/lang/CharSequence;)Ljava/lang/AbstractStringBuilder; @ 26
Event: 18.627 Thread 0x000000001ab09000 Uncommon trap: reason=class_check action=maybe_recompile pc=0x0000000003617d1c method=java.lang.AbstractStringBuilder.append(Ljava/lang/CharSequence;II)Ljava/lang/AbstractStringBuilder; @ 18

Internal exceptions (10 events):
Event: 18.559 Thread 0x000000001ab09000 Exception <a 'java/security/PrivilegedActionException'> (0x00000000f5a96e38) thrown at [C:\workspace\8-2-build-windows-amd64-cygwin\jdk8u31\2394\hotspot\src\share\vm\prims\jvm.cpp, line 1312]
Event: 18.559 Thread 0x000000001ab09000 Exception <a 'java/security/PrivilegedActionException'> (0x00000000f5a9b588) thrown at [C:\workspace\8-2-build-windows-amd64-cygwin\jdk8u31\2394\hotspot\src\share\vm\prims\jvm.cpp, line 1312]
Event: 18.559 Thread 0x000000001ab09000 Exception <a 'java/security/PrivilegedActionException'> (0x00000000f5a9bd38) thrown at [C:\workspace\8-2-build-windows-amd64-cygwin\jdk8u31\2394\hotspot\src\share\vm\prims\jvm.cpp, line 1312]
Event: 18.560 Thread 0x000000001ab09000 Exception <a 'java/security/PrivilegedActionException'> (0x00000000f5a9e778) thrown at [C:\workspace\8-2-build-windows-amd64-cygwin\jdk8u31\2394\hotspot\src\share\vm\prims\jvm.cpp, line 1312]
Event: 18.560 Thread 0x000000001ab09000 Exception <a 'java/security/PrivilegedActionException'> (0x00000000f5a9ef28) thrown at [C:\workspace\8-2-build-windows-amd64-cygwin\jdk8u31\2394\hotspot\src\share\vm\prims\jvm.cpp, line 1312]
Event: 18.562 Thread 0x000000001ab11800 Exception <a 'java/security/PrivilegedActionException'> (0x00000000f5b9d978) thrown at [C:\workspace\8-2-build-windows-amd64-cygwin\jdk8u31\2394\hotspot\src\share\vm\prims\jvm.cpp, line 1312]
Event: 18.626 Thread 0x000000001ab09000 Exception <a 'java/security/PrivilegedActionException'> (0x00000000f5adfc80) thrown at [C:\workspace\8-2-build-windows-amd64-cygwin\jdk8u31\2394\hotspot\src\share\vm\prims\jvm.cpp, line 1312]
Event: 18.627 Thread 0x000000001ab09000 Exception <a 'java/security/PrivilegedActionException'> (0x00000000f5ae5a58) thrown at [C:\workspace\8-2-build-windows-amd64-cygwin\jdk8u31\2394\hotspot\src\share\vm\prims\jvm.cpp, line 1312]
Event: 18.628 Thread 0x000000001ab09000 Exception <a 'java/security/PrivilegedActionException'> (0x00000000f5aee9c0) thrown at [C:\workspace\8-2-build-windows-amd64-cygwin\jdk8u31\2394\hotspot\src\share\vm\prims\jvm.cpp, line 1312]
Event: 18.628 Thread 0x000000001ab09000 Exception <a 'java/security/PrivilegedActionException'> (0x00000000f5af4f48) thrown at [C:\workspace\8-2-build-windows-amd64-cygwin\jdk8u31\2394\hotspot\src\share\vm\prims\jvm.cpp, line 1312]

Events (10 events):
Event: 18.627 Thread 0x000000001ab09000 Uncommon trap: trap_request=0xffffffde fr.pc=0x00000000029fe4e4
Event: 18.627 Thread 0x000000001ab09000 DEOPT PACKING pc=0x00000000029fe4e4 sp=0x000000002527e7f0
Event: 18.627 Thread 0x000000001ab09000 DEOPT UNPACKING pc=0x000000000289556a sp=0x000000002527e7e8 mode 2
Event: 18.627 Thread 0x000000001ab09000 Uncommon trap: trap_request=0xffffffde fr.pc=0x0000000003617d1c
Event: 18.627 Thread 0x000000001ab09000 DEOPT PACKING pc=0x0000000003617d1c sp=0x000000002527e6a0
Event: 18.627 Thread 0x000000001ab09000 DEOPT UNPACKING pc=0x000000000289556a sp=0x000000002527e668 mode 2
Event: 18.628 loading class com/google/gson/internal/Streams
Event: 18.628 loading class com/google/gson/internal/Streams done
Event: 18.628 loading class com/google/gson/internal/Streams$AppendableWriter
Event: 18.628 loading class com/google/gson/internal/Streams$AppendableWriter done


Dynamic libraries:
0x00007ff607b90000 - 0x00007ff607bc4000 	C:\Program Files\Java\jdk1.8.0_31\bin\java.exe
0x00007ffed75b0000 - 0x00007ffed7781000 	C:\WINDOWS\SYSTEM32\ntdll.dll
0x00007ffed5930000 - 0x00007ffed59db000 	C:\WINDOWS\System32\KERNEL32.DLL
0x00007ffed3f70000 - 0x00007ffed418d000 	C:\WINDOWS\System32\KERNELBASE.dll
0x00007ffed5f80000 - 0x00007ffed6022000 	C:\WINDOWS\System32\ADVAPI32.dll
0x00007ffed5400000 - 0x00007ffed549e000 	C:\WINDOWS\System32\msvcrt.dll
0x00007ffed7550000 - 0x00007ffed75a9000 	C:\WINDOWS\System32\sechost.dll
0x00007ffed5170000 - 0x00007ffed5291000 	C:\WINDOWS\System32\RPCRT4.dll
0x00007ffed4f90000 - 0x00007ffed50f5000 	C:\WINDOWS\System32\USER32.dll
0x00007ffed3c00000 - 0x00007ffed3c1e000 	C:\WINDOWS\System32\win32u.dll
0x00007ffed5e10000 - 0x00007ffed5e44000 	C:\WINDOWS\System32\GDI32.dll
0x00007ffed3cc0000 - 0x00007ffed3e42000 	C:\WINDOWS\System32\gdi32full.dll
0x00007ffec8590000 - 0x00007ffec8809000 	C:\WINDOWS\WinSxS\amd64_microsoft.windows.common-controls_6595b64144ccf1df_6.0.14393.0_none_2d0f50fcbdb171b8\COMCTL32.dll
0x00007ffed4c80000 - 0x00007ffed4f47000 	C:\WINDOWS\System32\combase.dll
0x00007ffed3b00000 - 0x00007ffed3bf5000 	C:\WINDOWS\System32\ucrtbase.dll
0x00007ffed3e50000 - 0x00007ffed3eba000 	C:\WINDOWS\System32\bcryptPrimitives.dll
0x00007ffed4f50000 - 0x00007ffed4f7e000 	C:\WINDOWS\System32\IMM32.DLL
0x000000006baa0000 - 0x000000006bb72000 	C:\Program Files\Java\jdk1.8.0_31\jre\bin\msvcr100.dll
0x000000006b240000 - 0x000000006ba9a000 	C:\Program Files\Java\jdk1.8.0_31\jre\bin\server\jvm.dll
0x00007ffed4f80000 - 0x00007ffed4f88000 	C:\WINDOWS\System32\PSAPI.DLL
0x00007ffec6690000 - 0x00007ffec6699000 	C:\WINDOWS\SYSTEM32\WSOCK32.dll
0x00007ffed1ab0000 - 0x00007ffed1ad3000 	C:\WINDOWS\SYSTEM32\WINMM.dll
0x00007ffed5e50000 - 0x00007ffed5eba000 	C:\WINDOWS\System32\WS2_32.dll
0x00007ffed1820000 - 0x00007ffed184b000 	C:\WINDOWS\SYSTEM32\WINMMBASE.dll
0x00007ffed4190000 - 0x00007ffed41d2000 	C:\WINDOWS\System32\cfgmgr32.dll
0x000000006b230000 - 0x000000006b23f000 	C:\Program Files\Java\jdk1.8.0_31\jre\bin\verify.dll
0x000000006b200000 - 0x000000006b228000 	C:\Program Files\Java\jdk1.8.0_31\jre\bin\java.dll
0x000000006b1e0000 - 0x000000006b1f6000 	C:\Program Files\Java\jdk1.8.0_31\jre\bin\zip.dll
0x00007ffed6030000 - 0x00007ffed7538000 	C:\WINDOWS\System32\SHELL32.dll
0x00007ffed41e0000 - 0x00007ffed48ba000 	C:\WINDOWS\System32\windows.storage.dll
0x00007ffed3a40000 - 0x00007ffed3a8c000 	C:\WINDOWS\System32\powrprof.dll
0x00007ffed53a0000 - 0x00007ffed53f2000 	C:\WINDOWS\System32\shlwapi.dll
0x00007ffed3a30000 - 0x00007ffed3a3f000 	C:\WINDOWS\System32\kernel.appcore.dll
0x00007ffed3ec0000 - 0x00007ffed3f69000 	C:\WINDOWS\System32\shcore.dll
0x00007ffed3a10000 - 0x00007ffed3a24000 	C:\WINDOWS\System32\profapi.dll
0x000000006b1c0000 - 0x000000006b1da000 	C:\Program Files\Java\jdk1.8.0_31\jre\bin\net.dll
0x00007ffed31e0000 - 0x00007ffed323c000 	C:\WINDOWS\system32\mswsock.dll
0x000000006b1a0000 - 0x000000006b1b1000 	C:\Program Files\Java\jdk1.8.0_31\jre\bin\nio.dll
0x00007ffecd5f0000 - 0x00007ffecd602000 	C:\Users\WS\.gradle\native\19\windows-amd64\native-platform.dll
0x00007ffed3480000 - 0x00007ffed3497000 	C:\WINDOWS\SYSTEM32\CRYPTSP.dll
0x00007ffed3360000 - 0x00007ffed3393000 	C:\WINDOWS\system32\rsaenh.dll
0x00007ffed3950000 - 0x00007ffed397b000 	C:\WINDOWS\SYSTEM32\bcrypt.dll
0x00007ffed3070000 - 0x00007ffed308f000 	C:\WINDOWS\SYSTEM32\USERENV.dll
0x00007ffed34a0000 - 0x00007ffed34ab000 	C:\WINDOWS\SYSTEM32\CRYPTBASE.dll
0x00007ffed2f70000 - 0x00007ffed2fa8000 	C:\WINDOWS\SYSTEM32\IPHLPAPI.DLL
0x00007ffed5920000 - 0x00007ffed5928000 	C:\WINDOWS\System32\NSI.dll
0x00007ffecfe90000 - 0x00007ffecfea6000 	C:\WINDOWS\SYSTEM32\dhcpcsvc6.DLL
0x00007ffecfe70000 - 0x00007ffecfe8a000 	C:\WINDOWS\SYSTEM32\dhcpcsvc.DLL
0x000000006b190000 - 0x000000006b19d000 	C:\Program Files\Java\jdk1.8.0_31\jre\bin\management.dll
0x00007ffec82b0000 - 0x00007ffec8442000 	C:\WINDOWS\SYSTEM32\dbghelp.dll

VM Arguments:
jvm_args: -XX:MaxPermSize=256m -XX:+HeapDumpOnOutOfMemoryError -Xmx1024m -Dfile.encoding=GBK -Duser.country=US -Duser.language=en -Duser.variant -Xmx512M 
java_command: org.gradle.launcher.daemon.bootstrap.GradleDaemon 2.14.1
java_class_path (initial): C:\Program Files\Android\Android Studio\gradle\gradle-2.14.1\lib\gradle-launcher-2.14.1.jar
Launcher Type: SUN_STANDARD

Environment Variables:
_JAVA_OPTIONS=-Xmx512M
PATH=C:\Program Files (x86)\Razer Chroma SDK\bin;C:\Program Files\Razer Chroma SDK\bin;C:\Program Files (x86)\Intel\iCLS Client\;C:\Program Files\Intel\iCLS Client\;C:\ProgramData\Oracle\Java\javapath;C:\Windows\system32;C:\Windows;C:\Windows\System32\Wbem;C:\Windows\System32\WindowsPowerShell\v1.0\;C:\Program Files (x86)\NVIDIA Corporation\PhysX\Common;C:\Users\WS\.dnx\bin;C:\Program Files\Microsoft DNX\Dnvm\;C:\Program Files\Microsoft SQL Server\120\Tools\Binn\;C:\Program Files (x86)\Skype\Phone\;C:\Program Files (x86)\QuickTime\QTSystem\;C:\WINDOWS\system32;C:\WINDOWS;C:\WINDOWS\System32\Wbem;C:\WINDOWS\System32\WindowsPowerShell\v1.0\;C:\Program Files (x86)\Intel\Intel(R) Management Engine Components\DAL;C:\Program Files\Intel\Intel(R) Management Engine Components\DAL;C:\Program Files (x86)\Intel\Intel(R) Management Engine Components\IPT;C:\Program Files\Intel\Intel(R) Management Engine Components\IPT;C:\Program Files\Git\cmd;C:\Program Files\Java\jdk1.8.0_77\bin;C:\Users\WS\AppData\Local\Microsoft\WindowsApps;C:\Program Files\Java\jdk1.8.0_77\bin;%USERPROFILE%\AppData\Local\Microsoft\WindowsApps;
USERNAME=WS
OS=Windows_NT
PROCESSOR_IDENTIFIER=Intel64 Family 6 Model 60 Stepping 3, GenuineIntel



---------------  S Y S T E M  ---------------

OS: Windows 8.1 , 64 bit Build 9600 

CPU:total 8 (4 cores per cpu, 2 threads per core) family 6 model 60 stepping 3, cmov, cx8, fxsr, mmx, sse, sse2, sse3, ssse3, sse4.1, sse4.2, popcnt, avx, avx2, aes, clmul, erms, lzcnt, ht, tsc, tscinvbit, bmi1, bmi2

Memory: 4k page, physical 8305768k(1065404k free), swap 10668068k(2500k free)

vm_info: Java HotSpot(TM) 64-Bit Server VM (25.31-b07) for windows-amd64 JRE (1.8.0_31-b13), built on Dec 17 2014 21:00:28 by "java_re" with MS VC++ 10.0 (VS2010)

time: Mon Nov 21 22:41:19 2016
elapsed time: 18 seconds (0d 0h 0m 18s)

