#
# There is insufficient memory for the Java Runtime Environment to continue.
# Native memory allocation (malloc) failed to allocate 32744 bytes for ChunkPool::allocate
# Possible reasons:
#   The system is out of physical RAM or swap space
#   In 32 bit mode, the process size limit was hit
# Possible solutions:
#   Reduce memory load on the system
#   Increase physical memory or swap space
#   Check if swap backing store is full
#   Use 64 bit Java on a 64 bit OS
#   Decrease Java heap size (-Xmx/-Xms)
#   Decrease number of Java threads
#   Decrease Java thread stack sizes (-Xss)
#   Set larger code cache with -XX:ReservedCodeCacheSize=
# This output file may be truncated or incomplete.
#
#  Out of Memory Error (allocation.cpp:273), pid=10680, tid=6768
#
# JRE version: Java(TM) SE Runtime Environment (8.0_31-b13) (build 1.8.0_31-b13)
# Java VM: Java HotSpot(TM) 64-Bit Server VM (25.31-b07 mixed mode windows-amd64 compressed oops)
# Failed to write core dump. Minidumps are not enabled by default on client versions of Windows
#

---------------  T H R E A D  ---------------

Current thread (0x0000000017ec8800):  JavaThread "C2 CompilerThread2" daemon [_thread_in_native, id=6768, stack(0x0000000018640000,0x0000000018740000)]

Stack: [0x0000000018640000,0x0000000018740000]
Native frames: (J=compiled Java code, j=interpreted, Vv=VM code, C=native code)
V  [jvm.dll+0x3169ba]


Current CompileTask:
C2:   1351 1200   !   4       com.android.dx.cf.code.BytecodeArray::parseInstruction (2764 bytes)


---------------  P R O C E S S  ---------------

Java Threads: ( => current thread )
  0x0000000018013000 JavaThread "pool-2-thread-4" [_thread_in_Java, id=4356, stack(0x0000000019640000,0x0000000019740000)]
  0x0000000018143000 JavaThread "pool-2-thread-3" [_thread_in_Java, id=3880, stack(0x0000000019540000,0x0000000019640000)]
  0x0000000018142000 JavaThread "pool-2-thread-2" [_thread_in_vm, id=12092, stack(0x0000000019440000,0x0000000019540000)]
  0x00000000180a2000 JavaThread "pool-3-thread-1" [_thread_blocked, id=6772, stack(0x0000000019340000,0x0000000019440000)]
  0x00000000180a1800 JavaThread "pool-2-thread-1" [_thread_in_Java, id=6264, stack(0x0000000019240000,0x0000000019340000)]
  0x0000000017ed6000 JavaThread "Service Thread" daemon [_thread_blocked, id=7628, stack(0x0000000018840000,0x0000000018940000)]
  0x0000000017ecd800 JavaThread "C1 CompilerThread3" daemon [_thread_in_vm, id=6984, stack(0x0000000018740000,0x0000000018840000)]
=>0x0000000017ec8800 JavaThread "C2 CompilerThread2" daemon [_thread_in_native, id=6768, stack(0x0000000018640000,0x0000000018740000)]
  0x0000000017ec6000 JavaThread "C2 CompilerThread1" daemon [_thread_in_native, id=12116, stack(0x0000000018540000,0x0000000018640000)]
  0x0000000017ec3000 JavaThread "C2 CompilerThread0" daemon [_thread_in_native, id=4924, stack(0x0000000018440000,0x0000000018540000)]
  0x0000000017ec2000 JavaThread "Attach Listener" daemon [_thread_blocked, id=11920, stack(0x0000000018340000,0x0000000018440000)]
  0x0000000017ec1800 JavaThread "Signal Dispatcher" daemon [_thread_blocked, id=1280, stack(0x0000000018240000,0x0000000018340000)]
  0x0000000003302000 JavaThread "Finalizer" daemon [_thread_blocked, id=12784, stack(0x0000000017d20000,0x0000000017e20000)]
  0x0000000015e2b800 JavaThread "Reference Handler" daemon [_thread_blocked, id=6252, stack(0x0000000017c20000,0x0000000017d20000)]
  0x000000000153d800 JavaThread "main" [_thread_in_Java, id=11100, stack(0x0000000003010000,0x0000000003110000)]

Other Threads:
  0x0000000015e27800 VMThread [stack: 0x0000000017b20000,0x0000000017c20000] [id=8940]
  0x0000000017ed7000 WatcherThread [stack: 0x0000000018940000,0x0000000018a40000] [id=10640]

VM state:not at safepoint (normal execution)

VM Mutex/Monitor currently owned by a thread: None

Heap:
 PSYoungGen      total 38400K, used 24300K [0x00000000eab00000, 0x00000000ef600000, 0x0000000100000000)
  eden space 33280K, 57% used [0x00000000eab00000,0x00000000ebdbebc8,0x00000000ecb80000)
  from space 5120K, 99% used [0x00000000ecb80000,0x00000000ed07c748,0x00000000ed080000)
  to   space 5120K, 0% used [0x00000000ef100000,0x00000000ef100000,0x00000000ef600000)
 ParOldGen       total 87552K, used 1253K [0x00000000c0000000, 0x00000000c5580000, 0x00000000eab00000)
  object space 87552K, 1% used [0x00000000c0000000,0x00000000c01394b0,0x00000000c5580000)
 Metaspace       used 6066K, capacity 6960K, committed 7040K, reserved 1056768K
  class space    used 596K, capacity 616K, committed 640K, reserved 1048576K

Card table byte_map: [0x00000000126d0000,0x00000000128e0000] byte_map_base: 0x00000000120d0000

Marking Bits: (ParMarkBitMap*) 0x00000000687ed4f0
 Begin Bits: [0x0000000013240000, 0x0000000014240000)
 End Bits:   [0x0000000014240000, 0x0000000015240000)

Polling page: 0x0000000001520000

CodeCache: size=245760Kb used=5396Kb max_used=5396Kb free=240364Kb
 bounds [0x0000000003310000, 0x0000000003860000, 0x0000000012310000]
 total_blobs=1625 nmethods=1359 adapters=180
 compilation: enabled

Compilation events (10 events):
Event: 1.326 Thread 0x0000000017ec6000 nmethod 1236 0x0000000003854c10 code [0x0000000003854da0, 0x0000000003855408]
Event: 1.326 Thread 0x0000000017ec6000 1358       4       com.android.dx.ssa.MoveParamCombiner$1::visitNonMoveInsn (213 bytes)
Event: 1.327 Thread 0x0000000017ecd800 1365       3       com.android.dx.ssa.SsaBasicBlock::addMoveToEnd (172 bytes)
Event: 1.328 Thread 0x0000000017ec6000 nmethod 1358 0x000000000383efd0 code [0x000000000383f120, 0x000000000383f2b8]
Event: 1.328 Thread 0x0000000017ec6000 1364       4       com.android.dx.ssa.back.FirstFitLocalCombiningAllocator$1::processInsn (169 bytes)
Event: 1.329 Thread 0x0000000017ecd800 nmethod 1365 0x0000000003855a90 code [0x0000000003855e00, 0x0000000003857c88]
Event: 1.331 Thread 0x0000000017ecd800 1366       3       com.android.dx.rop.type.Prototype::compareTo (120 bytes)
Event: 1.332 Thread 0x0000000017ecd800 nmethod 1366 0x0000000003853450 code [0x0000000003853660, 0x00000000038544f8]
Event: 1.334 Thread 0x0000000017ecd800 1367       3       com.android.dx.cf.code.RopperMachine::updateReturnOp (115 bytes)
Event: 1.335 Thread 0x0000000017ecd800 nmethod 1367 0x00000000038590d0 code [0x0000000003859360, 0x000000000385a538]

GC Heap History (2 events):
Event: 1.113 GC heap before
{Heap before GC invocations=1 (full 0):
 PSYoungGen      total 38400K, used 33280K [0x00000000eab00000, 0x00000000ed580000, 0x0000000100000000)
  eden space 33280K, 100% used [0x00000000eab00000,0x00000000ecb80000,0x00000000ecb80000)
  from space 5120K, 0% used [0x00000000ed080000,0x00000000ed080000,0x00000000ed580000)
  to   space 5120K, 0% used [0x00000000ecb80000,0x00000000ecb80000,0x00000000ed080000)
 ParOldGen       total 87552K, used 0K [0x00000000c0000000, 0x00000000c5580000, 0x00000000eab00000)
  object space 87552K, 0% used [0x00000000c0000000,0x00000000c0000000,0x00000000c5580000)
 Metaspace       used 5911K, capacity 6832K, committed 7040K, reserved 1056768K
  class space    used 595K, capacity 616K, committed 640K, reserved 1048576K
Event: 1.132 GC heap after
Heap after GC invocations=1 (full 0):
 PSYoungGen      total 38400K, used 5105K [0x00000000eab00000, 0x00000000ef600000, 0x0000000100000000)
  eden space 33280K, 0% used [0x00000000eab00000,0x00000000eab00000,0x00000000ecb80000)
  from space 5120K, 99% used [0x00000000ecb80000,0x00000000ed07c748,0x00000000ed080000)
  to   space 5120K, 0% used [0x00000000ef100000,0x00000000ef100000,0x00000000ef600000)
 ParOldGen       total 87552K, used 1253K [0x00000000c0000000, 0x00000000c5580000, 0x00000000eab00000)
  object space 87552K, 1% used [0x00000000c0000000,0x00000000c01394b0,0x00000000c5580000)
 Metaspace       used 5911K, capacity 6832K, committed 7040K, reserved 1056768K
  class space    used 595K, capacity 616K, committed 640K, reserved 1048576K
}

Deoptimization events (2 events):
Event: 0.841 Thread 0x0000000018142000 Uncommon trap: reason=bimorphic action=maybe_recompile pc=0x0000000003526010 method=java.util.HashMap.getNode(ILjava/lang/Object;)Ljava/util/HashMap$Node; @ 126
Event: 1.241 Thread 0x0000000018142000 Uncommon trap: reason=null_check action=make_not_entrant pc=0x000000000364e37c method=com.android.dx.ssa.SsaRenamer.getLocalForNewReg(I)Lcom/android/dx/rop/code/LocalItem; @ 19

Internal exceptions (10 events):
Event: 0.824 Thread 0x0000000018143000 Exception <a 'java/security/PrivilegedActionException'> (0x00000000ebabf6d8) thrown at [C:\workspace\8-2-build-windows-amd64-cygwin\jdk8u31\2394\hotspot\src\share\vm\prims\jvm.cpp, line 1312]
Event: 0.825 Thread 0x0000000018143000 Exception <a 'java/security/PrivilegedActionException'> (0x00000000ebac4e90) thrown at [C:\workspace\8-2-build-windows-amd64-cygwin\jdk8u31\2394\hotspot\src\share\vm\prims\jvm.cpp, line 1312]
Event: 0.829 Thread 0x000000000153d800 Exception <a 'java/security/PrivilegedActionException'> (0x00000000eb911d30) thrown at [C:\workspace\8-2-build-windows-amd64-cygwin\jdk8u31\2394\hotspot\src\share\vm\prims\jvm.cpp, line 1312]
Event: 0.831 Thread 0x000000000153d800 Exception <a 'java/security/PrivilegedActionException'> (0x00000000eb918528) thrown at [C:\workspace\8-2-build-windows-amd64-cygwin\jdk8u31\2394\hotspot\src\share\vm\prims\jvm.cpp, line 1312]
Event: 0.864 Thread 0x0000000018143000 Exception <a 'java/security/PrivilegedActionException'> (0x00000000ebb02840) thrown at [C:\workspace\8-2-build-windows-amd64-cygwin\jdk8u31\2394\hotspot\src\share\vm\prims\jvm.cpp, line 1312]
Event: 0.880 Thread 0x0000000018142000 Exception <a 'java/security/PrivilegedActionException'> (0x00000000ebd98598) thrown at [C:\workspace\8-2-build-windows-amd64-cygwin\jdk8u31\2394\hotspot\src\share\vm\prims\jvm.cpp, line 1312]
Event: 0.944 Thread 0x000000000153d800 Exception <a 'java/security/PrivilegedActionException'> (0x00000000ec126758) thrown at [C:\workspace\8-2-build-windows-amd64-cygwin\jdk8u31\2394\hotspot\src\share\vm\prims\jvm.cpp, line 1312]
Event: 0.946 Thread 0x000000000153d800 Exception <a 'java/security/PrivilegedActionException'> (0x00000000ec137b90) thrown at [C:\workspace\8-2-build-windows-amd64-cygwin\jdk8u31\2394\hotspot\src\share\vm\prims\jvm.cpp, line 1312]
Event: 1.241 Thread 0x0000000018142000 Implicit null exception at 0x000000000364beb6 to 0x000000000364e355
Event: 1.290 Thread 0x000000000153d800 Exception <a 'java/security/PrivilegedActionException'> (0x00000000eb8da810) thrown at [C:\workspace\8-2-build-windows-amd64-cygwin\jdk8u31\2394\hotspot\src\share\vm\prims\jvm.cpp, line 1312]

Events (10 events):
Event: 0.946 loading class com/android/dx/cf/code/SwitchList done
Event: 1.029 loading class java/util/DualPivotQuicksort
Event: 1.030 loading class java/util/DualPivotQuicksort done
Event: 1.109 Executing VM operation: ParallelGCFailedAllocation
Event: 1.132 Executing VM operation: ParallelGCFailedAllocation done
Event: 1.241 Thread 0x0000000018142000 Uncommon trap: trap_request=0xfffffff4 fr.pc=0x000000000364e37c
Event: 1.241 Thread 0x0000000018142000 DEOPT PACKING pc=0x000000000364e37c sp=0x000000001953e5b0
Event: 1.241 Thread 0x0000000018142000 DEOPT UNPACKING pc=0x000000000335556a sp=0x000000001953e3e8 mode 2
Event: 1.290 loading class com/android/dx/cf/attrib/AttExceptions
Event: 1.290 loading class com/android/dx/cf/attrib/AttExceptions done


Dynamic libraries:
0x00007ff636880000 - 0x00007ff6368b4000 	C:\Program Files\Java\jdk1.8.0_31\bin\java.exe
0x00007ff916a40000 - 0x00007ff916c11000 	C:\WINDOWS\SYSTEM32\ntdll.dll
0x00007ff916990000 - 0x00007ff916a3b000 	C:\WINDOWS\System32\KERNEL32.DLL
0x00007ff913920000 - 0x00007ff913b3d000 	C:\WINDOWS\System32\KERNELBASE.dll
0x00007ff9145f0000 - 0x00007ff914692000 	C:\WINDOWS\System32\ADVAPI32.dll
0x00007ff914550000 - 0x00007ff9145ee000 	C:\WINDOWS\System32\msvcrt.dll
0x00007ff916580000 - 0x00007ff9165d9000 	C:\WINDOWS\System32\sechost.dll
0x00007ff914320000 - 0x00007ff914441000 	C:\WINDOWS\System32\RPCRT4.dll
0x00007ff9167c0000 - 0x00007ff916925000 	C:\WINDOWS\System32\USER32.dll
0x00007ff913900000 - 0x00007ff91391e000 	C:\WINDOWS\System32\win32u.dll
0x00007ff916210000 - 0x00007ff916244000 	C:\WINDOWS\System32\GDI32.dll
0x00007ff913770000 - 0x00007ff9138f2000 	C:\WINDOWS\System32\gdi32full.dll
0x00007ff9087d0000 - 0x00007ff908a49000 	C:\WINDOWS\WinSxS\amd64_microsoft.windows.common-controls_6595b64144ccf1df_6.0.14393.0_none_2d0f50fcbdb171b8\COMCTL32.dll
0x00007ff9162b0000 - 0x00007ff916577000 	C:\WINDOWS\System32\combase.dll
0x00007ff913b90000 - 0x00007ff913c85000 	C:\WINDOWS\System32\ucrtbase.dll
0x00007ff913d90000 - 0x00007ff913dfa000 	C:\WINDOWS\System32\bcryptPrimitives.dll
0x00007ff914510000 - 0x00007ff91453e000 	C:\WINDOWS\System32\IMM32.DLL
0x0000000068870000 - 0x0000000068942000 	C:\Program Files\Java\jdk1.8.0_31\jre\bin\msvcr100.dll
0x0000000068010000 - 0x000000006886a000 	C:\Program Files\Java\jdk1.8.0_31\jre\bin\server\jvm.dll
0x00007ff916690000 - 0x00007ff916698000 	C:\WINDOWS\System32\PSAPI.DLL
0x00007ff9075c0000 - 0x00007ff9075c9000 	C:\WINDOWS\SYSTEM32\WSOCK32.dll
0x00007ff9161a0000 - 0x00007ff91620a000 	C:\WINDOWS\System32\WS2_32.dll
0x00007ff9110d0000 - 0x00007ff9110f3000 	C:\WINDOWS\SYSTEM32\WINMM.dll
0x00007ff911080000 - 0x00007ff9110ab000 	C:\WINDOWS\SYSTEM32\WINMMBASE.dll
0x00007ff913b40000 - 0x00007ff913b82000 	C:\WINDOWS\System32\cfgmgr32.dll
0x0000000068000000 - 0x000000006800f000 	C:\Program Files\Java\jdk1.8.0_31\jre\bin\verify.dll
0x0000000067fd0000 - 0x0000000067ff8000 	C:\Program Files\Java\jdk1.8.0_31\jre\bin\java.dll
0x0000000067fb0000 - 0x0000000067fc6000 	C:\Program Files\Java\jdk1.8.0_31\jre\bin\zip.dll
0x00007ff914c90000 - 0x00007ff916198000 	C:\WINDOWS\System32\SHELL32.dll
0x00007ff912f30000 - 0x00007ff91360a000 	C:\WINDOWS\System32\windows.storage.dll
0x00007ff912eb0000 - 0x00007ff912efc000 	C:\WINDOWS\System32\powrprof.dll
0x00007ff916930000 - 0x00007ff916982000 	C:\WINDOWS\System32\shlwapi.dll
0x00007ff912f00000 - 0x00007ff912f0f000 	C:\WINDOWS\System32\kernel.appcore.dll
0x00007ff913610000 - 0x00007ff9136b9000 	C:\WINDOWS\System32\shcore.dll
0x00007ff912f10000 - 0x00007ff912f24000 	C:\WINDOWS\System32\profapi.dll

VM Arguments:
jvm_args: -Djava.awt.headless=true -Xmx1024M -Dfile.encoding=GBK -Duser.country=US -Duser.language=en -Duser.variant 
java_command: com.android.dx.command.Main --dex --force-jumbo --num-threads=4 --multi-dex --output C:\Users\WS\AndroidStudioProjects\sql1234\app\build\intermediates\transforms\dex\debug\folders\1000\10\com.android.support-appcompat-v7-23.4.0_869823e1ca98666639a0f3336d8a3d494c8edf46 C:\Users\WS\AndroidStudioProjects\sql1234\app\build\intermediates\exploded-aar\com.android.support\appcompat-v7\23.4.0\jars\classes.jar
java_class_path (initial): C:\Users\WS\AppData\Local\Android\sdk\build-tools\23.0.3\lib\dx.jar
Launcher Type: SUN_STANDARD

Environment Variables:
PATH=C:\Program Files (x86)\Razer Chroma SDK\bin;C:\Program Files\Razer Chroma SDK\bin;C:\Program Files (x86)\Intel\iCLS Client\;C:\Program Files\Intel\iCLS Client\;C:\ProgramData\Oracle\Java\javapath;C:\Windows\system32;C:\Windows;C:\Windows\System32\Wbem;C:\Windows\System32\WindowsPowerShell\v1.0\;C:\Program Files (x86)\NVIDIA Corporation\PhysX\Common;C:\Users\WS\.dnx\bin;C:\Program Files\Microsoft DNX\Dnvm\;C:\Program Files\Microsoft SQL Server\120\Tools\Binn\;C:\Program Files (x86)\Skype\Phone\;C:\Program Files (x86)\QuickTime\QTSystem\;C:\WINDOWS\system32;C:\WINDOWS;C:\WINDOWS\System32\Wbem;C:\WINDOWS\System32\WindowsPowerShell\v1.0\;C:\Program Files (x86)\Intel\Intel(R) Management Engine Components\DAL;C:\Program Files\Intel\Intel(R) Management Engine Components\DAL;C:\Program Files (x86)\Intel\Intel(R) Management Engine Components\IPT;C:\Program Files\Intel\Intel(R) Management Engine Components\IPT;C:\Program Files\Git\cmd;C:\Program Files\Java\jdk1.8.0_77\bin;C:\Users\WS\AppData\Local\Microsoft\WindowsApps;C:\Program Files\Java\jdk1.8.0_77\bin;%USERPROFILE%\AppData\Local\Microsoft\WindowsApps;
USERNAME=WS
OS=Windows_NT
PROCESSOR_IDENTIFIER=Intel64 Family 6 Model 60 Stepping 3, GenuineIntel



---------------  S Y S T E M  ---------------

OS: Windows 8.1 , 64 bit Build 9600 

CPU:total 8 (4 cores per cpu, 2 threads per core) family 6 model 60 stepping 3, cmov, cx8, fxsr, mmx, sse, sse2, sse3, ssse3, sse4.1, sse4.2, popcnt, avx, avx2, aes, clmul, erms, lzcnt, ht, tsc, tscinvbit, bmi1, bmi2

Memory: 4k page, physical 8305768k(976044k free), swap 11283948k(3092k free)

vm_info: Java HotSpot(TM) 64-Bit Server VM (25.31-b07) for windows-amd64 JRE (1.8.0_31-b13), built on Dec 17 2014 21:00:28 by "java_re" with MS VC++ 10.0 (VS2010)

time: Fri Nov 04 21:33:22 2016
elapsed time: 1 seconds (0d 0h 0m 1s)

