#
# There is insufficient memory for the Java Runtime Environment to continue.
# Native memory allocation (malloc) failed to allocate 1653776 bytes for Chunk::new
# Possible reasons:
#   The system is out of physical RAM or swap space
#   In 32 bit mode, the process size limit was hit
# Possible solutions:
#   Reduce memory load on the system
#   Increase physical memory or swap space
#   Check if swap backing store is full
#   Use 64 bit Java on a 64 bit OS
#   Decrease Java heap size (-Xmx/-Xms)
#   Decrease number of Java threads
#   Decrease Java thread stack sizes (-Xss)
#   Set larger code cache with -XX:ReservedCodeCacheSize=
# This output file may be truncated or incomplete.
#
#  Out of Memory Error (allocation.cpp:390), pid=3388, tid=2028
#
# JRE version: Java(TM) SE Runtime Environment (8.0_31-b13) (build 1.8.0_31-b13)
# Java VM: Java HotSpot(TM) 64-Bit Server VM (25.31-b07 mixed mode windows-amd64 compressed oops)
# Failed to write core dump. Minidumps are not enabled by default on client versions of Windows
#

---------------  T H R E A D  ---------------

Current thread (0x0000000017d83000):  JavaThread "C2 CompilerThread0" daemon [_thread_in_native, id=2028, stack(0x0000000018300000,0x0000000018400000)]

Stack: [0x0000000018300000,0x0000000018400000]
Native frames: (J=compiled Java code, j=interpreted, Vv=VM code, C=native code)
V  [jvm.dll+0x3169ba]
V  [jvm.dll+0x2674c3]
V  [jvm.dll+0x268103]
V  [jvm.dll+0x25f8f5]
V  [jvm.dll+0xbf025]
V  [jvm.dll+0xbf4cc]
V  [jvm.dll+0x44b7f2]
V  [jvm.dll+0x4c0fa5]
V  [jvm.dll+0x4c1bdf]
V  [jvm.dll+0x4519e1]
V  [jvm.dll+0x4541b8]
V  [jvm.dll+0x437c62]
V  [jvm.dll+0x988e2]
V  [jvm.dll+0x990d3]
V  [jvm.dll+0x22c194]
V  [jvm.dll+0x28576a]
C  [msvcr100.dll+0x21d9f]
C  [msvcr100.dll+0x21e3b]
C  [KERNEL32.DLL+0x8364]
C  [ntdll.dll+0x65e91]


Current CompileTask:
C2:   3063 1987       4       com.android.dx.rop.code.Rops::ropFor (771 bytes)


---------------  P R O C E S S  ---------------

Java Threads: ( => current thread )
  0x00000000180b7000 JavaThread "pool-2-thread-4" [_thread_blocked, id=11184, stack(0x0000000019500000,0x0000000019600000)]
  0x00000000180b1000 JavaThread "pool-2-thread-3" [_thread_blocked, id=5000, stack(0x0000000019400000,0x0000000019500000)]
  0x00000000180c4000 JavaThread "pool-2-thread-2" [_thread_in_vm, id=12000, stack(0x0000000019300000,0x0000000019400000)]
  0x0000000018a60000 JavaThread "pool-3-thread-1" [_thread_blocked, id=4280, stack(0x0000000019200000,0x0000000019300000)]
  0x0000000018a5d000 JavaThread "pool-2-thread-1" [_thread_in_Java, id=7576, stack(0x0000000019100000,0x0000000019200000)]
  0x0000000017e23000 JavaThread "Service Thread" daemon [_thread_blocked, id=6884, stack(0x0000000018700000,0x0000000018800000)]
  0x0000000017dc0800 JavaThread "C1 CompilerThread3" daemon [_thread_blocked, id=12432, stack(0x0000000018600000,0x0000000018700000)]
  0x0000000017d8a800 JavaThread "C2 CompilerThread2" daemon [_thread_in_native, id=11788, stack(0x0000000018500000,0x0000000018600000)]
  0x0000000017d86000 JavaThread "C2 CompilerThread1" daemon [_thread_in_native, id=5084, stack(0x0000000018400000,0x0000000018500000)]
=>0x0000000017d83000 JavaThread "C2 CompilerThread0" daemon [_thread_in_native, id=2028, stack(0x0000000018300000,0x0000000018400000)]
  0x0000000017d82000 JavaThread "Attach Listener" daemon [_thread_blocked, id=260, stack(0x0000000018200000,0x0000000018300000)]
  0x0000000017d81800 JavaThread "Signal Dispatcher" daemon [_thread_blocked, id=404, stack(0x0000000018100000,0x0000000018200000)]
  0x00000000030e8000 JavaThread "Finalizer" daemon [_thread_blocked, id=9624, stack(0x0000000017ae0000,0x0000000017be0000)]
  0x0000000015c0c000 JavaThread "Reference Handler" daemon [_thread_blocked, id=5848, stack(0x00000000179e0000,0x0000000017ae0000)]
  0x0000000002b4d800 JavaThread "main" [_thread_in_Java, id=9792, stack(0x0000000002ef0000,0x0000000002ff0000)]

Other Threads:
  0x0000000015c08000 VMThread [stack: 0x00000000178e0000,0x00000000179e0000] [id=8504]
  0x0000000017e2c000 WatcherThread [stack: 0x0000000018800000,0x0000000018900000] [id=11032]

VM state:not at safepoint (normal execution)

VM Mutex/Monitor currently owned by a thread: None

Heap:
 PSYoungGen      total 138240K, used 25310K [0x00000000eab00000, 0x00000000fe600000, 0x0000000100000000)
  eden space 133120K, 15% used [0x00000000eab00000,0x00000000ebebd128,0x00000000f2d00000)
  from space 5120K, 99% used [0x00000000f2d00000,0x00000000f31fa920,0x00000000f3200000)
  to   space 28160K, 0% used [0x00000000fca80000,0x00000000fca80000,0x00000000fe600000)
 ParOldGen       total 87552K, used 45101K [0x00000000c0000000, 0x00000000c5580000, 0x00000000eab00000)
  object space 87552K, 51% used [0x00000000c0000000,0x00000000c2c0b5e8,0x00000000c5580000)
 Metaspace       used 6505K, capacity 7256K, committed 7424K, reserved 1056768K
  class space    used 616K, capacity 656K, committed 768K, reserved 1048576K

Card table byte_map: [0x00000000124b0000,0x00000000126c0000] byte_map_base: 0x0000000011eb0000

Marking Bits: (ParMarkBitMap*) 0x00000000687ed4f0
 Begin Bits: [0x0000000013020000, 0x0000000014020000)
 End Bits:   [0x0000000014020000, 0x0000000015020000)

Polling page: 0x0000000001540000

CodeCache: size=245760Kb used=7932Kb max_used=7932Kb free=237827Kb
 bounds [0x00000000030f0000, 0x00000000038c0000, 0x00000000120f0000]
 total_blobs=2277 nmethods=2010 adapters=180
 compilation: enabled

Compilation events (10 events):
Event: 2.971 Thread 0x0000000017dc0800 2075       2       com.android.dx.command.dexer.Main$DirectClassFileConsumer::<init> (20 bytes)
Event: 2.971 Thread 0x0000000017dc0800 nmethod 2075 0x0000000003867810 code [0x0000000003867960, 0x0000000003867af0]
Event: 2.971 Thread 0x0000000017dc0800 2076       2       com.android.dx.command.dexer.Main$ClassParserTask::<init> (7 bytes)
Event: 2.971 Thread 0x0000000017dc0800 nmethod 2076 0x00000000038674d0 code [0x0000000003867620, 0x0000000003867790]
Event: 2.972 Thread 0x0000000017dc0800 2079       2       com.android.dx.cf.direct.DirectClassFile::isGoodVersion (38 bytes)
Event: 2.972 Thread 0x0000000017dc0800 nmethod 2079 0x00000000038b04d0 code [0x00000000038b0620, 0x00000000038b07d0]
Event: 2.972 Thread 0x0000000017dc0800 2080       2       com.android.dx.cf.cst.ConstantPoolParser::<init> (41 bytes)
Event: 2.972 Thread 0x0000000017dc0800 nmethod 2080 0x00000000038b0850 code [0x00000000038b09c0, 0x00000000038b0d38]
Event: 2.972 Thread 0x0000000017dc0800 2081       2       com.android.dx.rop.type.Type::getClassName (94 bytes)
Event: 2.973 Thread 0x0000000017dc0800 nmethod 2081 0x00000000038b0f90 code [0x00000000038b1140, 0x00000000038b1638]

GC Heap History (10 events):
Event: 0.842 GC heap before
{Heap before GC invocations=1 (full 0):
 PSYoungGen      total 38400K, used 33280K [0x00000000eab00000, 0x00000000ed580000, 0x0000000100000000)
  eden space 33280K, 100% used [0x00000000eab00000,0x00000000ecb80000,0x00000000ecb80000)
  from space 5120K, 0% used [0x00000000ed080000,0x00000000ed080000,0x00000000ed580000)
  to   space 5120K, 0% used [0x00000000ecb80000,0x00000000ecb80000,0x00000000ed080000)
 ParOldGen       total 87552K, used 0K [0x00000000c0000000, 0x00000000c5580000, 0x00000000eab00000)
  object space 87552K, 0% used [0x00000000c0000000,0x00000000c0000000,0x00000000c5580000)
 Metaspace       used 5824K, capacity 6768K, committed 7040K, reserved 1056768K
  class space    used 593K, capacity 616K, committed 640K, reserved 1048576K
Event: 0.858 GC heap after
Heap after GC invocations=1 (full 0):
 PSYoungGen      total 38400K, used 5089K [0x00000000eab00000, 0x00000000ef600000, 0x0000000100000000)
  eden space 33280K, 0% used [0x00000000eab00000,0x00000000eab00000,0x00000000ecb80000)
  from space 5120K, 99% used [0x00000000ecb80000,0x00000000ed078470,0x00000000ed080000)
  to   space 5120K, 0% used [0x00000000ef100000,0x00000000ef100000,0x00000000ef600000)
 ParOldGen       total 87552K, used 376K [0x00000000c0000000, 0x00000000c5580000, 0x00000000eab00000)
  object space 87552K, 0% used [0x00000000c0000000,0x00000000c005e0c8,0x00000000c5580000)
 Metaspace       used 5824K, capacity 6768K, committed 7040K, reserved 1056768K
  class space    used 593K, capacity 616K, committed 640K, reserved 1048576K
}
Event: 1.301 GC heap before
{Heap before GC invocations=2 (full 0):
 PSYoungGen      total 38400K, used 38369K [0x00000000eab00000, 0x00000000ef600000, 0x0000000100000000)
  eden space 33280K, 100% used [0x00000000eab00000,0x00000000ecb80000,0x00000000ecb80000)
  from space 5120K, 99% used [0x00000000ecb80000,0x00000000ed078470,0x00000000ed080000)
  to   space 5120K, 0% used [0x00000000ef100000,0x00000000ef100000,0x00000000ef600000)
 ParOldGen       total 87552K, used 376K [0x00000000c0000000, 0x00000000c5580000, 0x00000000eab00000)
  object space 87552K, 0% used [0x00000000c0000000,0x00000000c005e0c8,0x00000000c5580000)
 Metaspace       used 6093K, capacity 6960K, committed 7040K, reserved 1056768K
  class space    used 595K, capacity 616K, committed 640K, reserved 1048576K
Event: 1.340 GC heap after
Heap after GC invocations=2 (full 0):
 PSYoungGen      total 71680K, used 5093K [0x00000000eab00000, 0x00000000ef600000, 0x0000000100000000)
  eden space 66560K, 0% used [0x00000000eab00000,0x00000000eab00000,0x00000000eec00000)
  from space 5120K, 99% used [0x00000000ef100000,0x00000000ef5f96c0,0x00000000ef600000)
  to   space 5120K, 0% used [0x00000000eec00000,0x00000000eec00000,0x00000000ef100000)
 ParOldGen       total 87552K, used 4047K [0x00000000c0000000, 0x00000000c5580000, 0x00000000eab00000)
  object space 87552K, 4% used [0x00000000c0000000,0x00000000c03f3de8,0x00000000c5580000)
 Metaspace       used 6093K, capacity 6960K, committed 7040K, reserved 1056768K
  class space    used 595K, capacity 616K, committed 640K, reserved 1048576K
}
Event: 1.834 GC heap before
{Heap before GC invocations=3 (full 0):
 PSYoungGen      total 71680K, used 71653K [0x00000000eab00000, 0x00000000ef600000, 0x0000000100000000)
  eden space 66560K, 100% used [0x00000000eab00000,0x00000000eec00000,0x00000000eec00000)
  from space 5120K, 99% used [0x00000000ef100000,0x00000000ef5f96c0,0x00000000ef600000)
  to   space 5120K, 0% used [0x00000000eec00000,0x00000000eec00000,0x00000000ef100000)
 ParOldGen       total 87552K, used 4047K [0x00000000c0000000, 0x00000000c5580000, 0x00000000eab00000)
  object space 87552K, 4% used [0x00000000c0000000,0x00000000c03f3de8,0x00000000c5580000)
 Metaspace       used 6278K, capacity 7152K, committed 7296K, reserved 1056768K
  class space    used 596K, capacity 616K, committed 640K, reserved 1048576K
Event: 1.907 GC heap after
Heap after GC invocations=3 (full 0):
 PSYoungGen      total 71680K, used 5113K [0x00000000eab00000, 0x00000000f3700000, 0x0000000100000000)
  eden space 66560K, 0% used [0x00000000eab00000,0x00000000eab00000,0x00000000eec00000)
  from space 5120K, 99% used [0x00000000eec00000,0x00000000ef0fe608,0x00000000ef100000)
  to   space 5120K, 0% used [0x00000000f3200000,0x00000000f3200000,0x00000000f3700000)
 ParOldGen       total 87552K, used 13789K [0x00000000c0000000, 0x00000000c5580000, 0x00000000eab00000)
  object space 87552K, 15% used [0x00000000c0000000,0x00000000c0d776d0,0x00000000c5580000)
 Metaspace       used 6278K, capacity 7152K, committed 7296K, reserved 1056768K
  class space    used 596K, capacity 616K, committed 640K, reserved 1048576K
}
Event: 2.168 GC heap before
{Heap before GC invocations=4 (full 0):
 PSYoungGen      total 71680K, used 71673K [0x00000000eab00000, 0x00000000f3700000, 0x0000000100000000)
  eden space 66560K, 100% used [0x00000000eab00000,0x00000000eec00000,0x00000000eec00000)
  from space 5120K, 99% used [0x00000000eec00000,0x00000000ef0fe608,0x00000000ef100000)
  to   space 5120K, 0% used [0x00000000f3200000,0x00000000f3200000,0x00000000f3700000)
 ParOldGen       total 87552K, used 13789K [0x00000000c0000000, 0x00000000c5580000, 0x00000000eab00000)
  object space 87552K, 15% used [0x00000000c0000000,0x00000000c0d776d0,0x00000000c5580000)
 Metaspace       used 6333K, capacity 7152K, committed 7296K, reserved 1056768K
  class space    used 596K, capacity 616K, committed 640K, reserved 1048576K
Event: 2.199 GC heap after
Heap after GC invocations=4 (full 0):
 PSYoungGen      total 138240K, used 5092K [0x00000000eab00000, 0x00000000f3700000, 0x0000000100000000)
  eden space 133120K, 0% used [0x00000000eab00000,0x00000000eab00000,0x00000000f2d00000)
  from space 5120K, 99% used [0x00000000f3200000,0x00000000f36f9360,0x00000000f3700000)
  to   space 5120K, 0% used [0x00000000f2d00000,0x00000000f2d00000,0x00000000f3200000)
 ParOldGen       total 87552K, used 23799K [0x00000000c0000000, 0x00000000c5580000, 0x00000000eab00000)
  object space 87552K, 27% used [0x00000000c0000000,0x00000000c173def8,0x00000000c5580000)
 Metaspace       used 6333K, capacity 7152K, committed 7296K, reserved 1056768K
  class space    used 596K, capacity 616K, committed 640K, reserved 1048576K
}
Event: 2.976 GC heap before
{Heap before GC invocations=5 (full 0):
 PSYoungGen      total 138240K, used 138212K [0x00000000eab00000, 0x00000000f3700000, 0x0000000100000000)
  eden space 133120K, 100% used [0x00000000eab00000,0x00000000f2d00000,0x00000000f2d00000)
  from space 5120K, 99% used [0x00000000f3200000,0x00000000f36f9360,0x00000000f3700000)
  to   space 5120K, 0% used [0x00000000f2d00000,0x00000000f2d00000,0x00000000f3200000)
 ParOldGen       total 87552K, used 23799K [0x00000000c0000000, 0x00000000c5580000, 0x00000000eab00000)
  object space 87552K, 27% used [0x00000000c0000000,0x00000000c173def8,0x00000000c5580000)
 Metaspace       used 6501K, capacity 7256K, committed 7424K, reserved 1056768K
  class space    used 616K, capacity 656K, committed 768K, reserved 1048576K
Event: 3.030 GC heap after
Heap after GC invocations=5 (full 0):
 PSYoungGen      total 138240K, used 5098K [0x00000000eab00000, 0x00000000fe600000, 0x0000000100000000)
  eden space 133120K, 0% used [0x00000000eab00000,0x00000000eab00000,0x00000000f2d00000)
  from space 5120K, 99% used [0x00000000f2d00000,0x00000000f31fa920,0x00000000f3200000)
  to   space 28160K, 0% used [0x00000000fca80000,0x00000000fca80000,0x00000000fe600000)
 ParOldGen       total 87552K, used 45101K [0x00000000c0000000, 0x00000000c5580000, 0x00000000eab00000)
  object space 87552K, 51% used [0x00000000c0000000,0x00000000c2c0b5e8,0x00000000c5580000)
 Metaspace       used 6501K, capacity 7256K, committed 7424K, reserved 1056768K
  class space    used 616K, capacity 656K, committed 768K, reserved 1048576K
}

Deoptimization events (10 events):
Event: 1.463 Thread 0x00000000180c4000 Uncommon trap: reason=bimorphic action=maybe_recompile pc=0x000000000332a710 method=java.util.HashMap.getNode(ILjava/lang/Object;)Ljava/util/HashMap$Node; @ 126
Event: 1.931 Thread 0x00000000180c4000 Uncommon trap: reason=bimorphic action=maybe_recompile pc=0x000000000372ddc4 method=com.android.dx.cf.code.BytecodeArray.parseInstruction(ILcom/android/dx/cf/code/BytecodeArray$Visitor;)I @ 1130
Event: 1.931 Thread 0x00000000180c4000 Uncommon trap: reason=bimorphic action=maybe_recompile pc=0x000000000372ddc4 method=com.android.dx.cf.code.BytecodeArray.parseInstruction(ILcom/android/dx/cf/code/BytecodeArray$Visitor;)I @ 1130
Event: 2.098 Thread 0x0000000002b4d800 Uncommon trap: reason=unloaded action=reinterpret pc=0x000000000376c6cc method=com.android.dx.cf.cst.ConstantPoolParser.parse0(ILjava/util/BitSet;)Lcom/android/dx/rop/cst/Constant; @ 220
Event: 2.104 Thread 0x00000000180b1000 Uncommon trap: reason=unreached action=reinterpret pc=0x00000000036ef3e8 method=com.android.dx.ssa.SCCP.simulateBranch(Lcom/android/dx/ssa/SsaInsn;)V @ 132
Event: 2.107 Thread 0x00000000180b1000 Uncommon trap: reason=class_check action=maybe_recompile pc=0x000000000364c344 method=java.util.HashMap.putVal(ILjava/lang/Object;Ljava/lang/Object;ZZ)Ljava/lang/Object; @ 203
Event: 2.652 Thread 0x00000000180b7000 Uncommon trap: reason=unreached action=reinterpret pc=0x0000000003412e9c method=java.util.HashMap.getNode(ILjava/lang/Object;)Ljava/util/HashMap$Node; @ 84
Event: 2.666 Thread 0x00000000180c4000 Uncommon trap: reason=unreached action=reinterpret pc=0x00000000036b4e30 method=java.util.HashMap.getNode(ILjava/lang/Object;)Ljava/util/HashMap$Node; @ 84
Event: 2.782 Thread 0x0000000002b4d800 Uncommon trap: reason=bimorphic action=maybe_recompile pc=0x0000000003882af0 method=com.android.dx.cf.code.BytecodeArray.parseInstruction(ILcom/android/dx/cf/code/BytecodeArray$Visitor;)I @ 1501
Event: 2.782 Thread 0x0000000002b4d800 Uncommon trap: reason=bimorphic action=maybe_recompile pc=0x0000000003882af0 method=com.android.dx.cf.code.BytecodeArray.parseInstruction(ILcom/android/dx/cf/code/BytecodeArray$Visitor;)I @ 1501

Internal exceptions (10 events):
Event: 0.724 Thread 0x00000000180c4000 Exception <a 'java/security/PrivilegedActionException'> (0x00000000ebe5e128) thrown at [C:\workspace\8-2-build-windows-amd64-cygwin\jdk8u31\2394\hotspot\src\share\vm\prims\jvm.cpp, line 1312]
Event: 0.774 Thread 0x0000000018a5d000 Exception <a 'java/security/PrivilegedActionException'> (0x00000000ec56c560) thrown at [C:\workspace\8-2-build-windows-amd64-cygwin\jdk8u31\2394\hotspot\src\share\vm\prims\jvm.cpp, line 1312]
Event: 0.830 Thread 0x00000000180b7000 Exception <a 'java/security/PrivilegedActionException'> (0x00000000ec95a9d0) thrown at [C:\workspace\8-2-build-windows-amd64-cygwin\jdk8u31\2394\hotspot\src\share\vm\prims\jvm.cpp, line 1312]
Event: 0.913 Thread 0x00000000180c4000 Implicit null exception at 0x00000000033d1f62 to 0x00000000033d2065
Event: 0.917 Thread 0x00000000180b1000 Exception <a 'java/security/PrivilegedActionException'> (0x00000000eafa56a8) thrown at [C:\workspace\8-2-build-windows-amd64-cygwin\jdk8u31\2394\hotspot\src\share\vm\prims\jvm.cpp, line 1312]
Event: 1.454 Thread 0x0000000002b4d800 Exception <a 'java/security/PrivilegedActionException'> (0x00000000eb79faa0) thrown at [C:\workspace\8-2-build-windows-amd64-cygwin\jdk8u31\2394\hotspot\src\share\vm\prims\jvm.cpp, line 1312]
Event: 1.459 Thread 0x0000000002b4d800 Exception <a 'java/security/PrivilegedActionException'> (0x00000000eb7fe7b0) thrown at [C:\workspace\8-2-build-windows-amd64-cygwin\jdk8u31\2394\hotspot\src\share\vm\prims\jvm.cpp, line 1312]
Event: 2.651 Thread 0x00000000180b7000 Exception <a 'java/lang/ArrayIndexOutOfBoundsException': 18> (0x00000000f02a9cc8) thrown at [C:\workspace\8-2-build-windows-amd64-cygwin\jdk8u31\2394\hotspot\src\share\vm\interpreter\interpreterRuntime.cpp, line 366]
Event: 2.651 Thread 0x00000000180b7000 Exception <a 'java/lang/ArrayIndexOutOfBoundsException': 145> (0x00000000f02ab760) thrown at [C:\workspace\8-2-build-windows-amd64-cygwin\jdk8u31\2394\hotspot\src\share\vm\interpreter\interpreterRuntime.cpp, line 366]
Event: 2.652 Thread 0x00000000180b7000 Exception <a 'java/lang/ArrayIndexOutOfBoundsException'> (0x00000000f02ac978) thrown at [C:\workspace\8-2-build-windows-amd64-cygwin\jdk8u31\2394\hotspot\src\share\vm\runtime\sharedRuntime.cpp, line 604]

Events (10 events):
Event: 2.666 Thread 0x00000000180c4000 DEOPT PACKING pc=0x00000000036b4e30 sp=0x00000000193fe690
Event: 2.666 Thread 0x00000000180c4000 DEOPT UNPACKING pc=0x000000000313556a sp=0x00000000193fe608 mode 2
Event: 2.782 Thread 0x0000000002b4d800 Uncommon trap: trap_request=0xffffffc6 fr.pc=0x0000000003882af0
Event: 2.782 Thread 0x0000000002b4d800 DEOPT PACKING pc=0x0000000003882af0 sp=0x0000000002fee370
Event: 2.782 Thread 0x0000000002b4d800 DEOPT UNPACKING pc=0x000000000313556a sp=0x0000000002fee320 mode 2
Event: 2.782 Thread 0x0000000002b4d800 Uncommon trap: trap_request=0xffffffc6 fr.pc=0x0000000003882af0
Event: 2.782 Thread 0x0000000002b4d800 DEOPT PACKING pc=0x0000000003882af0 sp=0x0000000002fee1d0
Event: 2.782 Thread 0x0000000002b4d800 DEOPT UNPACKING pc=0x000000000313556a sp=0x0000000002fee180 mode 2
Event: 2.974 Executing VM operation: ParallelGCFailedAllocation
Event: 3.030 Executing VM operation: ParallelGCFailedAllocation done


Dynamic libraries:
0x00007ff636880000 - 0x00007ff6368b4000 	C:\Program Files\Java\jdk1.8.0_31\bin\java.exe
0x00007ff916a40000 - 0x00007ff916c11000 	C:\WINDOWS\SYSTEM32\ntdll.dll
0x00007ff916990000 - 0x00007ff916a3b000 	C:\WINDOWS\System32\KERNEL32.DLL
0x00007ff913920000 - 0x00007ff913b3d000 	C:\WINDOWS\System32\KERNELBASE.dll
0x00007ff9145f0000 - 0x00007ff914692000 	C:\WINDOWS\System32\ADVAPI32.dll
0x00007ff914550000 - 0x00007ff9145ee000 	C:\WINDOWS\System32\msvcrt.dll
0x00007ff916580000 - 0x00007ff9165d9000 	C:\WINDOWS\System32\sechost.dll
0x00007ff914320000 - 0x00007ff914441000 	C:\WINDOWS\System32\RPCRT4.dll
0x00007ff9167c0000 - 0x00007ff916925000 	C:\WINDOWS\System32\USER32.dll
0x00007ff913900000 - 0x00007ff91391e000 	C:\WINDOWS\System32\win32u.dll
0x00007ff916210000 - 0x00007ff916244000 	C:\WINDOWS\System32\GDI32.dll
0x00007ff913770000 - 0x00007ff9138f2000 	C:\WINDOWS\System32\gdi32full.dll
0x00007ff9087d0000 - 0x00007ff908a49000 	C:\WINDOWS\WinSxS\amd64_microsoft.windows.common-controls_6595b64144ccf1df_6.0.14393.0_none_2d0f50fcbdb171b8\COMCTL32.dll
0x00007ff9162b0000 - 0x00007ff916577000 	C:\WINDOWS\System32\combase.dll
0x00007ff913b90000 - 0x00007ff913c85000 	C:\WINDOWS\System32\ucrtbase.dll
0x00007ff913d90000 - 0x00007ff913dfa000 	C:\WINDOWS\System32\bcryptPrimitives.dll
0x00007ff914510000 - 0x00007ff91453e000 	C:\WINDOWS\System32\IMM32.DLL
0x0000000068870000 - 0x0000000068942000 	C:\Program Files\Java\jdk1.8.0_31\jre\bin\msvcr100.dll
0x0000000068010000 - 0x000000006886a000 	C:\Program Files\Java\jdk1.8.0_31\jre\bin\server\jvm.dll
0x00007ff916690000 - 0x00007ff916698000 	C:\WINDOWS\System32\PSAPI.DLL
0x00007ff9075c0000 - 0x00007ff9075c9000 	C:\WINDOWS\SYSTEM32\WSOCK32.dll
0x00007ff9161a0000 - 0x00007ff91620a000 	C:\WINDOWS\System32\WS2_32.dll
0x00007ff9110d0000 - 0x00007ff9110f3000 	C:\WINDOWS\SYSTEM32\WINMM.dll
0x00007ff911080000 - 0x00007ff9110ab000 	C:\WINDOWS\SYSTEM32\WINMMBASE.dll
0x00007ff913b40000 - 0x00007ff913b82000 	C:\WINDOWS\System32\cfgmgr32.dll
0x0000000068000000 - 0x000000006800f000 	C:\Program Files\Java\jdk1.8.0_31\jre\bin\verify.dll
0x0000000067fd0000 - 0x0000000067ff8000 	C:\Program Files\Java\jdk1.8.0_31\jre\bin\java.dll
0x0000000067fb0000 - 0x0000000067fc6000 	C:\Program Files\Java\jdk1.8.0_31\jre\bin\zip.dll
0x00007ff914c90000 - 0x00007ff916198000 	C:\WINDOWS\System32\SHELL32.dll
0x00007ff912f30000 - 0x00007ff91360a000 	C:\WINDOWS\System32\windows.storage.dll
0x00007ff912eb0000 - 0x00007ff912efc000 	C:\WINDOWS\System32\powrprof.dll
0x00007ff916930000 - 0x00007ff916982000 	C:\WINDOWS\System32\shlwapi.dll
0x00007ff912f00000 - 0x00007ff912f0f000 	C:\WINDOWS\System32\kernel.appcore.dll
0x00007ff913610000 - 0x00007ff9136b9000 	C:\WINDOWS\System32\shcore.dll
0x00007ff912f10000 - 0x00007ff912f24000 	C:\WINDOWS\System32\profapi.dll
0x00007ff908600000 - 0x00007ff908792000 	C:\WINDOWS\SYSTEM32\dbghelp.dll

VM Arguments:
jvm_args: -Djava.awt.headless=true -Xmx1024M -Dfile.encoding=GBK -Duser.country=US -Duser.language=en -Duser.variant 
java_command: com.android.dx.command.Main --dex --force-jumbo --num-threads=4 --multi-dex --output C:\Users\WS\AndroidStudioProjects\sql1234\app\build\intermediates\transforms\dex\debug\folders\1000\10\com.android.support-support-v4-23.4.0_fac885bab38e9f414e2913595979a0ce6d207c97 C:\Users\WS\AndroidStudioProjects\sql1234\app\build\intermediates\exploded-aar\com.android.support\support-v4\23.4.0\jars\classes.jar
java_class_path (initial): C:\Users\WS\AppData\Local\Android\sdk\build-tools\23.0.3\lib\dx.jar
Launcher Type: SUN_STANDARD

Environment Variables:
PATH=C:\Program Files (x86)\Razer Chroma SDK\bin;C:\Program Files\Razer Chroma SDK\bin;C:\Program Files (x86)\Intel\iCLS Client\;C:\Program Files\Intel\iCLS Client\;C:\ProgramData\Oracle\Java\javapath;C:\Windows\system32;C:\Windows;C:\Windows\System32\Wbem;C:\Windows\System32\WindowsPowerShell\v1.0\;C:\Program Files (x86)\NVIDIA Corporation\PhysX\Common;C:\Users\WS\.dnx\bin;C:\Program Files\Microsoft DNX\Dnvm\;C:\Program Files\Microsoft SQL Server\120\Tools\Binn\;C:\Program Files (x86)\Skype\Phone\;C:\Program Files (x86)\QuickTime\QTSystem\;C:\WINDOWS\system32;C:\WINDOWS;C:\WINDOWS\System32\Wbem;C:\WINDOWS\System32\WindowsPowerShell\v1.0\;C:\Program Files (x86)\Intel\Intel(R) Management Engine Components\DAL;C:\Program Files\Intel\Intel(R) Management Engine Components\DAL;C:\Program Files (x86)\Intel\Intel(R) Management Engine Components\IPT;C:\Program Files\Intel\Intel(R) Management Engine Components\IPT;C:\Program Files\Git\cmd;C:\Program Files\Java\jdk1.8.0_77\bin;C:\Users\WS\AppData\Local\Microsoft\WindowsApps;C:\Program Files\Java\jdk1.8.0_77\bin;%USERPROFILE%\AppData\Local\Microsoft\WindowsApps;
USERNAME=WS
OS=Windows_NT
PROCESSOR_IDENTIFIER=Intel64 Family 6 Model 60 Stepping 3, GenuineIntel



---------------  S Y S T E M  ---------------

OS: Windows 8.1 , 64 bit Build 9600 

CPU:total 8 (4 cores per cpu, 2 threads per core) family 6 model 60 stepping 3, cmov, cx8, fxsr, mmx, sse, sse2, sse3, ssse3, sse4.1, sse4.2, popcnt, avx, avx2, aes, clmul, erms, lzcnt, ht, tsc, tscinvbit, bmi1, bmi2

Memory: 4k page, physical 8305768k(418760k free), swap 11287116k(5660k free)

vm_info: Java HotSpot(TM) 64-Bit Server VM (25.31-b07) for windows-amd64 JRE (1.8.0_31-b13), built on Dec 17 2014 21:00:28 by "java_re" with MS VC++ 10.0 (VS2010)

time: Fri Nov 04 21:31:37 2016
elapsed time: 3 seconds (0d 0h 0m 3s)

