#
# There is insufficient memory for the Java Runtime Environment to continue.
# Native memory allocation (malloc) failed to allocate 106096 bytes for Chunk::new
# Possible reasons:
#   The system is out of physical RAM or swap space
#   In 32 bit mode, the process size limit was hit
# Possible solutions:
#   Reduce memory load on the system
#   Increase physical memory or swap space
#   Check if swap backing store is full
#   Use 64 bit Java on a 64 bit OS
#   Decrease Java heap size (-Xmx/-Xms)
#   Decrease number of Java threads
#   Decrease Java thread stack sizes (-Xss)
#   Set larger code cache with -XX:ReservedCodeCacheSize=
# This output file may be truncated or incomplete.
#
#  Out of Memory Error (allocation.cpp:390), pid=5880, tid=10616
#
# JRE version: Java(TM) SE Runtime Environment (8.0_31-b13) (build 1.8.0_31-b13)
# Java VM: Java HotSpot(TM) 64-Bit Server VM (25.31-b07 mixed mode windows-amd64 compressed oops)
# Failed to write core dump. Minidumps are not enabled by default on client versions of Windows
#

---------------  T H R E A D  ---------------

Current thread (0x0000000017ee7800):  JavaThread "C2 CompilerThread0" daemon [_thread_in_native, id=10616, stack(0x0000000018460000,0x0000000018560000)]

Stack: [0x0000000018460000,0x0000000018560000]
Native frames: (J=compiled Java code, j=interpreted, Vv=VM code, C=native code)
V  [jvm.dll+0x3169ba]
V  [jvm.dll+0x2674c3]
V  [jvm.dll+0x268103]
V  [jvm.dll+0x25f8f5]
V  [jvm.dll+0xbf025]
V  [jvm.dll+0xbf4cc]
V  [jvm.dll+0x4798bc]
V  [jvm.dll+0x446c9b]
V  [jvm.dll+0x451bce]
V  [jvm.dll+0x4541b8]
V  [jvm.dll+0x437c62]
V  [jvm.dll+0x988e2]
V  [jvm.dll+0x990d3]
V  [jvm.dll+0x22c194]
V  [jvm.dll+0x28576a]
C  [msvcr100.dll+0x21d9f]
C  [msvcr100.dll+0x21e3b]
C  [KERNEL32.DLL+0x8364]
C  [ntdll.dll+0x65e91]


Current CompileTask:
C2:   8234 2294       4       com.android.dx.ssa.SsaMethod::makeExitBlock (134 bytes)


---------------  P R O C E S S  ---------------

Java Threads: ( => current thread )
  0x0000000018240800 JavaThread "pool-2-thread-4" [_thread_blocked, id=12856, stack(0x0000000019660000,0x0000000019760000)]
  0x0000000018240000 JavaThread "pool-2-thread-3" [_thread_blocked, id=1072, stack(0x0000000019560000,0x0000000019660000)]
  0x000000001823f800 JavaThread "pool-2-thread-2" [_thread_blocked, id=2880, stack(0x0000000019460000,0x0000000019560000)]
  0x000000001825e000 JavaThread "pool-3-thread-1" [_thread_blocked, id=4620, stack(0x0000000019360000,0x0000000019460000)]
  0x000000001825d000 JavaThread "pool-2-thread-1" [_thread_in_Java, id=9572, stack(0x0000000019260000,0x0000000019360000)]
  0x0000000017f84800 JavaThread "Service Thread" daemon [_thread_blocked, id=12360, stack(0x0000000018860000,0x0000000018960000)]
  0x0000000017ef5000 JavaThread "C1 CompilerThread3" daemon [_thread_blocked, id=5112, stack(0x0000000018760000,0x0000000018860000)]
  0x0000000017eee800 JavaThread "C2 CompilerThread2" daemon [_thread_in_vm, id=8648, stack(0x0000000018660000,0x0000000018760000)]
  0x0000000017eea800 JavaThread "C2 CompilerThread1" daemon [_thread_in_native, id=8348, stack(0x0000000018560000,0x0000000018660000)]
=>0x0000000017ee7800 JavaThread "C2 CompilerThread0" daemon [_thread_in_native, id=10616, stack(0x0000000018460000,0x0000000018560000)]
  0x0000000017ee2000 JavaThread "Attach Listener" daemon [_thread_blocked, id=12364, stack(0x0000000018360000,0x0000000018460000)]
  0x0000000017ee1800 JavaThread "Signal Dispatcher" daemon [_thread_blocked, id=1336, stack(0x0000000018260000,0x0000000018360000)]
  0x0000000003338800 JavaThread "Finalizer" daemon [_thread_blocked, id=7088, stack(0x0000000017d60000,0x0000000017e60000)]
  0x0000000003332000 JavaThread "Reference Handler" daemon [_thread_blocked, id=9596, stack(0x0000000017c60000,0x0000000017d60000)]
  0x0000000002eed800 JavaThread "main" [_thread_blocked, id=2724, stack(0x0000000002d50000,0x0000000002e50000)]

Other Threads:
  0x0000000015e58800 VMThread [stack: 0x0000000017b60000,0x0000000017c60000] [id=10680]
  0x0000000017f8d800 WatcherThread [stack: 0x0000000018960000,0x0000000018a60000] [id=9228]

VM state:not at safepoint (normal execution)

VM Mutex/Monitor currently owned by a thread: None

Heap:
 PSYoungGen      total 138240K, used 67289K [0x00000000eab00000, 0x00000000fe700000, 0x0000000100000000)
  eden space 133120K, 46% used [0x00000000eab00000,0x00000000ee7bc3f8,0x00000000f2d00000)
  from space 5120K, 99% used [0x00000000f2d00000,0x00000000f31fa200,0x00000000f3200000)
  to   space 28672K, 0% used [0x00000000fcb00000,0x00000000fcb00000,0x00000000fe700000)
 ParOldGen       total 87552K, used 45772K [0x00000000c0000000, 0x00000000c5580000, 0x00000000eab00000)
  object space 87552K, 52% used [0x00000000c0000000,0x00000000c2cb3288,0x00000000c5580000)
 Metaspace       used 6499K, capacity 7256K, committed 7424K, reserved 1056768K
  class space    used 617K, capacity 656K, committed 768K, reserved 1048576K

Card table byte_map: [0x0000000012700000,0x0000000012910000] byte_map_base: 0x0000000012100000

Marking Bits: (ParMarkBitMap*) 0x00000000687ed4f0
 Begin Bits: [0x0000000013270000, 0x0000000014270000)
 End Bits:   [0x0000000014270000, 0x0000000015270000)

Polling page: 0x00000000015d0000

CodeCache: size=245760Kb used=10097Kb max_used=10120Kb free=235662Kb
 bounds [0x0000000003340000, 0x0000000003d30000, 0x0000000012340000]
 total_blobs=2444 nmethods=2177 adapters=180
 compilation: enabled

Compilation events (10 events):
Event: 8.115 Thread 0x0000000017ee7800 2295       4       com.android.dx.ssa.back.SsaToRop::convertBasicBlocks (151 bytes)
Event: 8.115 Thread 0x0000000017eea800 nmethod 2206% 0x0000000003d0a510 code [0x0000000003d0a880, 0x0000000003d0dc00]
Event: 8.116 Thread 0x0000000017eea800 2282       4       com.android.dx.ssa.ConstCollector::updateConstUses (248 bytes)
Event: 8.117 Thread 0x0000000017ef5000 nmethod 2297 0x0000000003d11490 code [0x0000000003d12340, 0x0000000003d18528]
Event: 8.174 Thread 0x0000000017ee7800 nmethod 2295 0x0000000003d07310 code [0x0000000003d07540, 0x0000000003d08610]
Event: 8.174 Thread 0x0000000017ee7800 2294       4       com.android.dx.ssa.SsaMethod::makeExitBlock (134 bytes)
Event: 8.190 Thread 0x0000000017ef5000 2298       2       com.android.dx.rop.code.Rops::opPutStatic (97 bytes)
Event: 8.190 Thread 0x0000000017ef5000 nmethod 2298 0x0000000003caac90 code [0x0000000003caae60, 0x0000000003cab398]
Event: 8.194 Thread 0x0000000017ef5000 2299       2       java.util.HashMap::putVal (300 bytes)
Event: 8.195 Thread 0x0000000017ef5000 nmethod 2299 0x0000000003d06390 code [0x0000000003d065a0, 0x0000000003d06cb8]

GC Heap History (10 events):
Event: 1.791 GC heap before
{Heap before GC invocations=1 (full 0):
 PSYoungGen      total 38400K, used 33280K [0x00000000eab00000, 0x00000000ed580000, 0x0000000100000000)
  eden space 33280K, 100% used [0x00000000eab00000,0x00000000ecb80000,0x00000000ecb80000)
  from space 5120K, 0% used [0x00000000ed080000,0x00000000ed080000,0x00000000ed580000)
  to   space 5120K, 0% used [0x00000000ecb80000,0x00000000ecb80000,0x00000000ed080000)
 ParOldGen       total 87552K, used 0K [0x00000000c0000000, 0x00000000c5580000, 0x00000000eab00000)
  object space 87552K, 0% used [0x00000000c0000000,0x00000000c0000000,0x00000000c5580000)
 Metaspace       used 5849K, capacity 6768K, committed 7040K, reserved 1056768K
  class space    used 593K, capacity 616K, committed 640K, reserved 1048576K
Event: 1.841 GC heap after
Heap after GC invocations=1 (full 0):
 PSYoungGen      total 38400K, used 5106K [0x00000000eab00000, 0x00000000ef600000, 0x0000000100000000)
  eden space 33280K, 0% used [0x00000000eab00000,0x00000000eab00000,0x00000000ecb80000)
  from space 5120K, 99% used [0x00000000ecb80000,0x00000000ed07cb18,0x00000000ed080000)
  to   space 5120K, 0% used [0x00000000ef100000,0x00000000ef100000,0x00000000ef600000)
 ParOldGen       total 87552K, used 283K [0x00000000c0000000, 0x00000000c5580000, 0x00000000eab00000)
  object space 87552K, 0% used [0x00000000c0000000,0x00000000c0046f38,0x00000000c5580000)
 Metaspace       used 5849K, capacity 6768K, committed 7040K, reserved 1056768K
  class space    used 593K, capacity 616K, committed 640K, reserved 1048576K
}
Event: 2.760 GC heap before
{Heap before GC invocations=2 (full 0):
 PSYoungGen      total 38400K, used 38386K [0x00000000eab00000, 0x00000000ef600000, 0x0000000100000000)
  eden space 33280K, 100% used [0x00000000eab00000,0x00000000ecb80000,0x00000000ecb80000)
  from space 5120K, 99% used [0x00000000ecb80000,0x00000000ed07cb18,0x00000000ed080000)
  to   space 5120K, 0% used [0x00000000ef100000,0x00000000ef100000,0x00000000ef600000)
 ParOldGen       total 87552K, used 283K [0x00000000c0000000, 0x00000000c5580000, 0x00000000eab00000)
  object space 87552K, 0% used [0x00000000c0000000,0x00000000c0046f38,0x00000000c5580000)
 Metaspace       used 6152K, capacity 7024K, committed 7296K, reserved 1056768K
  class space    used 595K, capacity 616K, committed 640K, reserved 1048576K
Event: 2.905 GC heap after
Heap after GC invocations=2 (full 0):
 PSYoungGen      total 71680K, used 5098K [0x00000000eab00000, 0x00000000ef600000, 0x0000000100000000)
  eden space 66560K, 0% used [0x00000000eab00000,0x00000000eab00000,0x00000000eec00000)
  from space 5120K, 99% used [0x00000000ef100000,0x00000000ef5fa938,0x00000000ef600000)
  to   space 5120K, 0% used [0x00000000eec00000,0x00000000eec00000,0x00000000ef100000)
 ParOldGen       total 87552K, used 4236K [0x00000000c0000000, 0x00000000c5580000, 0x00000000eab00000)
  object space 87552K, 4% used [0x00000000c0000000,0x00000000c04230e8,0x00000000c5580000)
 Metaspace       used 6152K, capacity 7024K, committed 7296K, reserved 1056768K
  class space    used 595K, capacity 616K, committed 640K, reserved 1048576K
}
Event: 3.548 GC heap before
{Heap before GC invocations=3 (full 0):
 PSYoungGen      total 71680K, used 71658K [0x00000000eab00000, 0x00000000ef600000, 0x0000000100000000)
  eden space 66560K, 100% used [0x00000000eab00000,0x00000000eec00000,0x00000000eec00000)
  from space 5120K, 99% used [0x00000000ef100000,0x00000000ef5fa938,0x00000000ef600000)
  to   space 5120K, 0% used [0x00000000eec00000,0x00000000eec00000,0x00000000ef100000)
 ParOldGen       total 87552K, used 4236K [0x00000000c0000000, 0x00000000c5580000, 0x00000000eab00000)
  object space 87552K, 4% used [0x00000000c0000000,0x00000000c04230e8,0x00000000c5580000)
 Metaspace       used 6257K, capacity 7088K, committed 7296K, reserved 1056768K
  class space    used 596K, capacity 616K, committed 640K, reserved 1048576K
Event: 3.715 GC heap after
Heap after GC invocations=3 (full 0):
 PSYoungGen      total 71680K, used 5097K [0x00000000eab00000, 0x00000000f3700000, 0x0000000100000000)
  eden space 66560K, 0% used [0x00000000eab00000,0x00000000eab00000,0x00000000eec00000)
  from space 5120K, 99% used [0x00000000eec00000,0x00000000ef0fa5e8,0x00000000ef100000)
  to   space 5120K, 0% used [0x00000000f3200000,0x00000000f3200000,0x00000000f3700000)
 ParOldGen       total 87552K, used 13177K [0x00000000c0000000, 0x00000000c5580000, 0x00000000eab00000)
  object space 87552K, 15% used [0x00000000c0000000,0x00000000c0cde6b0,0x00000000c5580000)
 Metaspace       used 6257K, capacity 7088K, committed 7296K, reserved 1056768K
  class space    used 596K, capacity 616K, committed 640K, reserved 1048576K
}
Event: 6.340 GC heap before
{Heap before GC invocations=4 (full 0):
 PSYoungGen      total 71680K, used 71657K [0x00000000eab00000, 0x00000000f3700000, 0x0000000100000000)
  eden space 66560K, 100% used [0x00000000eab00000,0x00000000eec00000,0x00000000eec00000)
  from space 5120K, 99% used [0x00000000eec00000,0x00000000ef0fa5e8,0x00000000ef100000)
  to   space 5120K, 0% used [0x00000000f3200000,0x00000000f3200000,0x00000000f3700000)
 ParOldGen       total 87552K, used 13177K [0x00000000c0000000, 0x00000000c5580000, 0x00000000eab00000)
  object space 87552K, 15% used [0x00000000c0000000,0x00000000c0cde6b0,0x00000000c5580000)
 Metaspace       used 6338K, capacity 7152K, committed 7296K, reserved 1056768K
  class space    used 597K, capacity 616K, committed 640K, reserved 1048576K
Event: 6.526 GC heap after
Heap after GC invocations=4 (full 0):
 PSYoungGen      total 138240K, used 5113K [0x00000000eab00000, 0x00000000f3700000, 0x0000000100000000)
  eden space 133120K, 0% used [0x00000000eab00000,0x00000000eab00000,0x00000000f2d00000)
  from space 5120K, 99% used [0x00000000f3200000,0x00000000f36fe5d8,0x00000000f3700000)
  to   space 5120K, 0% used [0x00000000f2d00000,0x00000000f2d00000,0x00000000f3200000)
 ParOldGen       total 87552K, used 24001K [0x00000000c0000000, 0x00000000c5580000, 0x00000000eab00000)
  object space 87552K, 27% used [0x00000000c0000000,0x00000000c1770420,0x00000000c5580000)
 Metaspace       used 6338K, capacity 7152K, committed 7296K, reserved 1056768K
  class space    used 597K, capacity 616K, committed 640K, reserved 1048576K
}
Event: 7.449 GC heap before
{Heap before GC invocations=5 (full 0):
 PSYoungGen      total 138240K, used 138233K [0x00000000eab00000, 0x00000000f3700000, 0x0000000100000000)
  eden space 133120K, 100% used [0x00000000eab00000,0x00000000f2d00000,0x00000000f2d00000)
  from space 5120K, 99% used [0x00000000f3200000,0x00000000f36fe5d8,0x00000000f3700000)
  to   space 5120K, 0% used [0x00000000f2d00000,0x00000000f2d00000,0x00000000f3200000)
 ParOldGen       total 87552K, used 24001K [0x00000000c0000000, 0x00000000c5580000, 0x00000000eab00000)
  object space 87552K, 27% used [0x00000000c0000000,0x00000000c1770420,0x00000000c5580000)
 Metaspace       used 6495K, capacity 7256K, committed 7424K, reserved 1056768K
  class space    used 617K, capacity 656K, committed 768K, reserved 1048576K
Event: 7.545 GC heap after
Heap after GC invocations=5 (full 0):
 PSYoungGen      total 138240K, used 5096K [0x00000000eab00000, 0x00000000fe700000, 0x0000000100000000)
  eden space 133120K, 0% used [0x00000000eab00000,0x00000000eab00000,0x00000000f2d00000)
  from space 5120K, 99% used [0x00000000f2d00000,0x00000000f31fa200,0x00000000f3200000)
  to   space 28672K, 0% used [0x00000000fcb00000,0x00000000fcb00000,0x00000000fe700000)
 ParOldGen       total 87552K, used 45772K [0x00000000c0000000, 0x00000000c5580000, 0x00000000eab00000)
  object space 87552K, 52% used [0x00000000c0000000,0x00000000c2cb3288,0x00000000c5580000)
 Metaspace       used 6495K, capacity 7256K, committed 7424K, reserved 1056768K
  class space    used 617K, capacity 656K, committed 768K, reserved 1048576K
}

Deoptimization events (10 events):
Event: 6.762 Thread 0x0000000018240000 Uncommon trap: reason=unreached action=reinterpret pc=0x000000000390b2ec method=com.android.dx.rop.code.LocalItem.compareHandlesNulls(Lcom/android/dx/rop/cst/CstString;Lcom/android/dx/rop/cst/CstString;)I @ 14
Event: 6.806 Thread 0x0000000018240800 Uncommon trap: reason=unreached action=reinterpret pc=0x000000000395d460 method=com.android.dx.rop.code.LocalItem.compareHandlesNulls(Lcom/android/dx/rop/cst/CstString;Lcom/android/dx/rop/cst/CstString;)I @ 14
Event: 6.989 Thread 0x0000000018240800 Uncommon trap: reason=unreached action=reinterpret pc=0x00000000039b7914 method=java.util.HashMap.getNode(ILjava/lang/Object;)Ljava/util/HashMap$Node; @ 84
Event: 7.021 Thread 0x0000000018240800 Uncommon trap: reason=unreached action=reinterpret pc=0x00000000039b7eb0 method=java.util.HashMap.getNode(ILjava/lang/Object;)Ljava/util/HashMap$Node; @ 84
Event: 7.105 Thread 0x0000000018240800 Uncommon trap: reason=unreached action=reinterpret pc=0x000000000392908c method=com.android.dx.ssa.MoveParamCombiner$1.visitNonMoveInsn(Lcom/android/dx/ssa/NormalSsaInsn;)V @ 27
Event: 7.175 Thread 0x0000000018240800 Uncommon trap: reason=bimorphic action=maybe_recompile pc=0x0000000003948bd0 method=com.android.dx.ssa.LiteralOpUpgrader.tryReplacingWithConstant(Lcom/android/dx/ssa/NormalSsaInsn;)Z @ 62
Event: 7.181 Thread 0x0000000018240800 Uncommon trap: reason=bimorphic action=maybe_recompile pc=0x0000000003948bd0 method=com.android.dx.ssa.LiteralOpUpgrader.tryReplacingWithConstant(Lcom/android/dx/ssa/NormalSsaInsn;)Z @ 62
Event: 7.421 Thread 0x0000000018240800 Uncommon trap: reason=unreached action=reinterpret pc=0x000000000362eccc method=java.util.HashMap.putVal(ILjava/lang/Object;Ljava/lang/Object;ZZ)Ljava/lang/Object; @ 109
Event: 8.106 Thread 0x0000000018240800 Uncommon trap: reason=unreached action=reinterpret pc=0x0000000003cb7694 method=com.android.dx.cf.code.BytecodeArray.parseInstruction(ILcom/android/dx/cf/code/BytecodeArray$Visitor;)I @ 1261
Event: 8.191 Thread 0x0000000018240800 Uncommon trap: reason=unreached action=reinterpret pc=0x0000000003c29abc method=java.util.HashMap.putVal(ILjava/lang/Object;Ljava/lang/Object;ZZ)Ljava/lang/Object; @ 109

Internal exceptions (10 events):
Event: 2.973 Thread 0x0000000002eed800 Exception <a 'java/security/PrivilegedActionException'> (0x00000000eacf2fe0) thrown at [C:\workspace\8-2-build-windows-amd64-cygwin\jdk8u31\2394\hotspot\src\share\vm\prims\jvm.cpp, line 1312]
Event: 2.982 Thread 0x0000000002eed800 Exception <a 'java/security/PrivilegedActionException'> (0x00000000eb6eccd8) thrown at [C:\workspace\8-2-build-windows-amd64-cygwin\jdk8u31\2394\hotspot\src\share\vm\prims\jvm.cpp, line 1312]
Event: 5.160 Thread 0x000000001825d000 Exception <a 'java/security/PrivilegedActionException'> (0x00000000ec91a4e8) thrown at [C:\workspace\8-2-build-windows-amd64-cygwin\jdk8u31\2394\hotspot\src\share\vm\prims\jvm.cpp, line 1312]
Event: 5.163 Thread 0x000000001825d000 Implicit null exception at 0x00000000039f9544 to 0x00000000039fc449
Event: 6.194 Thread 0x000000001825d000 Implicit null exception at 0x0000000003beb6c8 to 0x0000000003befc35
Event: 6.762 Thread 0x0000000018240000 Implicit null exception at 0x000000000390a132 to 0x000000000390b2dd
Event: 6.806 Thread 0x0000000018240800 Implicit null exception at 0x000000000395ba87 to 0x000000000395d441
Event: 6.973 Thread 0x0000000018240800 Exception <a 'java/lang/ArrayIndexOutOfBoundsException': 18> (0x00000000efcb72e8) thrown at [C:\workspace\8-2-build-windows-amd64-cygwin\jdk8u31\2394\hotspot\src\share\vm\interpreter\interpreterRuntime.cpp, line 366]
Event: 6.974 Thread 0x0000000018240800 Exception <a 'java/lang/ArrayIndexOutOfBoundsException': 145> (0x00000000efcb8d80) thrown at [C:\workspace\8-2-build-windows-amd64-cygwin\jdk8u31\2394\hotspot\src\share\vm\interpreter\interpreterRuntime.cpp, line 366]
Event: 6.975 Thread 0x0000000018240800 Exception <a 'java/lang/ArrayIndexOutOfBoundsException'> (0x00000000efcb9f98) thrown at [C:\workspace\8-2-build-windows-amd64-cygwin\jdk8u31\2394\hotspot\src\share\vm\runtime\sharedRuntime.cpp, line 604]

Events (10 events):
Event: 7.628 Thread 0x000000001823f800 DEOPT PACKING pc=0x00000000037836c1 sp=0x000000001955ed30
Event: 7.628 Thread 0x000000001823f800 DEOPT UNPACKING pc=0x00000000033875bf sp=0x000000001955eb60 mode 0
Event: 7.896 Thread 0x0000000018240800 DEOPT PACKING pc=0x00000000038d7078 sp=0x000000001975e300
Event: 7.896 Thread 0x0000000018240800 DEOPT UNPACKING pc=0x00000000033875bf sp=0x000000001975e058 mode 0
Event: 8.106 Thread 0x0000000018240800 Uncommon trap: trap_request=0xffffffad fr.pc=0x0000000003cb7694
Event: 8.106 Thread 0x0000000018240800 DEOPT PACKING pc=0x0000000003cb7694 sp=0x000000001975e420
Event: 8.106 Thread 0x0000000018240800 DEOPT UNPACKING pc=0x000000000338556a sp=0x000000001975e3f8 mode 2
Event: 8.191 Thread 0x0000000018240800 Uncommon trap: trap_request=0xffffffad fr.pc=0x0000000003c29abc
Event: 8.191 Thread 0x0000000018240800 DEOPT PACKING pc=0x0000000003c29abc sp=0x000000001975e250
Event: 8.191 Thread 0x0000000018240800 DEOPT UNPACKING pc=0x000000000338556a sp=0x000000001975e1d0 mode 2


Dynamic libraries:
0x00007ff636880000 - 0x00007ff6368b4000 	C:\Program Files\Java\jdk1.8.0_31\bin\java.exe
0x00007ff916a40000 - 0x00007ff916c11000 	C:\WINDOWS\SYSTEM32\ntdll.dll
0x00007ff916990000 - 0x00007ff916a3b000 	C:\WINDOWS\System32\KERNEL32.DLL
0x00007ff913920000 - 0x00007ff913b3d000 	C:\WINDOWS\System32\KERNELBASE.dll
0x00007ff9145f0000 - 0x00007ff914692000 	C:\WINDOWS\System32\ADVAPI32.dll
0x00007ff914550000 - 0x00007ff9145ee000 	C:\WINDOWS\System32\msvcrt.dll
0x00007ff916580000 - 0x00007ff9165d9000 	C:\WINDOWS\System32\sechost.dll
0x00007ff914320000 - 0x00007ff914441000 	C:\WINDOWS\System32\RPCRT4.dll
0x00007ff9167c0000 - 0x00007ff916925000 	C:\WINDOWS\System32\USER32.dll
0x00007ff913900000 - 0x00007ff91391e000 	C:\WINDOWS\System32\win32u.dll
0x00007ff916210000 - 0x00007ff916244000 	C:\WINDOWS\System32\GDI32.dll
0x00007ff913770000 - 0x00007ff9138f2000 	C:\WINDOWS\System32\gdi32full.dll
0x00007ff9087d0000 - 0x00007ff908a49000 	C:\WINDOWS\WinSxS\amd64_microsoft.windows.common-controls_6595b64144ccf1df_6.0.14393.0_none_2d0f50fcbdb171b8\COMCTL32.dll
0x00007ff9162b0000 - 0x00007ff916577000 	C:\WINDOWS\System32\combase.dll
0x00007ff913b90000 - 0x00007ff913c85000 	C:\WINDOWS\System32\ucrtbase.dll
0x00007ff913d90000 - 0x00007ff913dfa000 	C:\WINDOWS\System32\bcryptPrimitives.dll
0x00007ff914510000 - 0x00007ff91453e000 	C:\WINDOWS\System32\IMM32.DLL
0x0000000068870000 - 0x0000000068942000 	C:\Program Files\Java\jdk1.8.0_31\jre\bin\msvcr100.dll
0x0000000068010000 - 0x000000006886a000 	C:\Program Files\Java\jdk1.8.0_31\jre\bin\server\jvm.dll
0x00007ff916690000 - 0x00007ff916698000 	C:\WINDOWS\System32\PSAPI.DLL
0x00007ff9075c0000 - 0x00007ff9075c9000 	C:\WINDOWS\SYSTEM32\WSOCK32.dll
0x00007ff9161a0000 - 0x00007ff91620a000 	C:\WINDOWS\System32\WS2_32.dll
0x00007ff9110d0000 - 0x00007ff9110f3000 	C:\WINDOWS\SYSTEM32\WINMM.dll
0x00007ff911080000 - 0x00007ff9110ab000 	C:\WINDOWS\SYSTEM32\WINMMBASE.dll
0x00007ff913b40000 - 0x00007ff913b82000 	C:\WINDOWS\System32\cfgmgr32.dll
0x0000000068000000 - 0x000000006800f000 	C:\Program Files\Java\jdk1.8.0_31\jre\bin\verify.dll
0x0000000067fd0000 - 0x0000000067ff8000 	C:\Program Files\Java\jdk1.8.0_31\jre\bin\java.dll
0x0000000067fb0000 - 0x0000000067fc6000 	C:\Program Files\Java\jdk1.8.0_31\jre\bin\zip.dll
0x00007ff914c90000 - 0x00007ff916198000 	C:\WINDOWS\System32\SHELL32.dll
0x00007ff912f30000 - 0x00007ff91360a000 	C:\WINDOWS\System32\windows.storage.dll
0x00007ff912eb0000 - 0x00007ff912efc000 	C:\WINDOWS\System32\powrprof.dll
0x00007ff916930000 - 0x00007ff916982000 	C:\WINDOWS\System32\shlwapi.dll
0x00007ff912f00000 - 0x00007ff912f0f000 	C:\WINDOWS\System32\kernel.appcore.dll
0x00007ff913610000 - 0x00007ff9136b9000 	C:\WINDOWS\System32\shcore.dll
0x00007ff912f10000 - 0x00007ff912f24000 	C:\WINDOWS\System32\profapi.dll
0x00007ff908600000 - 0x00007ff908792000 	C:\WINDOWS\SYSTEM32\dbghelp.dll

VM Arguments:
jvm_args: -Djava.awt.headless=true -Xmx1024M -Dfile.encoding=GBK -Duser.country=US -Duser.language=en -Duser.variant 
java_command: com.android.dx.command.Main --dex --force-jumbo --num-threads=4 --multi-dex --output C:\Users\WS\AndroidStudioProjects\sql1234\app\build\intermediates\transforms\dex\debug\folders\1000\10\com.android.support-support-v4-23.4.0_fac885bab38e9f414e2913595979a0ce6d207c97 C:\Users\WS\AndroidStudioProjects\sql1234\app\build\intermediates\exploded-aar\com.android.support\support-v4\23.4.0\jars\classes.jar
java_class_path (initial): C:\Users\WS\AppData\Local\Android\sdk\build-tools\23.0.3\lib\dx.jar
Launcher Type: SUN_STANDARD

Environment Variables:
PATH=C:\Program Files (x86)\Razer Chroma SDK\bin;C:\Program Files\Razer Chroma SDK\bin;C:\Program Files (x86)\Intel\iCLS Client\;C:\Program Files\Intel\iCLS Client\;C:\ProgramData\Oracle\Java\javapath;C:\Windows\system32;C:\Windows;C:\Windows\System32\Wbem;C:\Windows\System32\WindowsPowerShell\v1.0\;C:\Program Files (x86)\NVIDIA Corporation\PhysX\Common;C:\Users\WS\.dnx\bin;C:\Program Files\Microsoft DNX\Dnvm\;C:\Program Files\Microsoft SQL Server\120\Tools\Binn\;C:\Program Files (x86)\Skype\Phone\;C:\Program Files (x86)\QuickTime\QTSystem\;C:\WINDOWS\system32;C:\WINDOWS;C:\WINDOWS\System32\Wbem;C:\WINDOWS\System32\WindowsPowerShell\v1.0\;C:\Program Files (x86)\Intel\Intel(R) Management Engine Components\DAL;C:\Program Files\Intel\Intel(R) Management Engine Components\DAL;C:\Program Files (x86)\Intel\Intel(R) Management Engine Components\IPT;C:\Program Files\Intel\Intel(R) Management Engine Components\IPT;C:\Program Files\Git\cmd;C:\Program Files\Java\jdk1.8.0_77\bin;C:\Users\WS\AppData\Local\Microsoft\WindowsApps;C:\Program Files\Java\jdk1.8.0_77\bin;%USERPROFILE%\AppData\Local\Microsoft\WindowsApps;
USERNAME=WS
OS=Windows_NT
PROCESSOR_IDENTIFIER=Intel64 Family 6 Model 60 Stepping 3, GenuineIntel



---------------  S Y S T E M  ---------------

OS: Windows 8.1 , 64 bit Build 9600 

CPU:total 8 (4 cores per cpu, 2 threads per core) family 6 model 60 stepping 3, cmov, cx8, fxsr, mmx, sse, sse2, sse3, ssse3, sse4.1, sse4.2, popcnt, avx, avx2, aes, clmul, erms, lzcnt, ht, tsc, tscinvbit, bmi1, bmi2

Memory: 4k page, physical 8305768k(1139844k free), swap 11283948k(13000k free)

vm_info: Java HotSpot(TM) 64-Bit Server VM (25.31-b07) for windows-amd64 JRE (1.8.0_31-b13), built on Dec 17 2014 21:00:28 by "java_re" with MS VC++ 10.0 (VS2010)

time: Fri Nov 04 21:33:18 2016
elapsed time: 8 seconds (0d 0h 0m 8s)

