#
# There is insufficient memory for the Java Runtime Environment to continue.
# Native memory allocation (malloc) failed to allocate 32744 bytes for ChunkPool::allocate
# Possible reasons:
#   The system is out of physical RAM or swap space
#   In 32 bit mode, the process size limit was hit
# Possible solutions:
#   Reduce memory load on the system
#   Increase physical memory or swap space
#   Check if swap backing store is full
#   Use 64 bit Java on a 64 bit OS
#   Decrease Java heap size (-Xmx/-Xms)
#   Decrease number of Java threads
#   Decrease Java thread stack sizes (-Xss)
#   Set larger code cache with -XX:ReservedCodeCacheSize=
# This output file may be truncated or incomplete.
#
#  Out of Memory Error (allocation.cpp:273), pid=5716, tid=4092
#
# JRE version: Java(TM) SE Runtime Environment (8.0_31-b13) (build 1.8.0_31-b13)
# Java VM: Java HotSpot(TM) 64-Bit Server VM (25.31-b07 mixed mode windows-amd64 compressed oops)
# Failed to write core dump. Minidumps are not enabled by default on client versions of Windows
#

---------------  T H R E A D  ---------------

Current thread (0x0000000016c11800):  JavaThread "C1 CompilerThread3" daemon [_thread_in_vm, id=4092, stack(0x0000000017480000,0x0000000017580000)]

Stack: [0x0000000017480000,0x0000000017580000]
Native frames: (J=compiled Java code, j=interpreted, Vv=VM code, C=native code)
V  [jvm.dll+0x3169ba]
V  [jvm.dll+0x2674c3]
V  [jvm.dll+0x268103]
V  [jvm.dll+0x25f8f5]
V  [jvm.dll+0xbed81]
V  [jvm.dll+0xbf4cc]
V  [jvm.dll+0x859b2]
V  [jvm.dll+0x9f051]
V  [jvm.dll+0x2bb590]
V  [jvm.dll+0x2bf690]
V  [jvm.dll+0x428843]
V  [jvm.dll+0x3ee198]
V  [jvm.dll+0x3ee314]
V  [jvm.dll+0x97630]
V  [jvm.dll+0x98ec4]
V  [jvm.dll+0x22c194]
V  [jvm.dll+0x28576a]
C  [msvcr100.dll+0x21d9f]
C  [msvcr100.dll+0x21e3b]
C  [KERNEL32.DLL+0x8364]
C  [ntdll.dll+0x65e91]


---------------  P R O C E S S  ---------------

Java Threads: ( => current thread )
  0x0000000016c8d800 JavaThread "Service Thread" daemon [_thread_blocked, id=12728, stack(0x0000000018550000,0x0000000018650000)]
=>0x0000000016c11800 JavaThread "C1 CompilerThread3" daemon [_thread_in_vm, id=4092, stack(0x0000000017480000,0x0000000017580000)]
  0x0000000016c0b000 JavaThread "C2 CompilerThread2" daemon [_thread_blocked, id=12032, stack(0x0000000017380000,0x0000000017480000)]
  0x0000000016c09800 JavaThread "C2 CompilerThread1" daemon [_thread_blocked, id=12420, stack(0x0000000017280000,0x0000000017380000)]
  0x0000000016c04800 JavaThread "C2 CompilerThread0" daemon [_thread_blocked, id=12388, stack(0x0000000017180000,0x0000000017280000)]
  0x0000000016c03000 JavaThread "Attach Listener" daemon [_thread_blocked, id=5744, stack(0x0000000017080000,0x0000000017180000)]
  0x0000000016c02800 JavaThread "Signal Dispatcher" daemon [_thread_blocked, id=10164, stack(0x0000000016f80000,0x0000000017080000)]
  0x0000000003333000 JavaThread "Finalizer" daemon [_thread_blocked, id=8596, stack(0x0000000016a80000,0x0000000016b80000)]
  0x0000000003332000 JavaThread "Reference Handler" daemon [_thread_blocked, id=5056, stack(0x0000000016980000,0x0000000016a80000)]
  0x0000000002e9e800 JavaThread "main" [_thread_in_Java, id=6164, stack(0x0000000002d70000,0x0000000002e70000)]

Other Threads:
  0x0000000014ba8800 VMThread [stack: 0x0000000016880000,0x0000000016980000] [id=13868]
  0x0000000017588800 WatcherThread [stack: 0x0000000018650000,0x0000000018750000] [id=5096]

VM state:not at safepoint (normal execution)

VM Mutex/Monitor currently owned by a thread: None

Heap:
 PSYoungGen      total 38400K, used 1997K [0x00000000f5580000, 0x00000000f8000000, 0x0000000100000000)
  eden space 33280K, 6% used [0x00000000f5580000,0x00000000f5773510,0x00000000f7600000)
  from space 5120K, 0% used [0x00000000f7b00000,0x00000000f7b00000,0x00000000f8000000)
  to   space 5120K, 0% used [0x00000000f7600000,0x00000000f7600000,0x00000000f7b00000)
 ParOldGen       total 87552K, used 0K [0x00000000e0000000, 0x00000000e5580000, 0x00000000f5580000)
  object space 87552K, 0% used [0x00000000e0000000,0x00000000e0000000,0x00000000e5580000)
 Metaspace       used 2353K, capacity 4480K, committed 4480K, reserved 1056768K
  class space    used 254K, capacity 384K, committed 384K, reserved 1048576K

Card table byte_map: [0x0000000012700000,0x0000000012810000] byte_map_base: 0x0000000012000000

Marking Bits: (ParMarkBitMap*) 0x000000006ba1d4f0
 Begin Bits: [0x00000000130c0000, 0x00000000138c0000)
 End Bits:   [0x00000000138c0000, 0x00000000140c0000)

Polling page: 0x00000000015a0000

CodeCache: size=245760Kb used=1052Kb max_used=1063Kb free=244707Kb
 bounds [0x0000000003340000, 0x00000000035b0000, 0x0000000012340000]
 total_blobs=215 nmethods=3 adapters=139
 compilation: enabled

Compilation events (0 events):
No events

GC Heap History (0 events):
No events

Deoptimization events (0 events):
No events

Internal exceptions (2 events):
Event: 0.108 Thread 0x0000000002e9e800 Exception <a 'java/lang/NoSuchMethodError': Method sun.misc.Unsafe.defineClass(Ljava/lang/String;[BII)Ljava/lang/Class; name or signature does not match> (0x00000000f55921a8) thrown at [C:\workspace\8-2-build-windows-amd64-cygwin\jdk8u31\2394\hotspot\src\sõ''ÖŸ°»?
Event: 0.108 Thread 0x0000000002e9e800 Exception <a 'java/lang/NoSuchMethodError': Method sun.misc.Unsafe.prefetchRead(Ljava/lang/Object;J)V name or signature does not match> (0x00000000f5592438) thrown at [C:\workspace\8-2-build-windows-amd64-cygwin\jdk8u31\2394\hotspot\src\share\vm\prims\jni.

Events (10 events):
Event: 0.232 loading class sun/misc/Launcher$AppClassLoader$1
Event: 0.232 loading class sun/misc/Launcher$AppClassLoader$1 done
Event: 0.233 loading class java/lang/SystemClassLoaderAction
Event: 0.233 loading class java/lang/SystemClassLoaderAction done
Event: 0.233 Thread 0x0000000016c02800 Thread added: 0x0000000016c02800
Event: 0.233 Thread 0x0000000016c03000 Thread added: 0x0000000016c03000
Event: 0.233 Thread 0x0000000016c04800 Thread added: 0x0000000016c04800
Event: 0.233 Thread 0x0000000016c09800 Thread added: 0x0000000016c09800
Event: 0.233 Thread 0x0000000016c0b000 Thread added: 0x0000000016c0b000
Event: 0.233 Thread 0x0000000016c11800 Thread added: 0x0000000016c11800


Dynamic libraries:
0x00007ff607b90000 - 0x00007ff607bc4000 	C:\Program Files\Java\jdk1.8.0_31\bin\java.exe
0x00007ffed75b0000 - 0x00007ffed7781000 	C:\WINDOWS\SYSTEM32\ntdll.dll
0x00007ffed5930000 - 0x00007ffed59db000 	C:\WINDOWS\System32\KERNEL32.DLL
0x00007ffed3f70000 - 0x00007ffed418d000 	C:\WINDOWS\System32\KERNELBASE.dll
0x00007ffed5f80000 - 0x00007ffed6022000 	C:\WINDOWS\System32\ADVAPI32.dll
0x00007ffed5400000 - 0x00007ffed549e000 	C:\WINDOWS\System32\msvcrt.dll
0x00007ffed7550000 - 0x00007ffed75a9000 	C:\WINDOWS\System32\sechost.dll
0x00007ffed5170000 - 0x00007ffed5291000 	C:\WINDOWS\System32\RPCRT4.dll
0x00007ffed4f90000 - 0x00007ffed50f5000 	C:\WINDOWS\System32\USER32.dll
0x00007ffed3c00000 - 0x00007ffed3c1e000 	C:\WINDOWS\System32\win32u.dll
0x00007ffed5e10000 - 0x00007ffed5e44000 	C:\WINDOWS\System32\GDI32.dll
0x00007ffed3cc0000 - 0x00007ffed3e42000 	C:\WINDOWS\System32\gdi32full.dll
0x00007ffec8590000 - 0x00007ffec8809000 	C:\WINDOWS\WinSxS\amd64_microsoft.windows.common-controls_6595b64144ccf1df_6.0.14393.0_none_2d0f50fcbdb171b8\COMCTL32.dll
0x00007ffed4c80000 - 0x00007ffed4f47000 	C:\WINDOWS\System32\combase.dll
0x00007ffed3b00000 - 0x00007ffed3bf5000 	C:\WINDOWS\System32\ucrtbase.dll
0x00007ffed3e50000 - 0x00007ffed3eba000 	C:\WINDOWS\System32\bcryptPrimitives.dll
0x00007ffed4f50000 - 0x00007ffed4f7e000 	C:\WINDOWS\System32\IMM32.DLL
0x000000006baa0000 - 0x000000006bb72000 	C:\Program Files\Java\jdk1.8.0_31\jre\bin\msvcr100.dll
0x000000006b240000 - 0x000000006ba9a000 	C:\Program Files\Java\jdk1.8.0_31\jre\bin\server\jvm.dll
0x00007ffed4f80000 - 0x00007ffed4f88000 	C:\WINDOWS\System32\PSAPI.DLL
0x00007ffec6690000 - 0x00007ffec6699000 	C:\WINDOWS\SYSTEM32\WSOCK32.dll
0x00007ffed5e50000 - 0x00007ffed5eba000 	C:\WINDOWS\System32\WS2_32.dll
0x00007ffed1ab0000 - 0x00007ffed1ad3000 	C:\WINDOWS\SYSTEM32\WINMM.dll
0x00007ffed1820000 - 0x00007ffed184b000 	C:\WINDOWS\SYSTEM32\WINMMBASE.dll
0x00007ffed4190000 - 0x00007ffed41d2000 	C:\WINDOWS\System32\cfgmgr32.dll
0x000000006b230000 - 0x000000006b23f000 	C:\Program Files\Java\jdk1.8.0_31\jre\bin\verify.dll
0x000000006b200000 - 0x000000006b228000 	C:\Program Files\Java\jdk1.8.0_31\jre\bin\java.dll
0x000000006b1e0000 - 0x000000006b1f6000 	C:\Program Files\Java\jdk1.8.0_31\jre\bin\zip.dll
0x00007ffed6030000 - 0x00007ffed7538000 	C:\WINDOWS\System32\SHELL32.dll
0x00007ffed41e0000 - 0x00007ffed48ba000 	C:\WINDOWS\System32\windows.storage.dll
0x00007ffed3a40000 - 0x00007ffed3a8c000 	C:\WINDOWS\System32\powrprof.dll
0x00007ffed53a0000 - 0x00007ffed53f2000 	C:\WINDOWS\System32\shlwapi.dll
0x00007ffed3a30000 - 0x00007ffed3a3f000 	C:\WINDOWS\System32\kernel.appcore.dll
0x00007ffed3ec0000 - 0x00007ffed3f69000 	C:\WINDOWS\System32\shcore.dll
0x00007ffed3a10000 - 0x00007ffed3a24000 	C:\WINDOWS\System32\profapi.dll
0x00007ffec82b0000 - 0x00007ffec8442000 	C:\WINDOWS\SYSTEM32\dbghelp.dll

VM Arguments:
jvm_args: -Djava.awt.headless=true -Xmx1024M -Dfile.encoding=GBK -Duser.country=US -Duser.language=en -Duser.variant -Xmx512M 
java_command: com.android.dx.command.Main --dex --force-jumbo --num-threads=4 --multi-dex --output C:\Users\WS\AndroidStudioProjects\sql1234\app\build\intermediates\transforms\dex\debug\folders\1000\10\com.android.support-recyclerview-v7-23.4.0_92916e32c5fd921ce59c77321389a6244cd3c56d C:\Users\WS\AndroidStudioProjects\sql1234\app\build\intermediates\exploded-aar\com.android.support\recyclerview-v7\23.4.0\jars\classes.jar
java_class_path (initial): C:\Users\WS\AppData\Local\Android\sdk\build-tools\23.0.3\lib\dx.jar
Launcher Type: SUN_STANDARD

Environment Variables:
_JAVA_OPTIONS=-Xmx512M
PATH=C:\Program Files (x86)\Razer Chroma SDK\bin;C:\Program Files\Razer Chroma SDK\bin;C:\Program Files (x86)\Intel\iCLS Client\;C:\Program Files\Intel\iCLS Client\;C:\ProgramData\Oracle\Java\javapath;C:\Windows\system32;C:\Windows;C:\Windows\System32\Wbem;C:\Windows\System32\WindowsPowerShell\v1.0\;C:\Program Files (x86)\NVIDIA Corporation\PhysX\Common;C:\Users\WS\.dnx\bin;C:\Program Files\Microsoft DNX\Dnvm\;C:\Program Files\Microsoft SQL Server\120\Tools\Binn\;C:\Program Files (x86)\Skype\Phone\;C:\Program Files (x86)\QuickTime\QTSystem\;C:\WINDOWS\system32;C:\WINDOWS;C:\WINDOWS\System32\Wbem;C:\WINDOWS\System32\WindowsPowerShell\v1.0\;C:\Program Files (x86)\Intel\Intel(R) Management Engine Components\DAL;C:\Program Files\Intel\Intel(R) Management Engine Components\DAL;C:\Program Files (x86)\Intel\Intel(R) Management Engine Components\IPT;C:\Program Files\Intel\Intel(R) Management Engine Components\IPT;C:\Program Files\Git\cmd;C:\Program Files\Java\jdk1.8.0_77\bin;C:\Users\WS\AppData\Local\Microsoft\WindowsApps;C:\Program Files\Java\jdk1.8.0_77\bin;%USERPROFILE%\AppData\Local\Microsoft\WindowsApps;
USERNAME=WS
OS=Windows_NT
PROCESSOR_IDENTIFIER=Intel64 Family 6 Model 60 Stepping 3, GenuineIntel



---------------  S Y S T E M  ---------------

OS: Windows 8.1 , 64 bit Build 9600 

CPU:total 8 (4 cores per cpu, 2 threads per core) family 6 model 60 stepping 3, cmov, cx8, fxsr, mmx, sse, sse2, sse3, ssse3, sse4.1, sse4.2, popcnt, avx, avx2, aes, clmul, erms, lzcnt, ht, tsc, tscinvbit, bmi1, bmi2

Memory: 4k page, physical 8305768k(1159500k free), swap 10667324k(884k free)

vm_info: Java HotSpot(TM) 64-Bit Server VM (25.31-b07) for windows-amd64 JRE (1.8.0_31-b13), built on Dec 17 2014 21:00:28 by "java_re" with MS VC++ 10.0 (VS2010)

time: Mon Nov 21 22:39:47 2016
elapsed time: 0 seconds (0d 0h 0m 0s)

