#
# There is insufficient memory for the Java Runtime Environment to continue.
# Native memory allocation (malloc) failed to allocate 1523056 bytes for Chunk::new
# Possible reasons:
#   The system is out of physical RAM or swap space
#   In 32 bit mode, the process size limit was hit
# Possible solutions:
#   Reduce memory load on the system
#   Increase physical memory or swap space
#   Check if swap backing store is full
#   Use 64 bit Java on a 64 bit OS
#   Decrease Java heap size (-Xmx/-Xms)
#   Decrease number of Java threads
#   Decrease Java thread stack sizes (-Xss)
#   Set larger code cache with -XX:ReservedCodeCacheSize=
# This output file may be truncated or incomplete.
#
#  Out of Memory Error (allocation.cpp:390), pid=13132, tid=7468
#
# JRE version: Java(TM) SE Runtime Environment (8.0_31-b13) (build 1.8.0_31-b13)
# Java VM: Java HotSpot(TM) 64-Bit Server VM (25.31-b07 mixed mode windows-amd64 compressed oops)
# Failed to write core dump. Minidumps are not enabled by default on client versions of Windows
#

---------------  T H R E A D  ---------------

Current thread (0x0000000018047800):  JavaThread "C2 CompilerThread1" daemon [_thread_in_native, id=7468, stack(0x00000000186c0000,0x00000000187c0000)]

Stack: [0x00000000186c0000,0x00000000187c0000]
Native frames: (J=compiled Java code, j=interpreted, Vv=VM code, C=native code)
V  [jvm.dll+0x3169ba]
V  [jvm.dll+0x2674c3]
V  [jvm.dll+0x268103]
V  [jvm.dll+0x25f8f5]
V  [jvm.dll+0xbf025]
V  [jvm.dll+0xbf4cc]
V  [jvm.dll+0x45df82]
V  [jvm.dll+0x49f21f]
V  [jvm.dll+0x453094]
V  [jvm.dll+0x454124]
V  [jvm.dll+0x437c62]
V  [jvm.dll+0x988e2]
V  [jvm.dll+0x990d3]
V  [jvm.dll+0x22c194]
V  [jvm.dll+0x28576a]
C  [msvcr100.dll+0x21d9f]
C  [msvcr100.dll+0x21e3b]
C  [KERNEL32.DLL+0x8364]
C  [ntdll.dll+0x65e91]


Current CompileTask:
C2:   2234 1074   !   4       com.android.dx.cf.code.BytecodeArray::parseInstruction (2764 bytes)


---------------  P R O C E S S  ---------------

Java Threads: ( => current thread )
  0x0000000018132800 JavaThread "pool-2-thread-4" [_thread_blocked, id=4772, stack(0x0000000018fc0000,0x00000000190c0000)]
  0x00000000180d0000 JavaThread "pool-2-thread-3" [_thread_blocked, id=12324, stack(0x0000000018ec0000,0x0000000018fc0000)]
  0x0000000018132000 JavaThread "pool-2-thread-2" [_thread_in_Java, id=4548, stack(0x0000000018dc0000,0x0000000018ec0000)]
  0x0000000018109000 JavaThread "pool-3-thread-1" [_thread_blocked, id=11380, stack(0x0000000018cc0000,0x0000000018dc0000)]
  0x00000000180c8800 JavaThread "pool-2-thread-1" [_thread_in_Java, id=7340, stack(0x0000000018bc0000,0x0000000018cc0000)]
  0x0000000018054800 JavaThread "Service Thread" daemon [_thread_blocked, id=9772, stack(0x00000000189c0000,0x0000000018ac0000)]
  0x000000001804c000 JavaThread "C1 CompilerThread3" daemon [_thread_blocked, id=7620, stack(0x00000000188c0000,0x00000000189c0000)]
  0x0000000018049000 JavaThread "C2 CompilerThread2" daemon [_thread_in_native, id=10556, stack(0x00000000187c0000,0x00000000188c0000)]
=>0x0000000018047800 JavaThread "C2 CompilerThread1" daemon [_thread_in_native, id=7468, stack(0x00000000186c0000,0x00000000187c0000)]
  0x0000000018044800 JavaThread "C2 CompilerThread0" daemon [_thread_in_native, id=11712, stack(0x00000000185c0000,0x00000000186c0000)]
  0x0000000018043000 JavaThread "Attach Listener" daemon [_thread_blocked, id=12672, stack(0x00000000184c0000,0x00000000185c0000)]
  0x0000000018042800 JavaThread "Signal Dispatcher" daemon [_thread_blocked, id=2224, stack(0x00000000183c0000,0x00000000184c0000)]
  0x0000000015fbc000 JavaThread "Finalizer" daemon [_thread_blocked, id=10588, stack(0x0000000017e90000,0x0000000017f90000)]
  0x0000000003494800 JavaThread "Reference Handler" daemon [_thread_blocked, id=2544, stack(0x0000000017d90000,0x0000000017e90000)]
  0x000000000329d800 JavaThread "main" [_thread_blocked, id=7764, stack(0x0000000003150000,0x0000000003250000)]

Other Threads:
  0x0000000015fb7800 VMThread [stack: 0x0000000017c90000,0x0000000017d90000] [id=4620]
  0x0000000018055800 WatcherThread [stack: 0x0000000018ac0000,0x0000000018bc0000] [id=12596]

VM state:not at safepoint (normal execution)

VM Mutex/Monitor currently owned by a thread: None

Heap:
 PSYoungGen      total 38400K, used 13941K [0x00000000eab00000, 0x00000000ed580000, 0x0000000100000000)
  eden space 33280K, 26% used [0x00000000eab00000,0x00000000eb3a0a60,0x00000000ecb80000)
  from space 5120K, 99% used [0x00000000ecb80000,0x00000000ed07ca50,0x00000000ed080000)
  to   space 5120K, 0% used [0x00000000ed080000,0x00000000ed080000,0x00000000ed580000)
 ParOldGen       total 87552K, used 6237K [0x00000000c0000000, 0x00000000c5580000, 0x00000000eab00000)
  object space 87552K, 7% used [0x00000000c0000000,0x00000000c0617620,0x00000000c5580000)
 Metaspace       used 5834K, capacity 6832K, committed 7040K, reserved 1056768K
  class space    used 589K, capacity 616K, committed 640K, reserved 1048576K

Card table byte_map: [0x0000000012860000,0x0000000012a70000] byte_map_base: 0x0000000012260000

Marking Bits: (ParMarkBitMap*) 0x00000000687ed4f0
 Begin Bits: [0x00000000133d0000, 0x00000000143d0000)
 End Bits:   [0x00000000143d0000, 0x00000000153d0000)

Polling page: 0x0000000001690000

CodeCache: size=245760Kb used=4462Kb max_used=4477Kb free=241297Kb
 bounds [0x00000000034a0000, 0x0000000003910000, 0x00000000124a0000]
 total_blobs=1411 nmethods=1145 adapters=180
 compilation: enabled

Compilation events (10 events):
Event: 2.210 Thread 0x0000000018044800 nmethod 1166 0x00000000038f53d0 code [0x00000000038f5520, 0x00000000038f5658]
Event: 2.210 Thread 0x0000000018044800 1157       4       com.android.dx.cf.code.BasicBlocker::visitConstant (39 bytes)
Event: 2.213 Thread 0x000000001804c000 1170       1       com.android.dx.rop.cst.TypedConstant::getFrameType (2 bytes)
Event: 2.213 Thread 0x000000001804c000 nmethod 1170 0x00000000038e5c90 code [0x00000000038e5de0, 0x00000000038e5ef0]
Event: 2.213 Thread 0x000000001804c000 1171       1       com.android.dx.rop.cst.CstKnownNull::hashCode (3 bytes)
Event: 2.213 Thread 0x000000001804c000 nmethod 1171 0x00000000038f94d0 code [0x00000000038f9620, 0x00000000038f9730]
Event: 2.214 Thread 0x000000001804c000 1172       3       com.android.dx.rop.type.Type::<init> (84 bytes)
Event: 2.214 Thread 0x000000001804c000 nmethod 1172 0x00000000038f8cd0 code [0x00000000038f8e80, 0x00000000038f9348]
Event: 2.214 Thread 0x000000001804c000 1173   !   3       com.android.dx.rop.type.Type::putIntern (50 bytes)
Event: 2.215 Thread 0x000000001804c000 nmethod 1173 0x00000000038fe710 code [0x00000000038fe900, 0x00000000038ff3d8]

GC Heap History (2 events):
Event: 1.994 GC heap before
{Heap before GC invocations=1 (full 0):
 PSYoungGen      total 38400K, used 33280K [0x00000000eab00000, 0x00000000ed580000, 0x0000000100000000)
  eden space 33280K, 100% used [0x00000000eab00000,0x00000000ecb80000,0x00000000ecb80000)
  from space 5120K, 0% used [0x00000000ed080000,0x00000000ed080000,0x00000000ed580000)
  to   space 5120K, 0% used [0x00000000ecb80000,0x00000000ecb80000,0x00000000ed080000)
 ParOldGen       total 87552K, used 0K [0x00000000c0000000, 0x00000000c5580000, 0x00000000eab00000)
  object space 87552K, 0% used [0x00000000c0000000,0x00000000c0000000,0x00000000c5580000)
 Metaspace       used 5761K, capacity 6768K, committed 7040K, reserved 1056768K
  class space    used 586K, capacity 616K, committed 640K, reserved 1048576K
Event: 2.068 GC heap after
Heap after GC invocations=1 (full 0):
 PSYoungGen      total 38400K, used 5106K [0x00000000eab00000, 0x00000000ed580000, 0x0000000100000000)
  eden space 33280K, 0% used [0x00000000eab00000,0x00000000eab00000,0x00000000ecb80000)
  from space 5120K, 99% used [0x00000000ecb80000,0x00000000ed07ca50,0x00000000ed080000)
  to   space 5120K, 0% used [0x00000000ed080000,0x00000000ed080000,0x00000000ed580000)
 ParOldGen       total 87552K, used 6237K [0x00000000c0000000, 0x00000000c5580000, 0x00000000eab00000)
  object space 87552K, 7% used [0x00000000c0000000,0x00000000c0617620,0x00000000c5580000)
 Metaspace       used 5761K, capacity 6768K, committed 7040K, reserved 1056768K
  class space    used 586K, capacity 616K, committed 640K, reserved 1048576K
}

Deoptimization events (6 events):
Event: 1.835 Thread 0x00000000180d0000 Uncommon trap: reason=null_check action=make_not_entrant pc=0x000000000370a324 method=com.android.dx.rop.type.Type.equals(Ljava/lang/Object;)Z @ 8
Event: 2.109 Thread 0x00000000180c8800 Uncommon trap: reason=class_check action=maybe_recompile pc=0x000000000387631c method=com.android.dx.cf.code.BytecodeArray.parseInstruction(ILcom/android/dx/cf/code/BytecodeArray$Visitor;)I @ 955
Event: 2.116 Thread 0x00000000180c8800 Uncommon trap: reason=class_check action=maybe_recompile pc=0x000000000387631c method=com.android.dx.cf.code.BytecodeArray.parseInstruction(ILcom/android/dx/cf/code/BytecodeArray$Visitor;)I @ 955
Event: 2.125 Thread 0x00000000180c8800 Uncommon trap: reason=class_check action=maybe_recompile pc=0x00000000038764a8 method=com.android.dx.cf.code.BytecodeArray.parseInstruction(ILcom/android/dx/cf/code/BytecodeArray$Visitor;)I @ 1130
Event: 2.125 Thread 0x00000000180c8800 Uncommon trap: reason=class_check action=maybe_recompile pc=0x000000000387631c method=com.android.dx.cf.code.BytecodeArray.parseInstruction(ILcom/android/dx/cf/code/BytecodeArray$Visitor;)I @ 955
Event: 2.172 Thread 0x00000000180c8800 Uncommon trap: reason=class_check action=maybe_recompile pc=0x0000000003743974 method=com.android.dx.ssa.NormalSsaInsn.accept(Lcom/android/dx/ssa/SsaInsn$Visitor;)V @ 9

Internal exceptions (10 events):
Event: 1.607 Thread 0x0000000018132000 Exception <a 'java/security/PrivilegedActionException'> (0x00000000eb5a0e60) thrown at [C:\workspace\8-2-build-windows-amd64-cygwin\jdk8u31\2394\hotspot\src\share\vm\prims\jvm.cpp, line 1312]
Event: 1.607 Thread 0x0000000018132000 Exception <a 'java/security/PrivilegedActionException'> (0x00000000eb5a54e8) thrown at [C:\workspace\8-2-build-windows-amd64-cygwin\jdk8u31\2394\hotspot\src\share\vm\prims\jvm.cpp, line 1312]
Event: 1.608 Thread 0x0000000018132000 Exception <a 'java/security/PrivilegedActionException'> (0x00000000eb5aaea8) thrown at [C:\workspace\8-2-build-windows-amd64-cygwin\jdk8u31\2394\hotspot\src\share\vm\prims\jvm.cpp, line 1312]
Event: 1.609 Thread 0x0000000018132000 Exception <a 'java/security/PrivilegedActionException'> (0x00000000eb5b3b38) thrown at [C:\workspace\8-2-build-windows-amd64-cygwin\jdk8u31\2394\hotspot\src\share\vm\prims\jvm.cpp, line 1312]
Event: 1.609 Thread 0x0000000018132000 Exception <a 'java/security/PrivilegedActionException'> (0x00000000eb5b8f70) thrown at [C:\workspace\8-2-build-windows-amd64-cygwin\jdk8u31\2394\hotspot\src\share\vm\prims\jvm.cpp, line 1312]
Event: 1.617 Thread 0x00000000180d0000 Exception <a 'java/security/PrivilegedActionException'> (0x00000000eb40abe8) thrown at [C:\workspace\8-2-build-windows-amd64-cygwin\jdk8u31\2394\hotspot\src\share\vm\prims\jvm.cpp, line 1312]
Event: 1.621 Thread 0x0000000018132800 Exception <a 'java/security/PrivilegedActionException'> (0x00000000eb7f8a28) thrown at [C:\workspace\8-2-build-windows-amd64-cygwin\jdk8u31\2394\hotspot\src\share\vm\prims\jvm.cpp, line 1312]
Event: 1.677 Thread 0x000000000329d800 Exception <a 'java/security/PrivilegedActionException'> (0x00000000eba17520) thrown at [C:\workspace\8-2-build-windows-amd64-cygwin\jdk8u31\2394\hotspot\src\share\vm\prims\jvm.cpp, line 1312]
Event: 1.835 Thread 0x00000000180d0000 Implicit null exception at 0x000000000370a222 to 0x000000000370a315
Event: 2.108 Thread 0x00000000180c8800 Exception <a 'java/security/PrivilegedActionException'> (0x00000000ead7d748) thrown at [C:\workspace\8-2-build-windows-amd64-cygwin\jdk8u31\2394\hotspot\src\share\vm\prims\jvm.cpp, line 1312]

Events (10 events):
Event: 2.125 Thread 0x00000000180c8800 Uncommon trap: trap_request=0xffffffde fr.pc=0x000000000387631c
Event: 2.125 Thread 0x00000000180c8800 DEOPT PACKING pc=0x000000000387631c sp=0x0000000018cbea00
Event: 2.125 Thread 0x00000000180c8800 DEOPT UNPACKING pc=0x00000000034e556a sp=0x0000000018cbe980 mode 2
Event: 2.171 loading class java/util/TreeMap$EntrySet
Event: 2.171 loading class java/util/TreeMap$EntrySet done
Event: 2.171 loading class java/util/TreeMap$EntryIterator
Event: 2.172 loading class java/util/TreeMap$EntryIterator done
Event: 2.172 Thread 0x00000000180c8800 Uncommon trap: trap_request=0xffffffde fr.pc=0x0000000003743974
Event: 2.172 Thread 0x00000000180c8800 DEOPT PACKING pc=0x0000000003743974 sp=0x0000000018cbeac0
Event: 2.172 Thread 0x00000000180c8800 DEOPT UNPACKING pc=0x00000000034e556a sp=0x0000000018cbea40 mode 2


Dynamic libraries:
0x00007ff636880000 - 0x00007ff6368b4000 	C:\Program Files\Java\jdk1.8.0_31\bin\java.exe
0x00007ff916a40000 - 0x00007ff916c11000 	C:\WINDOWS\SYSTEM32\ntdll.dll
0x00007ff916990000 - 0x00007ff916a3b000 	C:\WINDOWS\System32\KERNEL32.DLL
0x00007ff913920000 - 0x00007ff913b3d000 	C:\WINDOWS\System32\KERNELBASE.dll
0x00007ff9145f0000 - 0x00007ff914692000 	C:\WINDOWS\System32\ADVAPI32.dll
0x00007ff914550000 - 0x00007ff9145ee000 	C:\WINDOWS\System32\msvcrt.dll
0x00007ff916580000 - 0x00007ff9165d9000 	C:\WINDOWS\System32\sechost.dll
0x00007ff914320000 - 0x00007ff914441000 	C:\WINDOWS\System32\RPCRT4.dll
0x00007ff9167c0000 - 0x00007ff916925000 	C:\WINDOWS\System32\USER32.dll
0x00007ff913900000 - 0x00007ff91391e000 	C:\WINDOWS\System32\win32u.dll
0x00007ff916210000 - 0x00007ff916244000 	C:\WINDOWS\System32\GDI32.dll
0x00007ff913770000 - 0x00007ff9138f2000 	C:\WINDOWS\System32\gdi32full.dll
0x00007ff9087d0000 - 0x00007ff908a49000 	C:\WINDOWS\WinSxS\amd64_microsoft.windows.common-controls_6595b64144ccf1df_6.0.14393.0_none_2d0f50fcbdb171b8\COMCTL32.dll
0x00007ff9162b0000 - 0x00007ff916577000 	C:\WINDOWS\System32\combase.dll
0x00007ff913b90000 - 0x00007ff913c85000 	C:\WINDOWS\System32\ucrtbase.dll
0x00007ff913d90000 - 0x00007ff913dfa000 	C:\WINDOWS\System32\bcryptPrimitives.dll
0x00007ff914510000 - 0x00007ff91453e000 	C:\WINDOWS\System32\IMM32.DLL
0x0000000068870000 - 0x0000000068942000 	C:\Program Files\Java\jdk1.8.0_31\jre\bin\msvcr100.dll
0x0000000068010000 - 0x000000006886a000 	C:\Program Files\Java\jdk1.8.0_31\jre\bin\server\jvm.dll
0x00007ff916690000 - 0x00007ff916698000 	C:\WINDOWS\System32\PSAPI.DLL
0x00007ff9075c0000 - 0x00007ff9075c9000 	C:\WINDOWS\SYSTEM32\WSOCK32.dll
0x00007ff9161a0000 - 0x00007ff91620a000 	C:\WINDOWS\System32\WS2_32.dll
0x00007ff9110d0000 - 0x00007ff9110f3000 	C:\WINDOWS\SYSTEM32\WINMM.dll
0x00007ff911080000 - 0x00007ff9110ab000 	C:\WINDOWS\SYSTEM32\WINMMBASE.dll
0x00007ff913b40000 - 0x00007ff913b82000 	C:\WINDOWS\System32\cfgmgr32.dll
0x0000000068000000 - 0x000000006800f000 	C:\Program Files\Java\jdk1.8.0_31\jre\bin\verify.dll
0x0000000067fd0000 - 0x0000000067ff8000 	C:\Program Files\Java\jdk1.8.0_31\jre\bin\java.dll
0x0000000067fb0000 - 0x0000000067fc6000 	C:\Program Files\Java\jdk1.8.0_31\jre\bin\zip.dll
0x00007ff914c90000 - 0x00007ff916198000 	C:\WINDOWS\System32\SHELL32.dll
0x00007ff912f30000 - 0x00007ff91360a000 	C:\WINDOWS\System32\windows.storage.dll
0x00007ff912eb0000 - 0x00007ff912efc000 	C:\WINDOWS\System32\powrprof.dll
0x00007ff916930000 - 0x00007ff916982000 	C:\WINDOWS\System32\shlwapi.dll
0x00007ff912f00000 - 0x00007ff912f0f000 	C:\WINDOWS\System32\kernel.appcore.dll
0x00007ff913610000 - 0x00007ff9136b9000 	C:\WINDOWS\System32\shcore.dll
0x00007ff912f10000 - 0x00007ff912f24000 	C:\WINDOWS\System32\profapi.dll
0x00007ff908600000 - 0x00007ff908792000 	C:\WINDOWS\SYSTEM32\dbghelp.dll

VM Arguments:
jvm_args: -Djava.awt.headless=true -Xmx1024M -Dfile.encoding=GBK -Duser.country=US -Duser.language=en -Duser.variant 
java_command: com.android.dx.command.Main --dex --force-jumbo --num-threads=4 --multi-dex --output C:\Users\WS\AndroidStudioProjects\sql1234\app\build\intermediates\transforms\dex\debug\folders\1000\5\slice_3 C:\Users\WS\AndroidStudioProjects\sql1234\app\build\intermediates\transforms\instantRunSlicer\debug\folders\1\5\slice_3
java_class_path (initial): C:\Users\WS\AppData\Local\Android\sdk\build-tools\23.0.3\lib\dx.jar
Launcher Type: SUN_STANDARD

Environment Variables:
PATH=C:\Program Files (x86)\Razer Chroma SDK\bin;C:\Program Files\Razer Chroma SDK\bin;C:\Program Files (x86)\Intel\iCLS Client\;C:\Program Files\Intel\iCLS Client\;C:\ProgramData\Oracle\Java\javapath;C:\Windows\system32;C:\Windows;C:\Windows\System32\Wbem;C:\Windows\System32\WindowsPowerShell\v1.0\;C:\Program Files (x86)\NVIDIA Corporation\PhysX\Common;C:\Users\WS\.dnx\bin;C:\Program Files\Microsoft DNX\Dnvm\;C:\Program Files\Microsoft SQL Server\120\Tools\Binn\;C:\Program Files (x86)\Skype\Phone\;C:\Program Files (x86)\QuickTime\QTSystem\;C:\WINDOWS\system32;C:\WINDOWS;C:\WINDOWS\System32\Wbem;C:\WINDOWS\System32\WindowsPowerShell\v1.0\;C:\Program Files (x86)\Intel\Intel(R) Management Engine Components\DAL;C:\Program Files\Intel\Intel(R) Management Engine Components\DAL;C:\Program Files (x86)\Intel\Intel(R) Management Engine Components\IPT;C:\Program Files\Intel\Intel(R) Management Engine Components\IPT;C:\Program Files\Git\cmd;C:\Program Files\Java\jdk1.8.0_77\bin;C:\Users\WS\AppData\Local\Microsoft\WindowsApps;C:\Program Files\Java\jdk1.8.0_77\bin;%USERPROFILE%\AppData\Local\Microsoft\WindowsApps;
USERNAME=WS
OS=Windows_NT
PROCESSOR_IDENTIFIER=Intel64 Family 6 Model 60 Stepping 3, GenuineIntel



---------------  S Y S T E M  ---------------

OS: Windows 8.1 , 64 bit Build 9600 

CPU:total 8 (4 cores per cpu, 2 threads per core) family 6 model 60 stepping 3, cmov, cx8, fxsr, mmx, sse, sse2, sse3, ssse3, sse4.1, sse4.2, popcnt, avx, avx2, aes, clmul, erms, lzcnt, ht, tsc, tscinvbit, bmi1, bmi2

Memory: 4k page, physical 8305768k(1217152k free), swap 11254852k(5344k free)

vm_info: Java HotSpot(TM) 64-Bit Server VM (25.31-b07) for windows-amd64 JRE (1.8.0_31-b13), built on Dec 17 2014 21:00:28 by "java_re" with MS VC++ 10.0 (VS2010)

time: Fri Nov 04 21:35:09 2016
elapsed time: 2 seconds (0d 0h 0m 2s)

