#
# There is insufficient memory for the Java Runtime Environment to continue.
# Native memory allocation (malloc) failed to allocate 2045536 bytes for Chunk::new
# Possible reasons:
#   The system is out of physical RAM or swap space
#   In 32 bit mode, the process size limit was hit
# Possible solutions:
#   Reduce memory load on the system
#   Increase physical memory or swap space
#   Check if swap backing store is full
#   Use 64 bit Java on a 64 bit OS
#   Decrease Java heap size (-Xmx/-Xms)
#   Decrease number of Java threads
#   Decrease Java thread stack sizes (-Xss)
#   Set larger code cache with -XX:ReservedCodeCacheSize=
# This output file may be truncated or incomplete.
#
#  Out of Memory Error (allocation.cpp:390), pid=12700, tid=13276
#
# JRE version: Java(TM) SE Runtime Environment (8.0_31-b13) (build 1.8.0_31-b13)
# Java VM: Java HotSpot(TM) 64-Bit Server VM (25.31-b07 mixed mode windows-amd64 compressed oops)
# Failed to write core dump. Minidumps are not enabled by default on client versions of Windows
#

---------------  T H R E A D  ---------------

Current thread (0x00000000175b3000):  JavaThread "C2 CompilerThread0" daemon [_thread_in_native, id=13276, stack(0x0000000017b30000,0x0000000017c30000)]

Stack: [0x0000000017b30000,0x0000000017c30000]
Native frames: (J=compiled Java code, j=interpreted, Vv=VM code, C=native code)
V  [jvm.dll+0x3169ba]
V  [jvm.dll+0x2674c3]
V  [jvm.dll+0x268103]
V  [jvm.dll+0x25f8f5]
V  [jvm.dll+0xbf025]
V  [jvm.dll+0xbf4cc]
V  [jvm.dll+0x45df82]
V  [jvm.dll+0x49f21f]
V  [jvm.dll+0x453401]
V  [jvm.dll+0x454124]
V  [jvm.dll+0x437c62]
V  [jvm.dll+0x988e2]
V  [jvm.dll+0x990d3]
V  [jvm.dll+0x22c194]
V  [jvm.dll+0x28576a]
C  [msvcr100.dll+0x21d9f]
C  [msvcr100.dll+0x21e3b]
C  [KERNEL32.DLL+0x8364]
C  [ntdll.dll+0x65e91]


Current CompileTask:
C2:   7052 2164   !   4       com.android.dx.cf.code.BytecodeArray::parseInstruction (2764 bytes)


---------------  P R O C E S S  ---------------

Java Threads: ( => current thread )
  0x0000000018172800 JavaThread "pool-2-thread-4" [_thread_blocked, id=9340, stack(0x0000000018d30000,0x0000000018e30000)]
  0x0000000018172000 JavaThread "pool-2-thread-3" [_thread_in_Java, id=4584, stack(0x0000000018c30000,0x0000000018d30000)]
  0x0000000018170800 JavaThread "pool-2-thread-2" [_thread_blocked, id=1204, stack(0x0000000018b30000,0x0000000018c30000)]
  0x000000001816b000 JavaThread "pool-3-thread-1" [_thread_blocked, id=100, stack(0x0000000018a30000,0x0000000018b30000)]
  0x0000000018168800 JavaThread "pool-2-thread-1" [_thread_blocked, id=11868, stack(0x0000000018930000,0x0000000018a30000)]
  0x00000000175c6000 JavaThread "Service Thread" daemon [_thread_blocked, id=5044, stack(0x0000000017f30000,0x0000000018030000)]
  0x00000000175bd800 JavaThread "C1 CompilerThread3" daemon [_thread_blocked, id=6104, stack(0x0000000017e30000,0x0000000017f30000)]
  0x00000000175b8800 JavaThread "C2 CompilerThread2" daemon [_thread_in_native, id=7612, stack(0x0000000017d30000,0x0000000017e30000)]
  0x00000000175b6000 JavaThread "C2 CompilerThread1" daemon [_thread_in_native, id=12196, stack(0x0000000017c30000,0x0000000017d30000)]
=>0x00000000175b3000 JavaThread "C2 CompilerThread0" daemon [_thread_in_native, id=13276, stack(0x0000000017b30000,0x0000000017c30000)]
  0x00000000175b1800 JavaThread "Attach Listener" daemon [_thread_blocked, id=10576, stack(0x0000000017a30000,0x0000000017b30000)]
  0x0000000017567800 JavaThread "Signal Dispatcher" daemon [_thread_blocked, id=10248, stack(0x0000000017930000,0x0000000017a30000)]
  0x0000000002a22000 JavaThread "Finalizer" daemon [_thread_blocked, id=1284, stack(0x0000000017430000,0x0000000017530000)]
  0x000000001554b800 JavaThread "Reference Handler" daemon [_thread_blocked, id=8888, stack(0x0000000017330000,0x0000000017430000)]
  0x000000000233d800 JavaThread "main" [_thread_blocked, id=9368, stack(0x0000000002730000,0x0000000002830000)]

Other Threads:
  0x0000000015547800 VMThread [stack: 0x0000000017230000,0x0000000017330000] [id=9852]
  0x00000000175c7000 WatcherThread [stack: 0x0000000018030000,0x0000000018130000] [id=3496]

VM state:not at safepoint (normal execution)

VM Mutex/Monitor currently owned by a thread: None

Heap:
 PSYoungGen      total 138240K, used 15327K [0x00000000eab00000, 0x00000000fe600000, 0x0000000100000000)
  eden space 133120K, 7% used [0x00000000eab00000,0x00000000eb4fd710,0x00000000f2d00000)
  from space 5120K, 99% used [0x00000000f2d00000,0x00000000f31fa608,0x00000000f3200000)
  to   space 28160K, 0% used [0x00000000fca80000,0x00000000fca80000,0x00000000fe600000)
 ParOldGen       total 87552K, used 44614K [0x00000000c0000000, 0x00000000c5580000, 0x00000000eab00000)
  object space 87552K, 50% used [0x00000000c0000000,0x00000000c2b91bc8,0x00000000c5580000)
 Metaspace       used 6509K, capacity 7256K, committed 7424K, reserved 1056768K
  class space    used 617K, capacity 656K, committed 768K, reserved 1048576K

Card table byte_map: [0x0000000011df0000,0x0000000012000000] byte_map_base: 0x00000000117f0000

Marking Bits: (ParMarkBitMap*) 0x00000000566fd4f0
 Begin Bits: [0x0000000012960000, 0x0000000013960000)
 End Bits:   [0x0000000013960000, 0x0000000014960000)

Polling page: 0x0000000000b80000

CodeCache: size=245760Kb used=9213Kb max_used=9229Kb free=236546Kb
 bounds [0x0000000002a30000, 0x0000000003340000, 0x0000000011a30000]
 total_blobs=2397 nmethods=2130 adapters=180
 compilation: enabled

Compilation events (10 events):
Event: 6.860 Thread 0x00000000175b6000 nmethod 2153% 0x000000000332f850 code [0x000000000332f9a0, 0x000000000332fb18]
Event: 6.860 Thread 0x00000000175b6000 2166 %     4       com.android.dx.ssa.SCCP::run @ 93 (298 bytes)
Event: 6.880 Thread 0x00000000175bd800 2168       2       com.android.dx.rop.code.Rops::opIfLt (13 bytes)
Event: 6.880 Thread 0x00000000175bd800 nmethod 2168 0x000000000331b690 code [0x000000000331b800, 0x000000000331b988]
Event: 6.887 Thread 0x00000000175bd800 2169       2       com.android.dx.cf.direct.DirectClassFile::isGoodVersion (38 bytes)
Event: 6.887 Thread 0x00000000175bd800 nmethod 2169 0x000000000331b310 code [0x000000000331b460, 0x000000000331b610]
Event: 6.887 Thread 0x00000000175bd800 2170       2       com.android.dx.cf.cst.ConstantPoolParser::<init> (41 bytes)
Event: 6.887 Thread 0x00000000175bd800 nmethod 2170 0x000000000331abd0 code [0x000000000331ad40, 0x000000000331b0b8]
Event: 6.893 Thread 0x00000000175bd800 2171       2       com.android.dx.rop.type.Type::getClassName (94 bytes)
Event: 6.894 Thread 0x00000000175bd800 nmethod 2171 0x000000000331a210 code [0x000000000331a3c0, 0x000000000331a8b8]

GC Heap History (10 events):
Event: 1.958 GC heap before
{Heap before GC invocations=1 (full 0):
 PSYoungGen      total 38400K, used 33280K [0x00000000eab00000, 0x00000000ed580000, 0x0000000100000000)
  eden space 33280K, 100% used [0x00000000eab00000,0x00000000ecb80000,0x00000000ecb80000)
  from space 5120K, 0% used [0x00000000ed080000,0x00000000ed080000,0x00000000ed580000)
  to   space 5120K, 0% used [0x00000000ecb80000,0x00000000ecb80000,0x00000000ed080000)
 ParOldGen       total 87552K, used 0K [0x00000000c0000000, 0x00000000c5580000, 0x00000000eab00000)
  object space 87552K, 0% used [0x00000000c0000000,0x00000000c0000000,0x00000000c5580000)
 Metaspace       used 5894K, capacity 6832K, committed 7040K, reserved 1056768K
  class space    used 593K, capacity 616K, committed 640K, reserved 1048576K
Event: 2.005 GC heap after
Heap after GC invocations=1 (full 0):
 PSYoungGen      total 38400K, used 5110K [0x00000000eab00000, 0x00000000ef600000, 0x0000000100000000)
  eden space 33280K, 0% used [0x00000000eab00000,0x00000000eab00000,0x00000000ecb80000)
  from space 5120K, 99% used [0x00000000ecb80000,0x00000000ed07da90,0x00000000ed080000)
  to   space 5120K, 0% used [0x00000000ef100000,0x00000000ef100000,0x00000000ef600000)
 ParOldGen       total 87552K, used 391K [0x00000000c0000000, 0x00000000c5580000, 0x00000000eab00000)
  object space 87552K, 0% used [0x00000000c0000000,0x00000000c0061c70,0x00000000c5580000)
 Metaspace       used 5894K, capacity 6832K, committed 7040K, reserved 1056768K
  class space    used 593K, capacity 616K, committed 640K, reserved 1048576K
}
Event: 2.579 GC heap before
{Heap before GC invocations=2 (full 0):
 PSYoungGen      total 38400K, used 38390K [0x00000000eab00000, 0x00000000ef600000, 0x0000000100000000)
  eden space 33280K, 100% used [0x00000000eab00000,0x00000000ecb80000,0x00000000ecb80000)
  from space 5120K, 99% used [0x00000000ecb80000,0x00000000ed07da90,0x00000000ed080000)
  to   space 5120K, 0% used [0x00000000ef100000,0x00000000ef100000,0x00000000ef600000)
 ParOldGen       total 87552K, used 391K [0x00000000c0000000, 0x00000000c5580000, 0x00000000eab00000)
  object space 87552K, 0% used [0x00000000c0000000,0x00000000c0061c70,0x00000000c5580000)
 Metaspace       used 6169K, capacity 7024K, committed 7296K, reserved 1056768K
  class space    used 595K, capacity 616K, committed 640K, reserved 1048576K
Event: 2.618 GC heap after
Heap after GC invocations=2 (full 0):
 PSYoungGen      total 71680K, used 5115K [0x00000000eab00000, 0x00000000ef600000, 0x0000000100000000)
  eden space 66560K, 0% used [0x00000000eab00000,0x00000000eab00000,0x00000000eec00000)
  from space 5120K, 99% used [0x00000000ef100000,0x00000000ef5fecc8,0x00000000ef600000)
  to   space 5120K, 0% used [0x00000000eec00000,0x00000000eec00000,0x00000000ef100000)
 ParOldGen       total 87552K, used 3629K [0x00000000c0000000, 0x00000000c5580000, 0x00000000eab00000)
  object space 87552K, 4% used [0x00000000c0000000,0x00000000c038b4d0,0x00000000c5580000)
 Metaspace       used 6169K, capacity 7024K, committed 7296K, reserved 1056768K
  class space    used 595K, capacity 616K, committed 640K, reserved 1048576K
}
Event: 3.341 GC heap before
{Heap before GC invocations=3 (full 0):
 PSYoungGen      total 71680K, used 71675K [0x00000000eab00000, 0x00000000ef600000, 0x0000000100000000)
  eden space 66560K, 100% used [0x00000000eab00000,0x00000000eec00000,0x00000000eec00000)
  from space 5120K, 99% used [0x00000000ef100000,0x00000000ef5fecc8,0x00000000ef600000)
  to   space 5120K, 0% used [0x00000000eec00000,0x00000000eec00000,0x00000000ef100000)
 ParOldGen       total 87552K, used 3629K [0x00000000c0000000, 0x00000000c5580000, 0x00000000eab00000)
  object space 87552K, 4% used [0x00000000c0000000,0x00000000c038b4d0,0x00000000c5580000)
 Metaspace       used 6270K, capacity 7152K, committed 7296K, reserved 1056768K
  class space    used 596K, capacity 616K, committed 640K, reserved 1048576K
Event: 3.395 GC heap after
Heap after GC invocations=3 (full 0):
 PSYoungGen      total 71680K, used 5108K [0x00000000eab00000, 0x00000000f3700000, 0x0000000100000000)
  eden space 66560K, 0% used [0x00000000eab00000,0x00000000eab00000,0x00000000eec00000)
  from space 5120K, 99% used [0x00000000eec00000,0x00000000ef0fd390,0x00000000ef100000)
  to   space 5120K, 0% used [0x00000000f3200000,0x00000000f3200000,0x00000000f3700000)
 ParOldGen       total 87552K, used 13006K [0x00000000c0000000, 0x00000000c5580000, 0x00000000eab00000)
  object space 87552K, 14% used [0x00000000c0000000,0x00000000c0cb3a80,0x00000000c5580000)
 Metaspace       used 6270K, capacity 7152K, committed 7296K, reserved 1056768K
  class space    used 596K, capacity 616K, committed 640K, reserved 1048576K
}
Event: 3.886 GC heap before
{Heap before GC invocations=4 (full 0):
 PSYoungGen      total 71680K, used 71668K [0x00000000eab00000, 0x00000000f3700000, 0x0000000100000000)
  eden space 66560K, 100% used [0x00000000eab00000,0x00000000eec00000,0x00000000eec00000)
  from space 5120K, 99% used [0x00000000eec00000,0x00000000ef0fd390,0x00000000ef100000)
  to   space 5120K, 0% used [0x00000000f3200000,0x00000000f3200000,0x00000000f3700000)
 ParOldGen       total 87552K, used 13006K [0x00000000c0000000, 0x00000000c5580000, 0x00000000eab00000)
  object space 87552K, 14% used [0x00000000c0000000,0x00000000c0cb3a80,0x00000000c5580000)
 Metaspace       used 6344K, capacity 7152K, committed 7296K, reserved 1056768K
  class space    used 597K, capacity 616K, committed 640K, reserved 1048576K
Event: 3.975 GC heap after
Heap after GC invocations=4 (full 0):
 PSYoungGen      total 138240K, used 5100K [0x00000000eab00000, 0x00000000f3700000, 0x0000000100000000)
  eden space 133120K, 0% used [0x00000000eab00000,0x00000000eab00000,0x00000000f2d00000)
  from space 5120K, 99% used [0x00000000f3200000,0x00000000f36fb0b8,0x00000000f3700000)
  to   space 5120K, 0% used [0x00000000f2d00000,0x00000000f2d00000,0x00000000f3200000)
 ParOldGen       total 87552K, used 23761K [0x00000000c0000000, 0x00000000c5580000, 0x00000000eab00000)
  object space 87552K, 27% used [0x00000000c0000000,0x00000000c17347d8,0x00000000c5580000)
 Metaspace       used 6344K, capacity 7152K, committed 7296K, reserved 1056768K
  class space    used 597K, capacity 616K, committed 640K, reserved 1048576K
}
Event: 6.646 GC heap before
{Heap before GC invocations=5 (full 0):
 PSYoungGen      total 138240K, used 138220K [0x00000000eab00000, 0x00000000f3700000, 0x0000000100000000)
  eden space 133120K, 100% used [0x00000000eab00000,0x00000000f2d00000,0x00000000f2d00000)
  from space 5120K, 99% used [0x00000000f3200000,0x00000000f36fb0b8,0x00000000f3700000)
  to   space 5120K, 0% used [0x00000000f2d00000,0x00000000f2d00000,0x00000000f3200000)
 ParOldGen       total 87552K, used 23761K [0x00000000c0000000, 0x00000000c5580000, 0x00000000eab00000)
  object space 87552K, 27% used [0x00000000c0000000,0x00000000c17347d8,0x00000000c5580000)
 Metaspace       used 6508K, capacity 7256K, committed 7424K, reserved 1056768K
  class space    used 617K, capacity 656K, committed 768K, reserved 1048576K
Event: 6.756 GC heap after
Heap after GC invocations=5 (full 0):
 PSYoungGen      total 138240K, used 5097K [0x00000000eab00000, 0x00000000fe600000, 0x0000000100000000)
  eden space 133120K, 0% used [0x00000000eab00000,0x00000000eab00000,0x00000000f2d00000)
  from space 5120K, 99% used [0x00000000f2d00000,0x00000000f31fa608,0x00000000f3200000)
  to   space 28160K, 0% used [0x00000000fca80000,0x00000000fca80000,0x00000000fe600000)
 ParOldGen       total 87552K, used 44614K [0x00000000c0000000, 0x00000000c5580000, 0x00000000eab00000)
  object space 87552K, 50% used [0x00000000c0000000,0x00000000c2b91bc8,0x00000000c5580000)
 Metaspace       used 6508K, capacity 7256K, committed 7424K, reserved 1056768K
  class space    used 617K, capacity 656K, committed 768K, reserved 1048576K
}

Deoptimization events (10 events):
Event: 5.436 Thread 0x0000000018168800 Uncommon trap: reason=bimorphic action=maybe_recompile pc=0x0000000003206d9c method=com.android.dx.cf.code.BytecodeArray.parseInstruction(ILcom/android/dx/cf/code/BytecodeArray$Visitor;)I @ 1161
Event: 5.436 Thread 0x0000000018168800 Uncommon trap: reason=bimorphic action=maybe_recompile pc=0x0000000003206d9c method=com.android.dx.cf.code.BytecodeArray.parseInstruction(ILcom/android/dx/cf/code/BytecodeArray$Visitor;)I @ 1161
Event: 5.443 Thread 0x0000000018172800 Uncommon trap: reason=unreached action=reinterpret pc=0x00000000030b9fd8 method=java.util.HashMap.getNode(ILjava/lang/Object;)Ljava/util/HashMap$Node; @ 84
Event: 5.464 Thread 0x0000000018172000 Uncommon trap: reason=unreached action=reinterpret pc=0x00000000030b576c method=java.util.HashMap.getNode(ILjava/lang/Object;)Ljava/util/HashMap$Node; @ 84
Event: 5.507 Thread 0x000000000233d800 Uncommon trap: reason=unreached action=reinterpret pc=0x0000000002fd42cc method=com.android.dx.ssa.MoveParamCombiner$1.visitNonMoveInsn(Lcom/android/dx/ssa/NormalSsaInsn;)V @ 27
Event: 5.572 Thread 0x0000000018168800 Uncommon trap: reason=bimorphic action=maybe_recompile pc=0x00000000030859a0 method=com.android.dx.ssa.LiteralOpUpgrader.tryReplacingWithConstant(Lcom/android/dx/ssa/NormalSsaInsn;)Z @ 62
Event: 5.584 Thread 0x0000000018168800 Uncommon trap: reason=bimorphic action=maybe_recompile pc=0x00000000030859a0 method=com.android.dx.ssa.LiteralOpUpgrader.tryReplacingWithConstant(Lcom/android/dx/ssa/NormalSsaInsn;)Z @ 62
Event: 6.801 Thread 0x0000000018170800 Uncommon trap: reason=unreached action=reinterpret pc=0x0000000002d3a710 method=java.util.HashMap.putVal(ILjava/lang/Object;Ljava/lang/Object;ZZ)Ljava/lang/Object; @ 109
Event: 6.804 Thread 0x0000000018170800 Uncommon trap: reason=bimorphic action=maybe_recompile pc=0x00000000032eaf40 method=com.android.dx.cf.code.BytecodeArray.parseInstruction(ILcom/android/dx/cf/code/BytecodeArray$Visitor;)I @ 971
Event: 6.804 Thread 0x0000000018170800 Uncommon trap: reason=bimorphic action=maybe_recompile pc=0x00000000032eaf40 method=com.android.dx.cf.code.BytecodeArray.parseInstruction(ILcom/android/dx/cf/code/BytecodeArray$Visitor;)I @ 971

Internal exceptions (10 events):
Event: 1.914 Thread 0x000000000233d800 Exception <a 'java/security/PrivilegedActionException'> (0x00000000ec8f9e38) thrown at [C:\workspace\8-2-build-windows-amd64-cygwin\jdk8u31\2394\hotspot\src\share\vm\prims\jvm.cpp, line 1312]
Event: 2.235 Thread 0x0000000018168800 Exception <a 'java/security/PrivilegedActionException'> (0x00000000eb397200) thrown at [C:\workspace\8-2-build-windows-amd64-cygwin\jdk8u31\2394\hotspot\src\share\vm\prims\jvm.cpp, line 1312]
Event: 2.357 Thread 0x0000000018172800 Implicit null exception at 0x0000000002d47836 to 0x0000000002d497fd
Event: 2.828 Thread 0x000000000233d800 Exception <a 'java/security/PrivilegedActionException'> (0x00000000eba4c698) thrown at [C:\workspace\8-2-build-windows-amd64-cygwin\jdk8u31\2394\hotspot\src\share\vm\prims\jvm.cpp, line 1312]
Event: 2.835 Thread 0x000000000233d800 Exception <a 'java/security/PrivilegedActionException'> (0x00000000ebba2838) thrown at [C:\workspace\8-2-build-windows-amd64-cygwin\jdk8u31\2394\hotspot\src\share\vm\prims\jvm.cpp, line 1312]
Event: 3.676 Thread 0x0000000018172000 Exception <a 'java/security/PrivilegedActionException'> (0x00000000eccb8758) thrown at [C:\workspace\8-2-build-windows-amd64-cygwin\jdk8u31\2394\hotspot\src\share\vm\prims\jvm.cpp, line 1312]
Event: 4.293 Thread 0x0000000018172800 Implicit null exception at 0x000000000302ee4c to 0x0000000003030481
Event: 5.442 Thread 0x0000000018172800 Exception <a 'java/lang/ArrayIndexOutOfBoundsException': 18> (0x00000000efc71140) thrown at [C:\workspace\8-2-build-windows-amd64-cygwin\jdk8u31\2394\hotspot\src\share\vm\interpreter\interpreterRuntime.cpp, line 366]
Event: 5.442 Thread 0x0000000018172800 Exception <a 'java/lang/ArrayIndexOutOfBoundsException': 145> (0x00000000f0035e48) thrown at [C:\workspace\8-2-build-windows-amd64-cygwin\jdk8u31\2394\hotspot\src\share\vm\interpreter\interpreterRuntime.cpp, line 366]
Event: 5.443 Thread 0x0000000018172800 Exception <a 'java/lang/ArrayIndexOutOfBoundsException'> (0x00000000f0037060) thrown at [C:\workspace\8-2-build-windows-amd64-cygwin\jdk8u31\2394\hotspot\src\share\vm\runtime\sharedRuntime.cpp, line 604]

Events (10 events):
Event: 6.756 Executing VM operation: ParallelGCFailedAllocation done
Event: 6.801 Thread 0x0000000018170800 Uncommon trap: trap_request=0xffffffad fr.pc=0x0000000002d3a710
Event: 6.801 Thread 0x0000000018170800 DEOPT PACKING pc=0x0000000002d3a710 sp=0x0000000018c2ed00
Event: 6.801 Thread 0x0000000018170800 DEOPT UNPACKING pc=0x0000000002a7556a sp=0x0000000018c2eb98 mode 2
Event: 6.804 Thread 0x0000000018170800 Uncommon trap: trap_request=0xffffffc6 fr.pc=0x00000000032eaf40
Event: 6.804 Thread 0x0000000018170800 DEOPT PACKING pc=0x00000000032eaf40 sp=0x0000000018c2ebd0
Event: 6.804 Thread 0x0000000018170800 DEOPT UNPACKING pc=0x0000000002a7556a sp=0x0000000018c2eb98 mode 2
Event: 6.804 Thread 0x0000000018170800 Uncommon trap: trap_request=0xffffffc6 fr.pc=0x00000000032eaf40
Event: 6.804 Thread 0x0000000018170800 DEOPT PACKING pc=0x00000000032eaf40 sp=0x0000000018c2ea70
Event: 6.804 Thread 0x0000000018170800 DEOPT UNPACKING pc=0x0000000002a7556a sp=0x0000000018c2ea38 mode 2


Dynamic libraries:
0x00007ff66fea0000 - 0x00007ff66fed4000 	C:\Program Files\Java\jdk1.8.0_31\bin\java.exe
0x00007ffa298e0000 - 0x00007ffa29ab1000 	C:\WINDOWS\SYSTEM32\ntdll.dll
0x00007ffa271f0000 - 0x00007ffa2729b000 	C:\WINDOWS\System32\KERNEL32.DLL
0x00007ffa26bb0000 - 0x00007ffa26dcd000 	C:\WINDOWS\System32\KERNELBASE.dll
0x00007ffa297f0000 - 0x00007ffa29892000 	C:\WINDOWS\System32\ADVAPI32.dll
0x00007ffa26e70000 - 0x00007ffa26f0e000 	C:\WINDOWS\System32\msvcrt.dll
0x00007ffa28dd0000 - 0x00007ffa28e29000 	C:\WINDOWS\System32\sechost.dll
0x00007ffa272a0000 - 0x00007ffa273c1000 	C:\WINDOWS\System32\RPCRT4.dll
0x00007ffa27740000 - 0x00007ffa278a5000 	C:\WINDOWS\System32\USER32.dll
0x00007ffa26950000 - 0x00007ffa2696e000 	C:\WINDOWS\System32\win32u.dll
0x00007ffa298a0000 - 0x00007ffa298d4000 	C:\WINDOWS\System32\GDI32.dll
0x00007ffa26970000 - 0x00007ffa26af2000 	C:\WINDOWS\System32\gdi32full.dll
0x00007ffa19b40000 - 0x00007ffa19db9000 	C:\WINDOWS\WinSxS\amd64_microsoft.windows.common-controls_6595b64144ccf1df_6.0.14393.0_none_2d0f50fcbdb171b8\COMCTL32.dll
0x00007ffa26f20000 - 0x00007ffa271e7000 	C:\WINDOWS\System32\combase.dll
0x00007ffa25e40000 - 0x00007ffa25f35000 	C:\WINDOWS\System32\ucrtbase.dll
0x00007ffa25dd0000 - 0x00007ffa25e3a000 	C:\WINDOWS\System32\bcryptPrimitives.dll
0x00007ffa295b0000 - 0x00007ffa295de000 	C:\WINDOWS\System32\IMM32.DLL
0x0000000056780000 - 0x0000000056852000 	C:\Program Files\Java\jdk1.8.0_31\jre\bin\msvcr100.dll
0x0000000055f20000 - 0x000000005677a000 	C:\Program Files\Java\jdk1.8.0_31\jre\bin\server\jvm.dll
0x00007ffa26f10000 - 0x00007ffa26f18000 	C:\WINDOWS\System32\PSAPI.DLL
0x00007ffa19980000 - 0x00007ffa19989000 	C:\WINDOWS\SYSTEM32\WSOCK32.dll
0x00007ffa295e0000 - 0x00007ffa2964a000 	C:\WINDOWS\System32\WS2_32.dll
0x00007ffa23fa0000 - 0x00007ffa23fc3000 	C:\WINDOWS\SYSTEM32\WINMM.dll
0x00007ffa23f20000 - 0x00007ffa23f4b000 	C:\WINDOWS\SYSTEM32\WINMMBASE.dll
0x00007ffa26900000 - 0x00007ffa26942000 	C:\WINDOWS\System32\cfgmgr32.dll
0x0000000055f10000 - 0x0000000055f1f000 	C:\Program Files\Java\jdk1.8.0_31\jre\bin\verify.dll
0x0000000055ee0000 - 0x0000000055f08000 	C:\Program Files\Java\jdk1.8.0_31\jre\bin\java.dll
0x0000000055ec0000 - 0x0000000055ed6000 	C:\Program Files\Java\jdk1.8.0_31\jre\bin\zip.dll
0x00007ffa278c0000 - 0x00007ffa28dc8000 	C:\WINDOWS\System32\SHELL32.dll
0x00007ffa25f40000 - 0x00007ffa2661a000 	C:\WINDOWS\System32\windows.storage.dll
0x00007ffa25d70000 - 0x00007ffa25dbc000 	C:\WINDOWS\System32\powrprof.dll
0x00007ffa29480000 - 0x00007ffa294d2000 	C:\WINDOWS\System32\shlwapi.dll
0x00007ffa25d60000 - 0x00007ffa25d6f000 	C:\WINDOWS\System32\kernel.appcore.dll
0x00007ffa26b00000 - 0x00007ffa26ba9000 	C:\WINDOWS\System32\shcore.dll
0x00007ffa25d40000 - 0x00007ffa25d54000 	C:\WINDOWS\System32\profapi.dll
0x00007ffa1acd0000 - 0x00007ffa1ae62000 	C:\WINDOWS\SYSTEM32\dbghelp.dll

VM Arguments:
jvm_args: -Djava.awt.headless=true -Xmx1024M -Dfile.encoding=GBK -Duser.country=US -Duser.language=en -Duser.variant 
java_command: com.android.dx.command.Main --dex --force-jumbo --num-threads=4 --multi-dex --output C:\Users\WS\AndroidStudioProjects\sql1234\app\build\intermediates\transforms\dex\debug\folders\1000\10\com.android.support-support-v4-23.4.0_fac885bab38e9f414e2913595979a0ce6d207c97 C:\Users\WS\AndroidStudioProjects\sql1234\app\build\intermediates\exploded-aar\com.android.support\support-v4\23.4.0\jars\classes.jar
java_class_path (initial): C:\Users\WS\AppData\Local\Android\sdk\build-tools\23.0.3\lib\dx.jar
Launcher Type: SUN_STANDARD

Environment Variables:
PATH=C:\Program Files (x86)\Razer Chroma SDK\bin;C:\Program Files\Razer Chroma SDK\bin;C:\Program Files (x86)\Intel\iCLS Client\;C:\Program Files\Intel\iCLS Client\;C:\ProgramData\Oracle\Java\javapath;C:\Windows\system32;C:\Windows;C:\Windows\System32\Wbem;C:\Windows\System32\WindowsPowerShell\v1.0\;C:\Program Files (x86)\NVIDIA Corporation\PhysX\Common;C:\Users\WS\.dnx\bin;C:\Program Files\Microsoft DNX\Dnvm\;C:\Program Files\Microsoft SQL Server\120\Tools\Binn\;C:\Program Files (x86)\Skype\Phone\;C:\Program Files (x86)\QuickTime\QTSystem\;C:\WINDOWS\system32;C:\WINDOWS;C:\WINDOWS\System32\Wbem;C:\WINDOWS\System32\WindowsPowerShell\v1.0\;C:\Program Files (x86)\Intel\Intel(R) Management Engine Components\DAL;C:\Program Files\Intel\Intel(R) Management Engine Components\DAL;C:\Program Files (x86)\Intel\Intel(R) Management Engine Components\IPT;C:\Program Files\Intel\Intel(R) Management Engine Components\IPT;C:\Program Files\Git\cmd;C:\Program Files\Java\jdk1.8.0_77\bin;C:\Users\WS\AppData\Local\Microsoft\WindowsApps;C:\Program Files\Java\jdk1.8.0_77\bin;%USERPROFILE%\AppData\Local\Microsoft\WindowsApps;
USERNAME=WS
OS=Windows_NT
PROCESSOR_IDENTIFIER=Intel64 Family 6 Model 60 Stepping 3, GenuineIntel



---------------  S Y S T E M  ---------------

OS: Windows 8.1 , 64 bit Build 9600 

CPU:total 8 (4 cores per cpu, 2 threads per core) family 6 model 60 stepping 3, cmov, cx8, fxsr, mmx, sse, sse2, sse3, ssse3, sse4.1, sse4.2, popcnt, avx, avx2, aes, clmul, erms, lzcnt, ht, tsc, tscinvbit, bmi1, bmi2

Memory: 4k page, physical 8305768k(485752k free), swap 12010404k(7700k free)

vm_info: Java HotSpot(TM) 64-Bit Server VM (25.31-b07) for windows-amd64 JRE (1.8.0_31-b13), built on Dec 17 2014 21:00:28 by "java_re" with MS VC++ 10.0 (VS2010)

time: Sun Nov 20 16:02:07 2016
elapsed time: 7 seconds (0d 0h 0m 7s)

