#
# There is insufficient memory for the Java Runtime Environment to continue.
# Native memory allocation (malloc) failed to allocate 619216 bytes for Chunk::new
# Possible reasons:
#   The system is out of physical RAM or swap space
#   In 32 bit mode, the process size limit was hit
# Possible solutions:
#   Reduce memory load on the system
#   Increase physical memory or swap space
#   Check if swap backing store is full
#   Use 64 bit Java on a 64 bit OS
#   Decrease Java heap size (-Xmx/-Xms)
#   Decrease number of Java threads
#   Decrease Java thread stack sizes (-Xss)
#   Set larger code cache with -XX:ReservedCodeCacheSize=
# This output file may be truncated or incomplete.
#
#  Out of Memory Error (allocation.cpp:390), pid=12784, tid=8648
#
# JRE version: Java(TM) SE Runtime Environment (8.0_31-b13) (build 1.8.0_31-b13)
# Java VM: Java HotSpot(TM) 64-Bit Server VM (25.31-b07 mixed mode windows-amd64 compressed oops)
# Failed to write core dump. Minidumps are not enabled by default on client versions of Windows
#

---------------  T H R E A D  ---------------

Current thread (0x00000000177d5000):  JavaThread "C2 CompilerThread0" daemon [_thread_in_native, id=8648, stack(0x0000000017d50000,0x0000000017e50000)]

Stack: [0x0000000017d50000,0x0000000017e50000]
Native frames: (J=compiled Java code, j=interpreted, Vv=VM code, C=native code)
V  [jvm.dll+0x3169ba]


Current CompileTask:
C2:   3645 1708       4       com.android.dx.rop.code.LocalVariableExtractor::processBlock (327 bytes)


---------------  P R O C E S S  ---------------

Java Threads: ( => current thread )
  0x0000000017a3f000 JavaThread "pool-2-thread-4" [_thread_in_Java, id=10492, stack(0x0000000018f50000,0x0000000019050000)]
  0x0000000017a3c800 JavaThread "pool-2-thread-3" [_thread_blocked, id=2688, stack(0x0000000018e50000,0x0000000018f50000)]
  0x0000000017a67000 JavaThread "pool-2-thread-2" [_thread_blocked, id=12552, stack(0x0000000018d50000,0x0000000018e50000)]
  0x0000000017b4e000 JavaThread "pool-3-thread-1" [_thread_blocked, id=1388, stack(0x0000000018c50000,0x0000000018d50000)]
  0x0000000017a97000 JavaThread "pool-2-thread-1" [_thread_blocked, id=2584, stack(0x0000000018b50000,0x0000000018c50000)]
  0x000000001787e000 JavaThread "Service Thread" daemon [_thread_blocked, id=12532, stack(0x0000000018150000,0x0000000018250000)]
  0x00000000177e1000 JavaThread "C1 CompilerThread3" daemon [_thread_blocked, id=12120, stack(0x0000000018050000,0x0000000018150000)]
  0x00000000177de000 JavaThread "C2 CompilerThread2" daemon [_thread_in_native, id=844, stack(0x0000000017f50000,0x0000000018050000)]
  0x00000000177d8000 JavaThread "C2 CompilerThread1" daemon [_thread_blocked, id=1084, stack(0x0000000017e50000,0x0000000017f50000)]
=>0x00000000177d5000 JavaThread "C2 CompilerThread0" daemon [_thread_in_native, id=8648, stack(0x0000000017d50000,0x0000000017e50000)]
  0x00000000177d4000 JavaThread "Attach Listener" daemon [_thread_blocked, id=5980, stack(0x0000000017c50000,0x0000000017d50000)]
  0x00000000177d3800 JavaThread "Signal Dispatcher" daemon [_thread_blocked, id=1068, stack(0x0000000017b50000,0x0000000017c50000)]
  0x0000000002c59800 JavaThread "Finalizer" daemon [_thread_blocked, id=13004, stack(0x0000000017650000,0x0000000017750000)]
  0x000000001577b800 JavaThread "Reference Handler" daemon [_thread_blocked, id=7888, stack(0x0000000017550000,0x0000000017650000)]
  0x0000000000f4d800 JavaThread "main" [_thread_blocked, id=2508, stack(0x0000000002a60000,0x0000000002b60000)]

Other Threads:
  0x0000000015777800 VMThread [stack: 0x0000000017450000,0x0000000017550000] [id=12248]
  0x000000001787f000 WatcherThread [stack: 0x0000000018250000,0x0000000018350000] [id=4052]

VM state:not at safepoint (normal execution)

VM Mutex/Monitor currently owned by a thread: None

Heap:
 PSYoungGen      total 38400K, used 37049K [0x00000000eab00000, 0x00000000ef600000, 0x0000000100000000)
  eden space 33280K, 96% used [0x00000000eab00000,0x00000000eca33680,0x00000000ecb80000)
  from space 5120K, 99% used [0x00000000ecb80000,0x00000000ed07ae90,0x00000000ed080000)
  to   space 5120K, 0% used [0x00000000ef100000,0x00000000ef100000,0x00000000ef600000)
 ParOldGen       total 87552K, used 773K [0x00000000c0000000, 0x00000000c5580000, 0x00000000eab00000)
  object space 87552K, 0% used [0x00000000c0000000,0x00000000c00c1758,0x00000000c5580000)
 Metaspace       used 6264K, capacity 7088K, committed 7296K, reserved 1056768K
  class space    used 595K, capacity 616K, committed 640K, reserved 1048576K

Card table byte_map: [0x0000000012020000,0x0000000012230000] byte_map_base: 0x0000000011a20000

Marking Bits: (ParMarkBitMap*) 0x00000000566fd4f0
 Begin Bits: [0x0000000012b90000, 0x0000000013b90000)
 End Bits:   [0x0000000013b90000, 0x0000000014b90000)

Polling page: 0x0000000000f00000

CodeCache: size=245760Kb used=6920Kb max_used=6935Kb free=238839Kb
 bounds [0x0000000002c60000, 0x0000000003330000, 0x0000000011c60000]
 total_blobs=1970 nmethods=1703 adapters=180
 compilation: enabled

Compilation events (10 events):
Event: 3.610 Thread 0x00000000177d5000 1708       4       com.android.dx.rop.code.LocalVariableExtractor::processBlock (327 bytes)
Event: 3.611 Thread 0x00000000177e1000 1709       3       com.android.dx.rop.code.Rops::opMarkLocal (69 bytes)
Event: 3.611 Thread 0x00000000177e1000 nmethod 1709 0x000000000330c090 code [0x000000000330c2c0, 0x000000000330ce58]
Event: 3.612 Thread 0x00000000177e1000 1710       3       com.android.dx.ssa.SsaInsn::setResult (20 bytes)
Event: 3.612 Thread 0x00000000177e1000 nmethod 1710 0x00000000033069d0 code [0x0000000003306b40, 0x0000000003306d88]
Event: 3.612 Thread 0x00000000177d8000 1711 %     4       com.android.dx.ssa.SsaMethod::mapRegisters @ 8 (87 bytes)
Event: 3.622 Thread 0x00000000177e1000 1712       3       com.android.dx.cf.attrib.InnerClassList::get (9 bytes)
Event: 3.622 Thread 0x00000000177e1000 nmethod 1712 0x0000000003309dd0 code [0x0000000003309f40, 0x000000000330a228]
Event: 3.624 Thread 0x00000000177e1000 1713   !   3       java.util.concurrent.locks.AbstractQueuedSynchronizer::acquireQueued (93 bytes)
Event: 3.625 Thread 0x00000000177e1000 nmethod 1713 0x0000000003316b90 code [0x0000000003316da0, 0x0000000003317898]

GC Heap History (2 events):
Event: 1.883 GC heap before
{Heap before GC invocations=1 (full 0):
 PSYoungGen      total 38400K, used 33280K [0x00000000eab00000, 0x00000000ed580000, 0x0000000100000000)
  eden space 33280K, 100% used [0x00000000eab00000,0x00000000ecb80000,0x00000000ecb80000)
  from space 5120K, 0% used [0x00000000ed080000,0x00000000ed080000,0x00000000ed580000)
  to   space 5120K, 0% used [0x00000000ecb80000,0x00000000ecb80000,0x00000000ed080000)
 ParOldGen       total 87552K, used 0K [0x00000000c0000000, 0x00000000c5580000, 0x00000000eab00000)
  object space 87552K, 0% used [0x00000000c0000000,0x00000000c0000000,0x00000000c5580000)
 Metaspace       used 5991K, capacity 6896K, committed 7040K, reserved 1056768K
  class space    used 589K, capacity 616K, committed 640K, reserved 1048576K
Event: 2.012 GC heap after
Heap after GC invocations=1 (full 0):
 PSYoungGen      total 38400K, used 5099K [0x00000000eab00000, 0x00000000ef600000, 0x0000000100000000)
  eden space 33280K, 0% used [0x00000000eab00000,0x00000000eab00000,0x00000000ecb80000)
  from space 5120K, 99% used [0x00000000ecb80000,0x00000000ed07ae90,0x00000000ed080000)
  to   space 5120K, 0% used [0x00000000ef100000,0x00000000ef100000,0x00000000ef600000)
 ParOldGen       total 87552K, used 773K [0x00000000c0000000, 0x00000000c5580000, 0x00000000eab00000)
  object space 87552K, 0% used [0x00000000c0000000,0x00000000c00c1758,0x00000000c5580000)
 Metaspace       used 5991K, capacity 6896K, committed 7040K, reserved 1056768K
  class space    used 589K, capacity 616K, committed 640K, reserved 1048576K
}

Deoptimization events (1 events):
Event: 1.511 Thread 0x0000000017a3f000 Uncommon trap: reason=unreached action=reinterpret pc=0x0000000003005790 method=com.android.dx.rop.code.LocalItem.hashCode()I @ 25

Internal exceptions (10 events):
Event: 2.729 Thread 0x0000000000f4d800 Exception <a 'java/security/PrivilegedActionException'> (0x00000000eb2f3490) thrown at [C:\workspace\8-2-build-windows-amd64-cygwin\jdk8u31\2394\hotspot\src\share\vm\prims\jvm.cpp, line 1312]
Event: 2.731 Thread 0x0000000000f4d800 Exception <a 'java/security/PrivilegedActionException'> (0x00000000eb9711f8) thrown at [C:\workspace\8-2-build-windows-amd64-cygwin\jdk8u31\2394\hotspot\src\share\vm\prims\jvm.cpp, line 1312]
Event: 2.731 Thread 0x0000000000f4d800 Exception <a 'java/security/PrivilegedActionException'> (0x00000000eb973b10) thrown at [C:\workspace\8-2-build-windows-amd64-cygwin\jdk8u31\2394\hotspot\src\share\vm\prims\jvm.cpp, line 1312]
Event: 2.743 Thread 0x0000000017a97000 Exception <a 'java/security/PrivilegedActionException'> (0x00000000eb9ee3b0) thrown at [C:\workspace\8-2-build-windows-amd64-cygwin\jdk8u31\2394\hotspot\src\share\vm\prims\jvm.cpp, line 1312]
Event: 2.744 Thread 0x0000000017a97000 Exception <a 'java/security/PrivilegedActionException'> (0x00000000eb9f3da0) thrown at [C:\workspace\8-2-build-windows-amd64-cygwin\jdk8u31\2394\hotspot\src\share\vm\prims\jvm.cpp, line 1312]
Event: 2.744 Thread 0x0000000017a97000 Exception <a 'java/security/PrivilegedActionException'> (0x00000000eb9f9558) thrown at [C:\workspace\8-2-build-windows-amd64-cygwin\jdk8u31\2394\hotspot\src\share\vm\prims\jvm.cpp, line 1312]
Event: 2.839 Thread 0x0000000000f4d800 Exception <a 'java/security/PrivilegedActionException'> (0x00000000eb982fa8) thrown at [C:\workspace\8-2-build-windows-amd64-cygwin\jdk8u31\2394\hotspot\src\share\vm\prims\jvm.cpp, line 1312]
Event: 3.013 Thread 0x0000000000f4d800 Exception <a 'java/security/PrivilegedActionException'> (0x00000000ebccf518) thrown at [C:\workspace\8-2-build-windows-amd64-cygwin\jdk8u31\2394\hotspot\src\share\vm\prims\jvm.cpp, line 1312]
Event: 3.014 Thread 0x0000000000f4d800 Exception <a 'java/security/PrivilegedActionException'> (0x00000000ebcd1c10) thrown at [C:\workspace\8-2-build-windows-amd64-cygwin\jdk8u31\2394\hotspot\src\share\vm\prims\jvm.cpp, line 1312]
Event: 3.293 Thread 0x0000000017a3f000 Exception <a 'java/security/PrivilegedActionException'> (0x00000000ec4624d8) thrown at [C:\workspace\8-2-build-windows-amd64-cygwin\jdk8u31\2394\hotspot\src\share\vm\prims\jvm.cpp, line 1312]

Events (10 events):
Event: 2.744 loading class com/android/dx/dex/file/AnnotationSetRefItem
Event: 2.744 loading class com/android/dx/dex/file/AnnotationSetRefItem done
Event: 2.838 loading class com/android/dx/cf/attrib/AttExceptions
Event: 2.838 loading class com/android/dx/cf/attrib/AttExceptions done
Event: 3.013 loading class com/android/dx/cf/attrib/AttRuntimeInvisibleAnnotations
Event: 3.013 loading class com/android/dx/cf/attrib/AttRuntimeInvisibleAnnotations done
Event: 3.014 loading class com/android/dx/cf/attrib/BaseAnnotations
Event: 3.014 loading class com/android/dx/cf/attrib/BaseAnnotations done
Event: 3.293 loading class com/android/dx/cf/code/SwitchList
Event: 3.293 loading class com/android/dx/cf/code/SwitchList done


Dynamic libraries:
0x00007ff66fea0000 - 0x00007ff66fed4000 	C:\Program Files\Java\jdk1.8.0_31\bin\java.exe
0x00007ffa298e0000 - 0x00007ffa29ab1000 	C:\WINDOWS\SYSTEM32\ntdll.dll
0x00007ffa271f0000 - 0x00007ffa2729b000 	C:\WINDOWS\System32\KERNEL32.DLL
0x00007ffa26bb0000 - 0x00007ffa26dcd000 	C:\WINDOWS\System32\KERNELBASE.dll
0x00007ffa297f0000 - 0x00007ffa29892000 	C:\WINDOWS\System32\ADVAPI32.dll
0x00007ffa26e70000 - 0x00007ffa26f0e000 	C:\WINDOWS\System32\msvcrt.dll
0x00007ffa28dd0000 - 0x00007ffa28e29000 	C:\WINDOWS\System32\sechost.dll
0x00007ffa272a0000 - 0x00007ffa273c1000 	C:\WINDOWS\System32\RPCRT4.dll
0x00007ffa27740000 - 0x00007ffa278a5000 	C:\WINDOWS\System32\USER32.dll
0x00007ffa26950000 - 0x00007ffa2696e000 	C:\WINDOWS\System32\win32u.dll
0x00007ffa298a0000 - 0x00007ffa298d4000 	C:\WINDOWS\System32\GDI32.dll
0x00007ffa26970000 - 0x00007ffa26af2000 	C:\WINDOWS\System32\gdi32full.dll
0x00007ffa19b40000 - 0x00007ffa19db9000 	C:\WINDOWS\WinSxS\amd64_microsoft.windows.common-controls_6595b64144ccf1df_6.0.14393.0_none_2d0f50fcbdb171b8\COMCTL32.dll
0x00007ffa26f20000 - 0x00007ffa271e7000 	C:\WINDOWS\System32\combase.dll
0x00007ffa25e40000 - 0x00007ffa25f35000 	C:\WINDOWS\System32\ucrtbase.dll
0x00007ffa25dd0000 - 0x00007ffa25e3a000 	C:\WINDOWS\System32\bcryptPrimitives.dll
0x00007ffa295b0000 - 0x00007ffa295de000 	C:\WINDOWS\System32\IMM32.DLL
0x0000000056780000 - 0x0000000056852000 	C:\Program Files\Java\jdk1.8.0_31\jre\bin\msvcr100.dll
0x0000000055f20000 - 0x000000005677a000 	C:\Program Files\Java\jdk1.8.0_31\jre\bin\server\jvm.dll
0x00007ffa26f10000 - 0x00007ffa26f18000 	C:\WINDOWS\System32\PSAPI.DLL
0x00007ffa19980000 - 0x00007ffa19989000 	C:\WINDOWS\SYSTEM32\WSOCK32.dll
0x00007ffa295e0000 - 0x00007ffa2964a000 	C:\WINDOWS\System32\WS2_32.dll
0x00007ffa23fa0000 - 0x00007ffa23fc3000 	C:\WINDOWS\SYSTEM32\WINMM.dll
0x00007ffa23f20000 - 0x00007ffa23f4b000 	C:\WINDOWS\SYSTEM32\WINMMBASE.dll
0x00007ffa26900000 - 0x00007ffa26942000 	C:\WINDOWS\System32\cfgmgr32.dll
0x0000000055f10000 - 0x0000000055f1f000 	C:\Program Files\Java\jdk1.8.0_31\jre\bin\verify.dll
0x0000000055ee0000 - 0x0000000055f08000 	C:\Program Files\Java\jdk1.8.0_31\jre\bin\java.dll
0x0000000055ec0000 - 0x0000000055ed6000 	C:\Program Files\Java\jdk1.8.0_31\jre\bin\zip.dll
0x00007ffa278c0000 - 0x00007ffa28dc8000 	C:\WINDOWS\System32\SHELL32.dll
0x00007ffa25f40000 - 0x00007ffa2661a000 	C:\WINDOWS\System32\windows.storage.dll
0x00007ffa25d70000 - 0x00007ffa25dbc000 	C:\WINDOWS\System32\powrprof.dll
0x00007ffa29480000 - 0x00007ffa294d2000 	C:\WINDOWS\System32\shlwapi.dll
0x00007ffa25d60000 - 0x00007ffa25d6f000 	C:\WINDOWS\System32\kernel.appcore.dll
0x00007ffa26b00000 - 0x00007ffa26ba9000 	C:\WINDOWS\System32\shcore.dll
0x00007ffa25d40000 - 0x00007ffa25d54000 	C:\WINDOWS\System32\profapi.dll
0x00007ffa1acd0000 - 0x00007ffa1ae62000 	C:\WINDOWS\SYSTEM32\dbghelp.dll

VM Arguments:
jvm_args: -Djava.awt.headless=true -Xmx1024M -Dfile.encoding=GBK -Duser.country=US -Duser.language=en -Duser.variant 
java_command: com.android.dx.command.Main --dex --force-jumbo --num-threads=4 --multi-dex --output C:\Users\WS\AndroidStudioProjects\sql1234\app\build\intermediates\transforms\dex\debug\folders\1000\10\internal_impl-23.4.0_0257848ccb4267a819ac440b8942017ebe09f1fc C:\Users\WS\AndroidStudioProjects\sql1234\app\build\intermediates\exploded-aar\com.android.support\support-v4\23.4.0\jars\libs\internal_impl-23.4.0.jar
java_class_path (initial): C:\Users\WS\AppData\Local\Android\sdk\build-tools\23.0.3\lib\dx.jar
Launcher Type: SUN_STANDARD

Environment Variables:
PATH=C:\Program Files (x86)\Razer Chroma SDK\bin;C:\Program Files\Razer Chroma SDK\bin;C:\Program Files (x86)\Intel\iCLS Client\;C:\Program Files\Intel\iCLS Client\;C:\ProgramData\Oracle\Java\javapath;C:\Windows\system32;C:\Windows;C:\Windows\System32\Wbem;C:\Windows\System32\WindowsPowerShell\v1.0\;C:\Program Files (x86)\NVIDIA Corporation\PhysX\Common;C:\Users\WS\.dnx\bin;C:\Program Files\Microsoft DNX\Dnvm\;C:\Program Files\Microsoft SQL Server\120\Tools\Binn\;C:\Program Files (x86)\Skype\Phone\;C:\Program Files (x86)\QuickTime\QTSystem\;C:\WINDOWS\system32;C:\WINDOWS;C:\WINDOWS\System32\Wbem;C:\WINDOWS\System32\WindowsPowerShell\v1.0\;C:\Program Files (x86)\Intel\Intel(R) Management Engine Components\DAL;C:\Program Files\Intel\Intel(R) Management Engine Components\DAL;C:\Program Files (x86)\Intel\Intel(R) Management Engine Components\IPT;C:\Program Files\Intel\Intel(R) Management Engine Components\IPT;C:\Program Files\Git\cmd;C:\Program Files\Java\jdk1.8.0_77\bin;C:\Users\WS\AppData\Local\Microsoft\WindowsApps;C:\Program Files\Java\jdk1.8.0_77\bin;%USERPROFILE%\AppData\Local\Microsoft\WindowsApps;
USERNAME=WS
OS=Windows_NT
PROCESSOR_IDENTIFIER=Intel64 Family 6 Model 60 Stepping 3, GenuineIntel



---------------  S Y S T E M  ---------------

OS: Windows 8.1 , 64 bit Build 9600 

CPU:total 8 (4 cores per cpu, 2 threads per core) family 6 model 60 stepping 3, cmov, cx8, fxsr, mmx, sse, sse2, sse3, ssse3, sse4.1, sse4.2, popcnt, avx, avx2, aes, clmul, erms, lzcnt, ht, tsc, tscinvbit, bmi1, bmi2

Memory: 4k page, physical 8305768k(478108k free), swap 12010404k(3372k free)

vm_info: Java HotSpot(TM) 64-Bit Server VM (25.31-b07) for windows-amd64 JRE (1.8.0_31-b13), built on Dec 17 2014 21:00:28 by "java_re" with MS VC++ 10.0 (VS2010)

time: Sun Nov 20 16:02:07 2016
elapsed time: 3 seconds (0d 0h 0m 3s)

